[0.011s] Invoking command in '/home/apo/ProLab/build/particle_filter_node': CMAKE_PREFIX_PATH=${CMAKE_PREFIX_PATH}:/opt/ros/jazzy DEBUGINFOD_URLS=https://debuginfod.ubuntu.com /usr/bin/cmake --build /home/apo/ProLab/build/particle_filter_node -- -j12 -l12
[0.071s] [ 50%] Built target pf_node
[0.071s] [ 50%] Built target kf_node
[0.071s] [ 75%] Built target ekf_node
[0.076s] [ 87%] [32mBuilding CXX object CMakeFiles/pattern_node.dir/src/pattern.cpp.o[0m
[3.826s] [100%] [32m[1mLinking CXX executable pattern_node[0m
[3.988s] [100%] Built target pattern_node
[4.001s] Invoked command in '/home/apo/ProLab/build/particle_filter_node' returned '0': CMAKE_PREFIX_PATH=${CMAKE_PREFIX_PATH}:/opt/ros/jazzy DEBUGINFOD_URLS=https://debuginfod.ubuntu.com /usr/bin/cmake --build /home/apo/ProLab/build/particle_filter_node -- -j12 -l12
[4.011s] Invoking command in '/home/apo/ProLab/build/particle_filter_node': CMAKE_PREFIX_PATH=${CMAKE_PREFIX_PATH}:/opt/ros/jazzy DEBUGINFOD_URLS=https://debuginfod.ubuntu.com /usr/bin/cmake --install /home/apo/ProLab/build/particle_filter_node
[4.020s] -- Install configuration: ""
[4.020s] -- Up-to-date: /home/apo/ProLab/install/particle_filter_node/lib/particle_filter_node/pf_node
[4.021s] -- Up-to-date: /home/apo/ProLab/install/particle_filter_node/lib/particle_filter_node/kf_node
[4.021s] -- Up-to-date: /home/apo/ProLab/install/particle_filter_node/lib/particle_filter_node/ekf_node
[4.021s] -- Installing: /home/apo/ProLab/install/particle_filter_node/lib/particle_filter_node/pattern_node
[4.023s] -- Set non-toolchain portion of runtime path of "/home/apo/ProLab/install/particle_filter_node/lib/particle_filter_node/pattern_node" to ""
[4.023s] -- Up-to-date: /home/apo/ProLab/install/particle_filter_node/share/particle_filter_node//launch
[4.024s] -- Up-to-date: /home/apo/ProLab/install/particle_filter_node/share/particle_filter_node//launch/start.launch.py
[4.024s] -- Up-to-date: /home/apo/ProLab/install/particle_filter_node/share/ament_index/resource_index/package_run_dependencies/particle_filter_node
[4.024s] -- Up-to-date: /home/apo/ProLab/install/particle_filter_node/share/ament_index/resource_index/parent_prefix_path/particle_filter_node
[4.024s] -- Up-to-date: /home/apo/ProLab/install/particle_filter_node/share/particle_filter_node/environment/ament_prefix_path.sh
[4.024s] -- Up-to-date: /home/apo/ProLab/install/particle_filter_node/share/particle_filter_node/environment/ament_prefix_path.dsv
[4.024s] -- Up-to-date: /home/apo/ProLab/install/particle_filter_node/share/particle_filter_node/environment/path.sh
[4.024s] -- Up-to-date: /home/apo/ProLab/install/particle_filter_node/share/particle_filter_node/environment/path.dsv
[4.024s] -- Up-to-date: /home/apo/ProLab/install/particle_filter_node/share/particle_filter_node/local_setup.bash
[4.024s] -- Up-to-date: /home/apo/ProLab/install/particle_filter_node/share/particle_filter_node/local_setup.sh
[4.024s] -- Up-to-date: /home/apo/ProLab/install/particle_filter_node/share/particle_filter_node/local_setup.zsh
[4.025s] -- Up-to-date: /home/apo/ProLab/install/particle_filter_node/share/particle_filter_node/local_setup.dsv
[4.025s] -- Installing: /home/apo/ProLab/install/particle_filter_node/share/particle_filter_node/package.dsv
[4.025s] -- Up-to-date: /home/apo/ProLab/install/particle_filter_node/share/ament_index/resource_index/packages/particle_filter_node
[4.025s] -- Up-to-date: /home/apo/ProLab/install/particle_filter_node/share/particle_filter_node/cmake/particle_filter_nodeConfig.cmake
[4.025s] -- Up-to-date: /home/apo/ProLab/install/particle_filter_node/share/particle_filter_node/cmake/particle_filter_nodeConfig-version.cmake
[4.025s] -- Up-to-date: /home/apo/ProLab/install/particle_filter_node/share/particle_filter_node/package.xml
[4.026s] Invoked command in '/home/apo/ProLab/build/particle_filter_node' returned '0': CMAKE_PREFIX_PATH=${CMAKE_PREFIX_PATH}:/opt/ros/jazzy DEBUGINFOD_URLS=https://debuginfod.ubuntu.com /usr/bin/cmake --install /home/apo/ProLab/build/particle_filter_node
