In file included from [01m[K/home/apo/turtlebot3_localization_project/src/extended_kalman_filter.cpp:1[m[K:
[01m[K/home/apo/turtlebot3_localization_project/include/turtlebot3_localization/extended_kalman_filter.hpp:13:22:[m[K [01;31m[Kerror: [m[K‘[01m[Ksensor_msgs[m[K’ does not name a type
   13 |   void correct(const [01;31m[Ksensor_msgs[m[K::msg::Imu::ConstSharedPtr& imu_msg,
      |                      [01;31m[K^~~~~~~~~~~[m[K
[01m[K/home/apo/turtlebot3_localization_project/include/turtlebot3_localization/extended_kalman_filter.hpp:13:38:[m[K [01;31m[Kerror: [m[Kexpected unqualified-id before ‘[01m[K::[m[K’ token
   13 |   void correct(const sensor_msgs::msg[01;31m[K::[m[KImu::ConstSharedPtr& imu_msg,
      |                                      [01;31m[K^~[m[K
[01m[K/home/apo/turtlebot3_localization_project/include/turtlebot3_localization/extended_kalman_filter.hpp:13:38:[m[K [01;31m[Kerror: [m[Kexpected ‘[01m[K)[m[K’ before ‘[01m[K::[m[K’ token
   13 |   void correct[34m[K([m[Kconst sensor_msgs::msg[01;31m[K:[m[K[32m[K:[m[KImu::ConstSharedPtr& imu_msg,
      |               [34m[K~[m[K                      [01;31m[K^[m[K[32m[K~[m[K
      |                                      [32m[K)[m[K
[01m[K/home/apo/turtlebot3_localization_project/include/turtlebot3_localization/extended_kalman_filter.hpp:13:35:[m[K [01;31m[Kerror: [m[Kexpected ‘[01m[K;[m[K’ at end of member declaration
   13 |   void correct(const sensor_msgs::[01;31m[Kmsg[m[K::Imu::ConstSharedPtr& imu_msg,
      |                                   [01;31m[K^~~[m[K
      |                                      [32m[K;[m[K
[01m[K/home/apo/turtlebot3_localization_project/include/turtlebot3_localization/extended_kalman_filter.hpp:13:40:[m[K [01;31m[Kerror: [m[K‘[01m[KImu[m[K’ in namespace ‘[01m[K::[m[K’ does not name a type
   13 |   void correct(const sensor_msgs::msg::[01;31m[KImu[m[K::ConstSharedPtr& imu_msg,
      |                                        [01;31m[K^~~[m[K
[01m[K/home/apo/turtlebot3_localization_project/src/extended_kalman_filter.cpp:31:6:[m[K [01;31m[Kerror: [m[Kno declaration matches ‘[01m[Kvoid ExtendedKalmanFilter::[01;32m[Kcorrect[m[K(const sensor_msgs::msg::Imu_<std::allocator<void> >::ConstSharedPtr&, const sensor_msgs::msg::JointState_<std::allocator<void> >::ConstSharedPtr&)[m[K’
   31 | void [01;31m[KExtendedKalmanFilter[m[K::correct(
      |      [01;31m[K^~~~~~~~~~~~~~~~~~~~[m[K
[01m[K/home/apo/turtlebot3_localization_project/include/turtlebot3_localization/extended_kalman_filter.hpp:13:8:[m[K [01;36m[Knote: [m[Kcandidate is: ‘[01m[Kvoid ExtendedKalmanFilter::[01;32m[Kcorrect[m[K(...)[m[K’
   13 |   void [01;36m[Kcorrect[m[K(const sensor_msgs::msg::Imu::ConstSharedPtr& imu_msg,
      |        [01;36m[K^~~~~~~[m[K
[01m[K/home/apo/turtlebot3_localization_project/include/turtlebot3_localization/extended_kalman_filter.hpp:8:7:[m[K [01;36m[Knote: [m[K‘[01m[Kclass ExtendedKalmanFilter[m[K’ defined here
    8 | class [01;36m[KExtendedKalmanFilter[m[K {
      |       [01;36m[K^~~~~~~~~~~~~~~~~~~~[m[K
gmake[2]: *** [CMakeFiles/ekf_node.dir/build.make:90: CMakeFiles/ekf_node.dir/src/extended_kalman_filter.cpp.o] Error 1
gmake[2]: *** Waiting for unfinished jobs....
gmake[1]: *** [CMakeFiles/Makefile2:165: CMakeFiles/ekf_node.dir/all] Error 2
gmake: *** [Makefile:146: all] Error 2
