[0.011s] Invoking command in '/home/apo/ProLab/build/particle_filter_node': CMAKE_PREFIX_PATH=${CMAKE_PREFIX_PATH}:/opt/ros/jazzy DEBUGINFOD_URLS=https://debuginfod.ubuntu.com /usr/bin/cmake /home/apo/ProLab -DCMAKE_INSTALL_PREFIX=/home/apo/ProLab/install/particle_filter_node
[0.061s] -- The C compiler identification is GNU 13.3.0
[0.110s] -- The CXX compiler identification is GNU 13.3.0
[0.126s] -- Detecting C compiler ABI info
[0.211s] -- Detecting C compiler ABI info - done
[0.218s] -- Check for working C compiler: /usr/bin/cc - skipped
[0.218s] -- Detecting C compile features
[0.219s] -- Detecting C compile features - done
[0.228s] -- Detecting CXX compiler ABI info
[0.326s] -- Detecting CXX compiler ABI info - done
[0.334s] -- Check for working CXX compiler: /usr/bin/c++ - skipped
[0.334s] -- Detecting CXX compile features
[0.335s] -- Detecting CXX compile features - done
[0.339s] -- Found ament_cmake: 2.5.4 (/opt/ros/jazzy/share/ament_cmake/cmake)
[0.482s] -- Found Python3: /usr/bin/python3 (found version "3.12.3") found components: Interpreter 
[0.600s] -- Found rclcpp: 28.1.9 (/opt/ros/jazzy/share/rclcpp/cmake)
[0.657s] -- Found rosidl_generator_c: 4.6.5 (/opt/ros/jazzy/share/rosidl_generator_c/cmake)
[0.675s] -- Found rosidl_generator_cpp: 4.6.5 (/opt/ros/jazzy/share/rosidl_generator_cpp/cmake)
[0.696s] -- Using all available rosidl_typesupport_c: rosidl_typesupport_fastrtps_c;rosidl_typesupport_introspection_c
[0.719s] -- Using all available rosidl_typesupport_cpp: rosidl_typesupport_fastrtps_cpp;rosidl_typesupport_introspection_cpp
[0.810s] -- Found rmw_implementation_cmake: 7.3.2 (/opt/ros/jazzy/share/rmw_implementation_cmake/cmake)
[0.814s] -- Found rmw_fastrtps_cpp: 8.4.2 (/opt/ros/jazzy/share/rmw_fastrtps_cpp/cmake)
[0.911s] -- Found OpenSSL: /usr/lib/x86_64-linux-gnu/libcrypto.so (found version "3.0.13")  
[0.929s] -- Found FastRTPS: /opt/ros/jazzy/include (Required is at least version "2.13") 
[0.949s] -- Using RMW implementation 'rmw_fastrtps_cpp' as default
[1.040s] -- Found rclcpp_action: 28.1.9 (/opt/ros/jazzy/share/rclcpp_action/cmake)
[1.096s] -- Found geometry_msgs: 5.3.6 (/opt/ros/jazzy/share/geometry_msgs/cmake)
[1.135s] -- Found nav_msgs: 5.3.6 (/opt/ros/jazzy/share/nav_msgs/cmake)
[1.164s] -- Found sensor_msgs: 5.3.6 (/opt/ros/jazzy/share/sensor_msgs/cmake)
[1.189s] -- Found message_filters: 4.11.6 (/opt/ros/jazzy/share/message_filters/cmake)
[1.196s] -- Found nav2_msgs: 1.3.7 (/opt/ros/jazzy/share/nav2_msgs/cmake)
[1.371s] -- Configuring done (1.4s)
[1.387s] -- Generating done (0.0s)
[1.392s] -- Build files have been written to: /home/apo/ProLab/build/particle_filter_node
[1.402s] Invoked command in '/home/apo/ProLab/build/particle_filter_node' returned '0': CMAKE_PREFIX_PATH=${CMAKE_PREFIX_PATH}:/opt/ros/jazzy DEBUGINFOD_URLS=https://debuginfod.ubuntu.com /usr/bin/cmake /home/apo/ProLab -DCMAKE_INSTALL_PREFIX=/home/apo/ProLab/install/particle_filter_node
[1.403s] Invoking command in '/home/apo/ProLab/build/particle_filter_node': CMAKE_PREFIX_PATH=${CMAKE_PREFIX_PATH}:/opt/ros/jazzy DEBUGINFOD_URLS=https://debuginfod.ubuntu.com /usr/bin/cmake --build /home/apo/ProLab/build/particle_filter_node -- -j12 -l12
[1.457s] [ 50%] [32mBuilding CXX object CMakeFiles/pf_node.dir/src/pf.cpp.o[0m
[1.457s] [ 50%] [32mBuilding CXX object CMakeFiles/waypoint_navigator_node.dir/src/waypoint_navigator.cpp.o[0m
[3.524s] [01m[K/home/apo/ProLab/src/pf.cpp:[m[K In member function ‘[01m[Kvoid ParticleFilterNode::[01;32m[Kcorrect[m[K(double, double)[m[K’:
[3.524s] [01m[K/home/apo/ProLab/src/pf.cpp:119:25:[m[K [01;35m[Kwarning: [m[Kunused parameter ‘[01m[Kv_meas[m[K’ [[01;35m[K]8;;https://gcc.gnu.org/onlinedocs/gcc/Warning-Options.html#index-Wunused-parameter-Wunused-parameter]8;;[m[K]
[3.524s]   119 |     void correct([01;35m[Kdouble v_meas[m[K, double omega_meas) {
[3.524s]       |                  [01;35m[K~~~~~~~^~~~~~[m[K
[3.524s] [01m[K/home/apo/ProLab/src/pf.cpp:119:40:[m[K [01;35m[Kwarning: [m[Kunused parameter ‘[01m[Komega_meas[m[K’ [[01;35m[K]8;;https://gcc.gnu.org/onlinedocs/gcc/Warning-Options.html#index-Wunused-parameter-Wunused-parameter]8;;[m[K]
[3.524s]   119 |     void correct(double v_meas, [01;35m[Kdouble omega_meas[m[K) {
[3.524s]       |                                 [01;35m[K~~~~~~~^~~~~~~~~~[m[K
[5.005s] [ 75%] [32m[1mLinking CXX executable waypoint_navigator_node[0m
[5.192s] [ 75%] Built target waypoint_navigator_node
[12.258s] [100%] [32m[1mLinking CXX executable pf_node[0m
[12.650s] [100%] Built target pf_node
[12.662s] Invoked command in '/home/apo/ProLab/build/particle_filter_node' returned '0': CMAKE_PREFIX_PATH=${CMAKE_PREFIX_PATH}:/opt/ros/jazzy DEBUGINFOD_URLS=https://debuginfod.ubuntu.com /usr/bin/cmake --build /home/apo/ProLab/build/particle_filter_node -- -j12 -l12
[12.672s] Invoking command in '/home/apo/ProLab/build/particle_filter_node': CMAKE_PREFIX_PATH=${CMAKE_PREFIX_PATH}:/opt/ros/jazzy DEBUGINFOD_URLS=https://debuginfod.ubuntu.com /usr/bin/cmake --install /home/apo/ProLab/build/particle_filter_node
[12.680s] -- Install configuration: ""
[12.680s] -- Installing: /home/apo/ProLab/install/particle_filter_node/lib/particle_filter_node/pf_node
[12.689s] -- Set non-toolchain portion of runtime path of "/home/apo/ProLab/install/particle_filter_node/lib/particle_filter_node/pf_node" to ""
[12.689s] -- Installing: /home/apo/ProLab/install/particle_filter_node/lib/particle_filter_node/waypoint_navigator_node
[12.690s] -- Set non-toolchain portion of runtime path of "/home/apo/ProLab/install/particle_filter_node/lib/particle_filter_node/waypoint_navigator_node" to ""
[12.690s] -- Installing: /home/apo/ProLab/install/particle_filter_node/share/particle_filter_node//launch
[12.690s] -- Installing: /home/apo/ProLab/install/particle_filter_node/share/particle_filter_node//launch/start.launch.py
[12.690s] -- Installing: /home/apo/ProLab/install/particle_filter_node/share/particle_filter_node//config
[12.691s] -- Installing: /home/apo/ProLab/install/particle_filter_node/share/particle_filter_node//config/filter_params.yaml
[12.691s] -- Installing: /home/apo/ProLab/install/particle_filter_node/share/ament_index/resource_index/package_run_dependencies/particle_filter_node
[12.691s] -- Installing: /home/apo/ProLab/install/particle_filter_node/share/ament_index/resource_index/parent_prefix_path/particle_filter_node
[12.691s] -- Installing: /home/apo/ProLab/install/particle_filter_node/share/particle_filter_node/environment/ament_prefix_path.sh
[12.691s] -- Installing: /home/apo/ProLab/install/particle_filter_node/share/particle_filter_node/environment/ament_prefix_path.dsv
[12.691s] -- Installing: /home/apo/ProLab/install/particle_filter_node/share/particle_filter_node/environment/path.sh
[12.691s] -- Installing: /home/apo/ProLab/install/particle_filter_node/share/particle_filter_node/environment/path.dsv
[12.692s] -- Installing: /home/apo/ProLab/install/particle_filter_node/share/particle_filter_node/local_setup.bash
[12.692s] -- Installing: /home/apo/ProLab/install/particle_filter_node/share/particle_filter_node/local_setup.sh
[12.692s] -- Installing: /home/apo/ProLab/install/particle_filter_node/share/particle_filter_node/local_setup.zsh
[12.692s] -- Installing: /home/apo/ProLab/install/particle_filter_node/share/particle_filter_node/local_setup.dsv
[12.692s] -- Installing: /home/apo/ProLab/install/particle_filter_node/share/particle_filter_node/package.dsv
[12.692s] -- Installing: /home/apo/ProLab/install/particle_filter_node/share/ament_index/resource_index/packages/particle_filter_node
[12.692s] -- Installing: /home/apo/ProLab/install/particle_filter_node/share/particle_filter_node/cmake/particle_filter_nodeConfig.cmake
[12.693s] -- Installing: /home/apo/ProLab/install/particle_filter_node/share/particle_filter_node/cmake/particle_filter_nodeConfig-version.cmake
[12.693s] -- Installing: /home/apo/ProLab/install/particle_filter_node/share/particle_filter_node/package.xml
[12.694s] Invoked command in '/home/apo/ProLab/build/particle_filter_node' returned '0': CMAKE_PREFIX_PATH=${CMAKE_PREFIX_PATH}:/opt/ros/jazzy DEBUGINFOD_URLS=https://debuginfod.ubuntu.com /usr/bin/cmake --install /home/apo/ProLab/build/particle_filter_node
