[01m[K/home/apo/turtlebot3_localization_project/src/ekf_node.cpp:[m[K In member function ‘[01m[Kvoid EKFNode::[01;32m[KsensorCallback[m[K(sensor_msgs::msg::Imu_<std::allocator<void> >::ConstSharedPtr, sensor_msgs::msg::JointState_<std::allocator<void> >::ConstSharedPtr)[m[K’:
[01m[K/home/apo/turtlebot3_localization_project/src/ekf_node.cpp:62:22:[m[K [01;31m[Kerror: [m[Kno matching function for call to ‘[01m[KExtendedKalmanFilter::predict(double&)[m[K’
   62 |         [01;31m[Kekf_->predict(dt)[m[K;
      |         [01;31m[K~~~~~~~~~~~~~^~~~[m[K
In file included from [01m[K/home/apo/turtlebot3_localization_project/src/ekf_node.cpp:9[m[K:
[01m[K/home/apo/turtlebot3_localization_project/include/turtlebot3_localization/extended_kalman_filter.hpp:11:10:[m[K [01;36m[Knote: [m[Kcandidate: ‘[01m[Kvoid ExtendedKalmanFilter::[01;32m[Kpredict[m[K(const rclcpp::Time&, double)[m[K’
   11 |     void [01;36m[Kpredict[m[K(const rclcpp::Time& now, double dt);
      |          [01;36m[K^~~~~~~[m[K
[01m[K/home/apo/turtlebot3_localization_project/include/turtlebot3_localization/extended_kalman_filter.hpp:11:10:[m[K [01;36m[Knote: [m[K  candidate expects 2 arguments, 1 provided
[01m[K/home/apo/turtlebot3_localization_project/src/ekf_node.cpp:63:22:[m[K [01;31m[Kerror: [m[Kno matching function for call to ‘[01m[KExtendedKalmanFilter::correct(const sensor_msgs::msg::Imu_<std::allocator<void> >::ConstSharedPtr&, const sensor_msgs::msg::JointState_<std::allocator<void> >::ConstSharedPtr&)[m[K’
   63 |         [01;31m[Kekf_->correct(imu_msg, joint_msg)[m[K;
      |         [01;31m[K~~~~~~~~~~~~~^~~~~~~~~~~~~~~~~~~~[m[K
[01m[K/home/apo/turtlebot3_localization_project/include/turtlebot3_localization/extended_kalman_filter.hpp:12:10:[m[K [01;36m[Knote: [m[Kcandidate: ‘[01m[Kvoid ExtendedKalmanFilter::[01;32m[Kcorrect[m[K(const Eigen::Vector3d&)[m[K’
   12 |     void [01;36m[Kcorrect[m[K(const Eigen::Vector3d& z);
      |          [01;36m[K^~~~~~~[m[K
[01m[K/home/apo/turtlebot3_localization_project/include/turtlebot3_localization/extended_kalman_filter.hpp:12:10:[m[K [01;36m[Knote: [m[K  candidate expects 1 argument, 2 provided
[01m[K/home/apo/turtlebot3_localization_project/src/ekf_node.cpp:65:33:[m[K [01;31m[Kerror: [m[K‘[01m[Kclass ExtendedKalmanFilter[m[K’ has no member named ‘[01m[KgetPrediction[m[K’
   65 |         auto prediction = ekf_->[01;31m[KgetPrediction[m[K();
      |                                 [01;31m[K^~~~~~~~~~~~~[m[K
gmake[2]: *** [CMakeFiles/ekf_node.dir/build.make:76: CMakeFiles/ekf_node.dir/src/ekf_node.cpp.o] Error 1
gmake[1]: *** [CMakeFiles/Makefile2:165: CMakeFiles/ekf_node.dir/all] Error 2
gmake: *** [Makefile:146: all] Error 2
