-- The C compiler identification is GNU 13.3.0
-- The CXX compiler identification is GNU 13.3.0
-- Detecting C compiler ABI info
-- Detecting C compiler ABI info - done
-- Check for working C compiler: /usr/bin/cc - skipped
-- Detecting C compile features
-- Detecting C compile features - done
-- Detecting CXX compiler ABI info
-- Detecting CXX compiler ABI info - done
-- Check for working CXX compiler: /usr/bin/c++ - skipped
-- Detecting CXX compile features
-- Detecting CXX compile features - done
-- Found ament_cmake: 2.5.4 (/opt/ros/jazzy/share/ament_cmake/cmake)
-- Found Python3: /usr/bin/python3 (found version "3.12.3") found components: Interpreter 
-- Found rclcpp: 28.1.9 (/opt/ros/jazzy/share/rclcpp/cmake)
-- Found rosidl_generator_c: 4.6.5 (/opt/ros/jazzy/share/rosidl_generator_c/cmake)
-- Found rosidl_generator_cpp: 4.6.5 (/opt/ros/jazzy/share/rosidl_generator_cpp/cmake)
-- Using all available rosidl_typesupport_c: rosidl_typesupport_fastrtps_c;rosidl_typesupport_introspection_c
-- Using all available rosidl_typesupport_cpp: rosidl_typesupport_fastrtps_cpp;rosidl_typesupport_introspection_cpp
-- Found rmw_implementation_cmake: 7.3.2 (/opt/ros/jazzy/share/rmw_implementation_cmake/cmake)
-- Found rmw_fastrtps_cpp: 8.4.2 (/opt/ros/jazzy/share/rmw_fastrtps_cpp/cmake)
-- Found OpenSSL: /usr/lib/x86_64-linux-gnu/libcrypto.so (found version "3.0.13")  
-- Found FastRTPS: /opt/ros/jazzy/include (Required is at least version "2.13") 
-- Using RMW implementation 'rmw_fastrtps_cpp' as default
-- Found geometry_msgs: 5.3.6 (/opt/ros/jazzy/share/geometry_msgs/cmake)
-- Found sensor_msgs: 5.3.6 (/opt/ros/jazzy/share/sensor_msgs/cmake)
-- Found nav_msgs: 5.3.6 (/opt/ros/jazzy/share/nav_msgs/cmake)
-- Found message_filters: 4.11.6 (/opt/ros/jazzy/share/message_filters/cmake)
-- Found tf2: 0.36.11 (/opt/ros/jazzy/share/tf2/cmake)
-- Found tf2_geometry_msgs: 0.36.11 (/opt/ros/jazzy/share/tf2_geometry_msgs/cmake)
-- Found eigen3_cmake_module: 0.3.0 (/opt/ros/jazzy/share/eigen3_cmake_module/cmake)
-- Found Eigen3: TRUE (found version "3.4.0") 
-- Ensuring Eigen3 include directory is part of orocos-kdl CMake target
-- Configuring done (1.8s)
-- Generating done (0.0s)
-- Build files have been written to: /home/apo/turtlebot3_localization_project/build/turtlebot3_localization
[ 66%] [32mBuilding CXX object CMakeFiles/main_filter_node.dir/src/main_filter_node.cpp.o[0m
[ 66%] [32mBuilding CXX object CMakeFiles/main_filter_node.dir/src/kalman_filter.cpp.o[0m
[100%] [32m[1mLinking CXX executable main_filter_node[0m
[100%] Built target main_filter_node
-- Install configuration: ""
-- Installing: /home/apo/turtlebot3_localization_project/install/turtlebot3_localization/lib/turtlebot3_localization/main_filter_node
-- Set non-toolchain portion of runtime path of "/home/apo/turtlebot3_localization_project/install/turtlebot3_localization/lib/turtlebot3_localization/main_filter_node" to ""
-- Installing: /home/apo/turtlebot3_localization_project/install/turtlebot3_localization/share/turtlebot3_localization//launch
-- Installing: /home/apo/turtlebot3_localization_project/install/turtlebot3_localization/share/turtlebot3_localization//launch/waypoints.launch.py
-- Installing: /home/apo/turtlebot3_localization_project/install/turtlebot3_localization/share/turtlebot3_localization//launch/start_sim.launch.py
-- Installing: /home/apo/turtlebot3_localization_project/install/turtlebot3_localization/share/turtlebot3_localization//config
-- Installing: /home/apo/turtlebot3_localization_project/install/turtlebot3_localization/share/turtlebot3_localization//config/filter_params.yaml
-- Installing: /home/apo/turtlebot3_localization_project/install/turtlebot3_localization/share/turtlebot3_localization//maps
-- Installing: /home/apo/turtlebot3_localization_project/install/turtlebot3_localization/share/turtlebot3_localization//maps/map.yaml
-- Installing: /home/apo/turtlebot3_localization_project/install/turtlebot3_localization/share/turtlebot3_localization//rviz
-- Installing: /home/apo/turtlebot3_localization_project/install/turtlebot3_localization/share/turtlebot3_localization//rviz/rviz_config.rviz
-- Installing: /home/apo/turtlebot3_localization_project/install/turtlebot3_localization/share/ament_index/resource_index/package_run_dependencies/turtlebot3_localization
-- Installing: /home/apo/turtlebot3_localization_project/install/turtlebot3_localization/share/ament_index/resource_index/parent_prefix_path/turtlebot3_localization
-- Installing: /home/apo/turtlebot3_localization_project/install/turtlebot3_localization/share/turtlebot3_localization/environment/ament_prefix_path.sh
-- Installing: /home/apo/turtlebot3_localization_project/install/turtlebot3_localization/share/turtlebot3_localization/environment/ament_prefix_path.dsv
-- Installing: /home/apo/turtlebot3_localization_project/install/turtlebot3_localization/share/turtlebot3_localization/environment/path.sh
-- Installing: /home/apo/turtlebot3_localization_project/install/turtlebot3_localization/share/turtlebot3_localization/environment/path.dsv
-- Installing: /home/apo/turtlebot3_localization_project/install/turtlebot3_localization/share/turtlebot3_localization/local_setup.bash
-- Installing: /home/apo/turtlebot3_localization_project/install/turtlebot3_localization/share/turtlebot3_localization/local_setup.sh
-- Installing: /home/apo/turtlebot3_localization_project/install/turtlebot3_localization/share/turtlebot3_localization/local_setup.zsh
-- Installing: /home/apo/turtlebot3_localization_project/install/turtlebot3_localization/share/turtlebot3_localization/local_setup.dsv
-- Installing: /home/apo/turtlebot3_localization_project/install/turtlebot3_localization/share/turtlebot3_localization/package.dsv
-- Installing: /home/apo/turtlebot3_localization_project/install/turtlebot3_localization/share/ament_index/resource_index/packages/turtlebot3_localization
-- Installing: /home/apo/turtlebot3_localization_project/install/turtlebot3_localization/share/turtlebot3_localization/cmake/turtlebot3_localizationConfig.cmake
-- Installing: /home/apo/turtlebot3_localization_project/install/turtlebot3_localization/share/turtlebot3_localization/cmake/turtlebot3_localizationConfig-version.cmake
-- Installing: /home/apo/turtlebot3_localization_project/install/turtlebot3_localization/share/turtlebot3_localization/package.xml
