-- Found ament_cmake: 2.5.4 (/opt/ros/jazzy/share/ament_cmake/cmake)
-- Found rclcpp: 28.1.9 (/opt/ros/jazzy/share/rclcpp/cmake)
-- Found rosidl_generator_c: 4.6.5 (/opt/ros/jazzy/share/rosidl_generator_c/cmake)
-- Found rosidl_generator_cpp: 4.6.5 (/opt/ros/jazzy/share/rosidl_generator_cpp/cmake)
-- Using all available rosidl_typesupport_c: rosidl_typesupport_fastrtps_c;rosidl_typesupport_introspection_c
-- Using all available rosidl_typesupport_cpp: rosidl_typesupport_fastrtps_cpp;rosidl_typesupport_introspection_cpp
-- Found rmw_implementation_cmake: 7.3.2 (/opt/ros/jazzy/share/rmw_implementation_cmake/cmake)
-- Found rmw_fastrtps_cpp: 8.4.2 (/opt/ros/jazzy/share/rmw_fastrtps_cpp/cmake)
-- Using RMW implementation 'rmw_fastrtps_cpp' as default
-- Found rclcpp_action: 28.1.9 (/opt/ros/jazzy/share/rclcpp_action/cmake)
-- Found geometry_msgs: 5.3.6 (/opt/ros/jazzy/share/geometry_msgs/cmake)
-- Found nav_msgs: 5.3.6 (/opt/ros/jazzy/share/nav_msgs/cmake)
-- Found sensor_msgs: 5.3.6 (/opt/ros/jazzy/share/sensor_msgs/cmake)
-- Found message_filters: 4.11.6 (/opt/ros/jazzy/share/message_filters/cmake)
-- Found tf2: 0.36.12 (/opt/ros/jazzy/share/tf2/cmake)
-- Found tf2_geometry_msgs: 0.36.12 (/opt/ros/jazzy/share/tf2_geometry_msgs/cmake)
-- Found eigen3_cmake_module: 0.3.0 (/opt/ros/jazzy/share/eigen3_cmake_module/cmake)
-- Ensuring Eigen3 include directory is part of orocos-kdl CMake target
-- Configuring done (1.0s)
-- Generating done (0.0s)
-- Build files have been written to: /home/apo/ProLab/build/particle_filter_node
[ 16%] [32mBuilding CXX object CMakeFiles/ekf_node.dir/src/ekf.cpp.o[0m
[ 66%] [32mBuilding CXX object CMakeFiles/kf_node.dir/src/kf.cpp.o[0m
[ 66%] Built target pf_node
[01m[K/home/apo/ProLab/src/ekf.cpp:[m[K In lambda function:
[01m[K/home/apo/ProLab/src/ekf.cpp:94:73:[m[K [01;35m[Kwarning: [m[Kunused parameter ‘[01m[Kparams[m[K’ [[01;35m[K]8;;https://gcc.gnu.org/onlinedocs/gcc/Warning-Options.html#index-Wunused-parameter-Wunused-parameter]8;;[m[K]
   94 |     auto param_callback = [this]([01;35m[Kconst std::vector<rclcpp::Parameter> & params[m[K) {
      |                                  [01;35m[K~~~~~~~~~~~~~~~~~~~~~~~~~~~~~~~~~~~~~~~^~~~~~[m[K
[01m[K/home/apo/ProLab/src/ekf.cpp:[m[K In member function ‘[01m[Kstd::pair<double, double> EKF_IMU::[01;32m[KcomputeVelocitiesFromWheels[m[K(sensor_msgs::msg::JointState_<std::allocator<void> >::ConstSharedPtr)[m[K’:
[01m[K/home/apo/ProLab/src/ekf.cpp:200:12:[m[K [01;35m[Kwarning: [m[Kunused variable ‘[01m[Kv_angular[m[K’ [[01;35m[K]8;;https://gcc.gnu.org/onlinedocs/gcc/Warning-Options.html#index-Wunused-variable-Wunused-variable]8;;[m[K]
  200 |     double [01;35m[Kv_angular[m[K = (v_right - v_left) / wheelbase_;
      |            [01;35m[K^~~~~~~~~[m[K
[ 83%] [32m[1mLinking CXX executable kf_node[0m
[ 83%] Built target kf_node
[100%] [32m[1mLinking CXX executable ekf_node[0m
[100%] Built target ekf_node
-- Install configuration: ""
-- Up-to-date: /home/apo/ProLab/install/particle_filter_node/lib/particle_filter_node/pf_node
-- Installing: /home/apo/ProLab/install/particle_filter_node/lib/particle_filter_node/kf_node
-- Set non-toolchain portion of runtime path of "/home/apo/ProLab/install/particle_filter_node/lib/particle_filter_node/kf_node" to ""
-- Installing: /home/apo/ProLab/install/particle_filter_node/lib/particle_filter_node/ekf_node
-- Set non-toolchain portion of runtime path of "/home/apo/ProLab/install/particle_filter_node/lib/particle_filter_node/ekf_node" to ""
-- Up-to-date: /home/apo/ProLab/install/particle_filter_node/share/particle_filter_node//launch
-- Installing: /home/apo/ProLab/install/particle_filter_node/share/particle_filter_node//launch/start.launch.py
-- Up-to-date: /home/apo/ProLab/install/particle_filter_node/share/particle_filter_node//config
-- Up-to-date: /home/apo/ProLab/install/particle_filter_node/share/particle_filter_node//config/filter_params.yaml
-- Installing: /home/apo/ProLab/install/particle_filter_node/share/ament_index/resource_index/package_run_dependencies/particle_filter_node
-- Installing: /home/apo/ProLab/install/particle_filter_node/share/ament_index/resource_index/parent_prefix_path/particle_filter_node
-- Up-to-date: /home/apo/ProLab/install/particle_filter_node/share/particle_filter_node/environment/ament_prefix_path.sh
-- Up-to-date: /home/apo/ProLab/install/particle_filter_node/share/particle_filter_node/environment/ament_prefix_path.dsv
-- Up-to-date: /home/apo/ProLab/install/particle_filter_node/share/particle_filter_node/environment/path.sh
-- Up-to-date: /home/apo/ProLab/install/particle_filter_node/share/particle_filter_node/environment/path.dsv
-- Up-to-date: /home/apo/ProLab/install/particle_filter_node/share/particle_filter_node/local_setup.bash
-- Up-to-date: /home/apo/ProLab/install/particle_filter_node/share/particle_filter_node/local_setup.sh
-- Up-to-date: /home/apo/ProLab/install/particle_filter_node/share/particle_filter_node/local_setup.zsh
-- Up-to-date: /home/apo/ProLab/install/particle_filter_node/share/particle_filter_node/local_setup.dsv
-- Installing: /home/apo/ProLab/install/particle_filter_node/share/particle_filter_node/package.dsv
-- Up-to-date: /home/apo/ProLab/install/particle_filter_node/share/ament_index/resource_index/packages/particle_filter_node
-- Up-to-date: /home/apo/ProLab/install/particle_filter_node/share/particle_filter_node/cmake/particle_filter_nodeConfig.cmake
-- Up-to-date: /home/apo/ProLab/install/particle_filter_node/share/particle_filter_node/cmake/particle_filter_nodeConfig-version.cmake
-- Installing: /home/apo/ProLab/install/particle_filter_node/share/particle_filter_node/package.xml
