[100%] Built target main_filter_node
-- Install configuration: ""
-- Up-to-date: /home/apo/turtlebot3_localization_project/install/turtlebot3_localization/lib/turtlebot3_localization/main_filter_node
-- Up-to-date: /home/apo/turtlebot3_localization_project/install/turtlebot3_localization/share/turtlebot3_localization//launch
-- Up-to-date: /home/apo/turtlebot3_localization_project/install/turtlebot3_localization/share/turtlebot3_localization//launch/waypoints.launch.py
-- Installing: /home/apo/turtlebot3_localization_project/install/turtlebot3_localization/share/turtlebot3_localization//launch/start_sim_with_nav2.launch.py
-- Up-to-date: /home/apo/turtlebot3_localization_project/install/turtlebot3_localization/share/turtlebot3_localization//launch/kalman_filter_test.launch.py
-- Up-to-date: /home/apo/turtlebot3_localization_project/install/turtlebot3_localization/share/turtlebot3_localization//launch/start_sim.launch.py
-- Up-to-date: /home/apo/turtlebot3_localization_project/install/turtlebot3_localization/share/turtlebot3_localization//config
-- Up-to-date: /home/apo/turtlebot3_localization_project/install/turtlebot3_localization/share/turtlebot3_localization//config/filter_params.yaml
-- Up-to-date: /home/apo/turtlebot3_localization_project/install/turtlebot3_localization/share/turtlebot3_localization//maps
-- Up-to-date: /home/apo/turtlebot3_localization_project/install/turtlebot3_localization/share/turtlebot3_localization//maps/map.yaml
-- Up-to-date: /home/apo/turtlebot3_localization_project/install/turtlebot3_localization/share/turtlebot3_localization//rviz
-- Up-to-date: /home/apo/turtlebot3_localization_project/install/turtlebot3_localization/share/turtlebot3_localization//rviz/rviz_config.rviz
-- Up-to-date: /home/apo/turtlebot3_localization_project/install/turtlebot3_localization/share/ament_index/resource_index/package_run_dependencies/turtlebot3_localization
-- Up-to-date: /home/apo/turtlebot3_localization_project/install/turtlebot3_localization/share/ament_index/resource_index/parent_prefix_path/turtlebot3_localization
-- Up-to-date: /home/apo/turtlebot3_localization_project/install/turtlebot3_localization/share/turtlebot3_localization/environment/ament_prefix_path.sh
-- Up-to-date: /home/apo/turtlebot3_localization_project/install/turtlebot3_localization/share/turtlebot3_localization/environment/ament_prefix_path.dsv
-- Up-to-date: /home/apo/turtlebot3_localization_project/install/turtlebot3_localization/share/turtlebot3_localization/environment/path.sh
-- Up-to-date: /home/apo/turtlebot3_localization_project/install/turtlebot3_localization/share/turtlebot3_localization/environment/path.dsv
-- Up-to-date: /home/apo/turtlebot3_localization_project/install/turtlebot3_localization/share/turtlebot3_localization/local_setup.bash
-- Up-to-date: /home/apo/turtlebot3_localization_project/install/turtlebot3_localization/share/turtlebot3_localization/local_setup.sh
-- Up-to-date: /home/apo/turtlebot3_localization_project/install/turtlebot3_localization/share/turtlebot3_localization/local_setup.zsh
-- Up-to-date: /home/apo/turtlebot3_localization_project/install/turtlebot3_localization/share/turtlebot3_localization/local_setup.dsv
-- Installing: /home/apo/turtlebot3_localization_project/install/turtlebot3_localization/share/turtlebot3_localization/package.dsv
-- Up-to-date: /home/apo/turtlebot3_localization_project/install/turtlebot3_localization/share/ament_index/resource_index/packages/turtlebot3_localization
-- Up-to-date: /home/apo/turtlebot3_localization_project/install/turtlebot3_localization/share/turtlebot3_localization/cmake/turtlebot3_localizationConfig.cmake
-- Up-to-date: /home/apo/turtlebot3_localization_project/install/turtlebot3_localization/share/turtlebot3_localization/cmake/turtlebot3_localizationConfig-version.cmake
-- Up-to-date: /home/apo/turtlebot3_localization_project/install/turtlebot3_localization/share/turtlebot3_localization/package.xml
