[0.017s] Invoking command in '/home/apo/turtlebot3_localization_project/build/turtlebot3_localization': CMAKE_PREFIX_PATH=${CMAKE_PREFIX_PATH}:/opt/ros/jazzy DEBUGINFOD_URLS=https://debuginfod.ubuntu.com /usr/bin/cmake --build /home/apo/turtlebot3_localization_project/build/turtlebot3_localization -- -j12 -l12
[0.107s] [100%] Built target main_filter_node
[0.124s] Invoked command in '/home/apo/turtlebot3_localization_project/build/turtlebot3_localization' returned '0': CMAKE_PREFIX_PATH=${CMAKE_PREFIX_PATH}:/opt/ros/jazzy DEBUGINFOD_URLS=https://debuginfod.ubuntu.com /usr/bin/cmake --build /home/apo/turtlebot3_localization_project/build/turtlebot3_localization -- -j12 -l12
[0.139s] Invoking command in '/home/apo/turtlebot3_localization_project/build/turtlebot3_localization': CMAKE_PREFIX_PATH=${CMAKE_PREFIX_PATH}:/opt/ros/jazzy DEBUGINFOD_URLS=https://debuginfod.ubuntu.com /usr/bin/cmake --install /home/apo/turtlebot3_localization_project/build/turtlebot3_localization
[0.150s] -- Install configuration: ""
[0.150s] -- Up-to-date: /home/apo/turtlebot3_localization_project/install/turtlebot3_localization/lib/turtlebot3_localization/main_filter_node
[0.150s] -- Up-to-date: /home/apo/turtlebot3_localization_project/install/turtlebot3_localization/share/turtlebot3_localization//launch
[0.151s] -- Up-to-date: /home/apo/turtlebot3_localization_project/install/turtlebot3_localization/share/turtlebot3_localization//launch/waypoints.launch.py
[0.151s] -- Installing: /home/apo/turtlebot3_localization_project/install/turtlebot3_localization/share/turtlebot3_localization//launch/start_sim_with_nav2.launch.py
[0.151s] -- Up-to-date: /home/apo/turtlebot3_localization_project/install/turtlebot3_localization/share/turtlebot3_localization//launch/kalman_filter_test.launch.py
[0.151s] -- Up-to-date: /home/apo/turtlebot3_localization_project/install/turtlebot3_localization/share/turtlebot3_localization//launch/start_sim.launch.py
[0.151s] -- Up-to-date: /home/apo/turtlebot3_localization_project/install/turtlebot3_localization/share/turtlebot3_localization//config
[0.151s] -- Up-to-date: /home/apo/turtlebot3_localization_project/install/turtlebot3_localization/share/turtlebot3_localization//config/filter_params.yaml
[0.152s] -- Up-to-date: /home/apo/turtlebot3_localization_project/install/turtlebot3_localization/share/turtlebot3_localization//maps
[0.152s] -- Up-to-date: /home/apo/turtlebot3_localization_project/install/turtlebot3_localization/share/turtlebot3_localization//maps/map.yaml
[0.152s] -- Up-to-date: /home/apo/turtlebot3_localization_project/install/turtlebot3_localization/share/turtlebot3_localization//rviz
[0.152s] -- Up-to-date: /home/apo/turtlebot3_localization_project/install/turtlebot3_localization/share/turtlebot3_localization//rviz/rviz_config.rviz
[0.152s] -- Up-to-date: /home/apo/turtlebot3_localization_project/install/turtlebot3_localization/share/ament_index/resource_index/package_run_dependencies/turtlebot3_localization
[0.152s] -- Up-to-date: /home/apo/turtlebot3_localization_project/install/turtlebot3_localization/share/ament_index/resource_index/parent_prefix_path/turtlebot3_localization
[0.152s] -- Up-to-date: /home/apo/turtlebot3_localization_project/install/turtlebot3_localization/share/turtlebot3_localization/environment/ament_prefix_path.sh
[0.152s] -- Up-to-date: /home/apo/turtlebot3_localization_project/install/turtlebot3_localization/share/turtlebot3_localization/environment/ament_prefix_path.dsv
[0.153s] -- Up-to-date: /home/apo/turtlebot3_localization_project/install/turtlebot3_localization/share/turtlebot3_localization/environment/path.sh
[0.153s] -- Up-to-date: /home/apo/turtlebot3_localization_project/install/turtlebot3_localization/share/turtlebot3_localization/environment/path.dsv
[0.153s] -- Up-to-date: /home/apo/turtlebot3_localization_project/install/turtlebot3_localization/share/turtlebot3_localization/local_setup.bash
[0.153s] -- Up-to-date: /home/apo/turtlebot3_localization_project/install/turtlebot3_localization/share/turtlebot3_localization/local_setup.sh
[0.153s] -- Up-to-date: /home/apo/turtlebot3_localization_project/install/turtlebot3_localization/share/turtlebot3_localization/local_setup.zsh
[0.153s] -- Up-to-date: /home/apo/turtlebot3_localization_project/install/turtlebot3_localization/share/turtlebot3_localization/local_setup.dsv
[0.153s] -- Installing: /home/apo/turtlebot3_localization_project/install/turtlebot3_localization/share/turtlebot3_localization/package.dsv
[0.153s] -- Up-to-date: /home/apo/turtlebot3_localization_project/install/turtlebot3_localization/share/ament_index/resource_index/packages/turtlebot3_localization
[0.153s] -- Up-to-date: /home/apo/turtlebot3_localization_project/install/turtlebot3_localization/share/turtlebot3_localization/cmake/turtlebot3_localizationConfig.cmake
[0.154s] -- Up-to-date: /home/apo/turtlebot3_localization_project/install/turtlebot3_localization/share/turtlebot3_localization/cmake/turtlebot3_localizationConfig-version.cmake
[0.154s] -- Up-to-date: /home/apo/turtlebot3_localization_project/install/turtlebot3_localization/share/turtlebot3_localization/package.xml
[0.154s] Invoked command in '/home/apo/turtlebot3_localization_project/build/turtlebot3_localization' returned '0': CMAKE_PREFIX_PATH=${CMAKE_PREFIX_PATH}:/opt/ros/jazzy DEBUGINFOD_URLS=https://debuginfod.ubuntu.com /usr/bin/cmake --install /home/apo/turtlebot3_localization_project/build/turtlebot3_localization
