[ 12%] [32mBuilding CXX object CMakeFiles/pf_node.dir/src/pf.cpp.o[0m
[ 25%] [32mBuilding CXX object CMakeFiles/kf_node.dir/src/kf.cpp.o[0m
[ 37%] [32mBuilding CXX object CMakeFiles/ekf_node.dir/src/ekf.cpp.o[0m
[ 62%] Built target waypoint_navigator
[32m[1mLinking CXX executable pf_node[0m
Built target pf_node
[32m[1mLinking CXX executable kf_node[0m
Built target kf_node
[32m[1mLinking CXX executable ekf_node[0m
Built target ekf_node
-- Install configuration: ""
-- Installing: /home/apo/ProLab/install/particle_filter_node/lib/particle_filter_node/pf_node
-- Set non-toolchain portion of runtime path of "/home/apo/ProLab/install/particle_filter_node/lib/particle_filter_node/pf_node" to ""
-- Installing: /home/apo/ProLab/install/particle_filter_node/lib/particle_filter_node/kf_node
-- Set non-toolchain portion of runtime path of "/home/apo/ProLab/install/particle_filter_node/lib/particle_filter_node/kf_node" to ""
-- Installing: /home/apo/ProLab/install/particle_filter_node/lib/particle_filter_node/ekf_node
-- Set non-toolchain portion of runtime path of "/home/apo/ProLab/install/particle_filter_node/lib/particle_filter_node/ekf_node" to ""
-- Up-to-date: /home/apo/ProLab/install/particle_filter_node/lib/particle_filter_node/waypoint_navigator
-- Up-to-date: /home/apo/ProLab/install/particle_filter_node/share/particle_filter_node/config/config
-- Up-to-date: /home/apo/ProLab/install/particle_filter_node/share/particle_filter_node/config/config/waypoints.yaml
-- Up-to-date: /home/apo/ProLab/install/particle_filter_node/share/particle_filter_node//launch
-- Up-to-date: /home/apo/ProLab/install/particle_filter_node/share/particle_filter_node//launch/start.launch.py
-- Up-to-date: /home/apo/ProLab/install/particle_filter_node/share/particle_filter_node//config
-- Up-to-date: /home/apo/ProLab/install/particle_filter_node/share/particle_filter_node//config/filter_params.yaml
-- Up-to-date: /home/apo/ProLab/install/particle_filter_node/share/ament_index/resource_index/package_run_dependencies/particle_filter_node
-- Up-to-date: /home/apo/ProLab/install/particle_filter_node/share/ament_index/resource_index/parent_prefix_path/particle_filter_node
-- Up-to-date: /home/apo/ProLab/install/particle_filter_node/share/particle_filter_node/environment/ament_prefix_path.sh
-- Up-to-date: /home/apo/ProLab/install/particle_filter_node/share/particle_filter_node/environment/ament_prefix_path.dsv
-- Up-to-date: /home/apo/ProLab/install/particle_filter_node/share/particle_filter_node/environment/path.sh
-- Up-to-date: /home/apo/ProLab/install/particle_filter_node/share/particle_filter_node/environment/path.dsv
-- Up-to-date: /home/apo/ProLab/install/particle_filter_node/share/particle_filter_node/local_setup.bash
-- Up-to-date: /home/apo/ProLab/install/particle_filter_node/share/particle_filter_node/local_setup.sh
-- Up-to-date: /home/apo/ProLab/install/particle_filter_node/share/particle_filter_node/local_setup.zsh
-- Up-to-date: /home/apo/ProLab/install/particle_filter_node/share/particle_filter_node/local_setup.dsv
-- Installing: /home/apo/ProLab/install/particle_filter_node/share/particle_filter_node/package.dsv
-- Up-to-date: /home/apo/ProLab/install/particle_filter_node/share/ament_index/resource_index/packages/particle_filter_node
-- Up-to-date: /home/apo/ProLab/install/particle_filter_node/share/particle_filter_node/cmake/particle_filter_nodeConfig.cmake
-- Up-to-date: /home/apo/ProLab/install/particle_filter_node/share/particle_filter_node/cmake/particle_filter_nodeConfig-version.cmake
-- Up-to-date: /home/apo/ProLab/install/particle_filter_node/share/particle_filter_node/package.xml
