[0.019s] Invoking command in '/home/apo/turtlebot3_localization_project/build/turtlebot3_localization': CMAKE_PREFIX_PATH=${CMAKE_PREFIX_PATH}:/opt/ros/jazzy DEBUGINFOD_URLS=https://debuginfod.ubuntu.com /usr/bin/cmake --build /home/apo/turtlebot3_localization_project/build/turtlebot3_localization -- -j12 -l12
[0.060s] -- Found ament_cmake: 2.5.4 (/opt/ros/jazzy/share/ament_cmake/cmake)
[0.362s] -- Found rclcpp: 28.1.9 (/opt/ros/jazzy/share/rclcpp/cmake)
[0.400s] -- Found rosidl_generator_c: 4.6.5 (/opt/ros/jazzy/share/rosidl_generator_c/cmake)
[0.413s] -- Found rosidl_generator_cpp: 4.6.5 (/opt/ros/jazzy/share/rosidl_generator_cpp/cmake)
[0.428s] -- Using all available rosidl_typesupport_c: rosidl_typesupport_fastrtps_c;rosidl_typesupport_introspection_c
[0.447s] -- Using all available rosidl_typesupport_cpp: rosidl_typesupport_fastrtps_cpp;rosidl_typesupport_introspection_cpp
[0.542s] -- Found rmw_implementation_cmake: 7.3.2 (/opt/ros/jazzy/share/rmw_implementation_cmake/cmake)
[0.544s] -- Found rmw_fastrtps_cpp: 8.4.2 (/opt/ros/jazzy/share/rmw_fastrtps_cpp/cmake)
[0.637s] -- Using RMW implementation 'rmw_fastrtps_cpp' as default
[0.729s] -- Found sensor_msgs: 5.3.6 (/opt/ros/jazzy/share/sensor_msgs/cmake)
[0.810s] -- Found nav_msgs: 5.3.6 (/opt/ros/jazzy/share/nav_msgs/cmake)
[0.853s] -- Found message_filters: 4.11.6 (/opt/ros/jazzy/share/message_filters/cmake)
[0.994s] -- Configuring done (0.9s)
[1.021s] -- Generating done (0.0s)
[1.032s] -- Build files have been written to: /home/apo/turtlebot3_localization_project/build/turtlebot3_localization
[1.091s] [ 33%] [32mBuilding CXX object CMakeFiles/ekf_node.dir/src/extended_kalman_filter.cpp.o[0m
[1.091s] [ 33%] [32mBuilding CXX object CMakeFiles/ekf_node.dir/src/ekf_node.cpp.o[0m
[1.123s] [ 83%] Built target main_filter_node
[5.341s] [01m[K/home/apo/turtlebot3_localization_project/src/ekf_node.cpp:[m[K In member function ‘[01m[Kvoid EKFNode::[01;32m[KsensorCallback[m[K(sensor_msgs::msg::Imu_<std::allocator<void> >::ConstSharedPtr, sensor_msgs::msg::JointState_<std::allocator<void> >::ConstSharedPtr)[m[K’:
[5.341s] [01m[K/home/apo/turtlebot3_localization_project/src/ekf_node.cpp:70:26:[m[K [01;31m[Kerror: [m[Kno match for ‘[01m[Koperator-[m[K’ (operand types are ‘[01m[Kbuiltin_interfaces::msg::Time_<std::allocator<void> >[m[K’ and ‘[01m[Krclcpp::Time[m[K’)
[5.341s]    70 |         double dt = ([32m[Know[m[K [01;31m[K-[m[K [34m[Klast_time_[m[K).seconds();
[5.341s]       |                      [32m[K~~~[m[K [01;31m[K^[m[K [34m[K~~~~~~~~~~[m[K
[5.341s]       |                      [32m[K|[m[K     [34m[K|[m[K
[5.341s]       |                      [32m[K|[m[K     [34m[Krclcpp::Time[m[K
[5.342s]       |                      [32m[Kbuiltin_interfaces::msg::Time_<std::allocator<void> >[m[K
[5.342s] In file included from [01m[K/usr/include/c++/13/bits/stl_algobase.h:67[m[K,
[5.342s]                  from [01m[K/usr/include/c++/13/bits/stl_uninitialized.h:63[m[K,
[5.342s]                  from [01m[K/usr/include/c++/13/memory:69[m[K,
[5.342s]                  from [01m[K/opt/ros/jazzy/include/rclcpp/rclcpp/rclcpp.hpp:169[m[K,
[5.342s]                  from [01m[K/home/apo/turtlebot3_localization_project/src/ekf_node.cpp:1[m[K:
[5.343s] [01m[K/usr/include/c++/13/bits/stl_iterator.h:625:5:[m[K [01;36m[Knote: [m[Kcandidate: ‘[01m[Ktemplate<class _IteratorL, class _IteratorR> constexpr decltype ((__y.base() - __x.base())) std::[01;32m[Koperator-[m[K(const reverse_iterator<_Iterator>&, const reverse_iterator<_IteratorR>&)[m[K’
[5.343s]   625 |     [01;36m[Koperator[m[K-(const reverse_iterator<_IteratorL>& __x,
[5.343s]       |     [01;36m[K^~~~~~~~[m[K
[5.343s] [01m[K/usr/include/c++/13/bits/stl_iterator.h:625:5:[m[K [01;36m[Knote: [m[K  template argument deduction/substitution failed:
[5.343s] [01m[K/home/apo/turtlebot3_localization_project/src/ekf_node.cpp:70:28:[m[K [01;36m[Knote: [m[K  ‘[01m[Kbuiltin_interfaces::msg::Time_<std::allocator<void> >[m[K’ is not derived from ‘[01m[Kconst std::reverse_iterator<_Iterator>[m[K’
[5.344s]    70 |         double dt = (now - [01;36m[Klast_time_[m[K).seconds();
[5.344s]       |                            [01;36m[K^~~~~~~~~~[m[K
[5.344s] [01m[K/usr/include/c++/13/bits/stl_iterator.h:1800:5:[m[K [01;36m[Knote: [m[Kcandidate: ‘[01m[Ktemplate<class _IteratorL, class _IteratorR> constexpr decltype ((__x.base() - __y.base())) std::[01;32m[Koperator-[m[K(const move_iterator<_IteratorL>&, const move_iterator<_IteratorR>&)[m[K’
[5.344s]  1800 |     [01;36m[Koperator[m[K-(const move_iterator<_IteratorL>& __x,
[5.344s]       |     [01;36m[K^~~~~~~~[m[K
[5.344s] [01m[K/usr/include/c++/13/bits/stl_iterator.h:1800:5:[m[K [01;36m[Knote: [m[K  template argument deduction/substitution failed:
[5.344s] [01m[K/home/apo/turtlebot3_localization_project/src/ekf_node.cpp:70:28:[m[K [01;36m[Knote: [m[K  ‘[01m[Kbuiltin_interfaces::msg::Time_<std::allocator<void> >[m[K’ is not derived from ‘[01m[Kconst std::move_iterator<_IteratorL>[m[K’
[5.345s]    70 |         double dt = (now - [01;36m[Klast_time_[m[K).seconds();
[5.345s]       |                            [01;36m[K^~~~~~~~~~[m[K
[5.345s] In file included from [01m[K/usr/include/eigen3/Eigen/Core:50[m[K,
[5.345s]                  from [01m[K/usr/include/eigen3/Eigen/Dense:1[m[K,
[5.345s]                  from [01m[K/home/apo/turtlebot3_localization_project/src/ekf_node.cpp:11[m[K:
[5.345s] [01m[K/usr/include/c++/13/complex:365:5:[m[K [01;36m[Knote: [m[Kcandidate: ‘[01m[Ktemplate<class _Tp> std::complex<_Tp> std::[01;32m[Koperator-[m[K(const complex<_Tp>&, const complex<_Tp>&)[m[K’
[5.346s]   365 |     [01;36m[Koperator[m[K-(const complex<_Tp>& __x, const complex<_Tp>& __y)
[5.346s]       |     [01;36m[K^~~~~~~~[m[K
[5.346s] [01m[K/usr/include/c++/13/complex:365:5:[m[K [01;36m[Knote: [m[K  template argument deduction/substitution failed:
[5.346s] [01m[K/home/apo/turtlebot3_localization_project/src/ekf_node.cpp:70:28:[m[K [01;36m[Knote: [m[K  ‘[01m[Kbuiltin_interfaces::msg::Time_<std::allocator<void> >[m[K’ is not derived from ‘[01m[Kconst std::complex<_Tp>[m[K’
[5.346s]    70 |         double dt = (now - [01;36m[Klast_time_[m[K).seconds();
[5.346s]       |                            [01;36m[K^~~~~~~~~~[m[K
[5.346s] [01m[K/usr/include/c++/13/complex:374:5:[m[K [01;36m[Knote: [m[Kcandidate: ‘[01m[Ktemplate<class _Tp> std::complex<_Tp> std::[01;32m[Koperator-[m[K(const complex<_Tp>&, const _Tp&)[m[K’
[5.347s]   374 |     [01;36m[Koperator[m[K-(const complex<_Tp>& __x, const _Tp& __y)
[5.347s]       |     [01;36m[K^~~~~~~~[m[K
[5.347s] [01m[K/usr/include/c++/13/complex:374:5:[m[K [01;36m[Knote: [m[K  template argument deduction/substitution failed:
[5.347s] [01m[K/home/apo/turtlebot3_localization_project/src/ekf_node.cpp:70:28:[m[K [01;36m[Knote: [m[K  ‘[01m[Kbuiltin_interfaces::msg::Time_<std::allocator<void> >[m[K’ is not derived from ‘[01m[Kconst std::complex<_Tp>[m[K’
[5.347s]    70 |         double dt = (now - [01;36m[Klast_time_[m[K).seconds();
[5.347s]       |                            [01;36m[K^~~~~~~~~~[m[K
[5.347s] [01m[K/usr/include/c++/13/complex:383:5:[m[K [01;36m[Knote: [m[Kcandidate: ‘[01m[Ktemplate<class _Tp> std::complex<_Tp> std::[01;32m[Koperator-[m[K(const _Tp&, const complex<_Tp>&)[m[K’
[5.348s]   383 |     [01;36m[Koperator[m[K-(const _Tp& __x, const complex<_Tp>& __y)
[5.348s]       |     [01;36m[K^~~~~~~~[m[K
[5.348s] [01m[K/usr/include/c++/13/complex:383:5:[m[K [01;36m[Knote: [m[K  template argument deduction/substitution failed:
[5.348s] [01m[K/home/apo/turtlebot3_localization_project/src/ekf_node.cpp:70:28:[m[K [01;36m[Knote: [m[K  ‘[01m[Krclcpp::Time[m[K’ is not derived from ‘[01m[Kconst std::complex<_Tp>[m[K’
[5.348s]    70 |         double dt = (now - [01;36m[Klast_time_[m[K).seconds();
[5.348s]       |                            [01;36m[K^~~~~~~~~~[m[K
[5.348s] [01m[K/usr/include/c++/13/complex:460:5:[m[K [01;36m[Knote: [m[Kcandidate: ‘[01m[Ktemplate<class _Tp> std::complex<_Tp> std::[01;32m[Koperator-[m[K(const complex<_Tp>&)[m[K’
[5.349s]   460 |     [01;36m[Koperator[m[K-(const complex<_Tp>& __x)
[5.349s]       |     [01;36m[K^~~~~~~~[m[K
[5.349s] [01m[K/usr/include/c++/13/complex:460:5:[m[K [01;36m[Knote: [m[K  template argument deduction/substitution failed:
[5.349s] [01m[K/home/apo/turtlebot3_localization_project/src/ekf_node.cpp:70:28:[m[K [01;36m[Knote: [m[K  ‘[01m[Kbuiltin_interfaces::msg::Time_<std::allocator<void> >[m[K’ is not derived from ‘[01m[Kconst std::complex<_Tp>[m[K’
[5.349s]    70 |         double dt = (now - [01;36m[Klast_time_[m[K).seconds();
[5.349s]       |                            [01;36m[K^~~~~~~~~~[m[K
[5.349s] In file included from [01m[K/opt/ros/jazzy/include/rclcpp/rclcpp/time.hpp:24[m[K,
[5.349s]                  from [01m[K/opt/ros/jazzy/include/rclcpp/rclcpp/clock.hpp:24[m[K,
[5.350s]                  from [01m[K/opt/ros/jazzy/include/rclcpp/rclcpp/client.hpp:38[m[K,
[5.350s]                  from [01m[K/opt/ros/jazzy/include/rclcpp/rclcpp/callback_group.hpp:24[m[K,
[5.350s]                  from [01m[K/opt/ros/jazzy/include/rclcpp/rclcpp/any_executable.hpp:20[m[K,
[5.350s]                  from [01m[K/opt/ros/jazzy/include/rclcpp/rclcpp/memory_strategy.hpp:25[m[K,
[5.350s]                  from [01m[K/opt/ros/jazzy/include/rclcpp/rclcpp/memory_strategies.hpp:18[m[K,
[5.350s]                  from [01m[K/opt/ros/jazzy/include/rclcpp/rclcpp/executor_options.hpp:22[m[K,
[5.350s]                  from [01m[K/opt/ros/jazzy/include/rclcpp/rclcpp/executor.hpp:38[m[K,
[5.350s]                  from [01m[K/opt/ros/jazzy/include/rclcpp/rclcpp/executors/multi_threaded_executor.hpp:25[m[K,
[5.351s]                  from [01m[K/opt/ros/jazzy/include/rclcpp/rclcpp/executors.hpp:21[m[K,
[5.351s]                  from [01m[K/opt/ros/jazzy/include/rclcpp/rclcpp/rclcpp.hpp:172[m[K:
[5.351s] [01m[K/opt/ros/jazzy/include/rclcpp/rclcpp/duration.hpp:168:1:[m[K [01;36m[Knote: [m[Kcandidate: ‘[01m[Kbuiltin_interfaces::msg::Time rclcpp::[01;32m[Koperator-[m[K(const builtin_interfaces::msg::Time&, const Duration&)[m[K’
[5.351s]   168 | [01;36m[Koperator[m[K-(const builtin_interfaces::msg::Time & lhs, const rclcpp::Duration & rhs);
[5.351s]       | [01;36m[K^~~~~~~~[m[K
[5.351s] [01m[K/opt/ros/jazzy/include/rclcpp/rclcpp/duration.hpp:168:79:[m[K [01;36m[Knote: [m[K  no known conversion for argument 2 from ‘[01m[Krclcpp::Time[m[K’ to ‘[01m[Kconst rclcpp::Duration&[m[K’
[5.351s]   168 | operator-(const builtin_interfaces::msg::Time & lhs, [01;36m[Kconst rclcpp::Duration & rhs[m[K);
[5.351s]       |                                                      [01;36m[K~~~~~~~~~~~~~~~~~~~~~~~~~^~~[m[K
[7.198s] In file included from [01m[K/usr/include/c++/13/bits/stl_tempbuf.h:61[m[K,
[7.198s]                  from [01m[K/usr/include/c++/13/memory:66[m[K:
[7.198s] /usr/include/c++/13/bits/stl_construct.h: In instantiation of ‘[01m[Kvoid std::[01;32m[K_Construct[m[K(_Tp*, _Args&& ...) [35m[K[with _Tp = message_filters::Synchronizer<message_filters::sync_policies::ApproximateTime<sensor_msgs::msg::Imu_<allocator<void> >, sensor_msgs::msg::JointState_<allocator<void> > > >; _Args = {message_filters::Synchronizer<message_filters::sync_policies::ApproximateTime<sensor_msgs::msg::Imu_<allocator<void> >, sensor_msgs::msg::JointState_<allocator<void> >, message_filters::NullType, message_filters::NullType, message_filters::NullType, message_filters::NullType, message_filters::NullType, message_filters::NullType, message_filters::NullType> >}][m[K[m[K’:
[7.198s] [01m[K/usr/include/c++/13/bits/alloc_traits.h:661:19:[m[K   required from ‘[01m[Kstatic void std::allocator_traits<std::allocator<void> >::[01;32m[Kconstruct[m[K(allocator_type&, _Up*, _Args&& ...) [35m[K[with _Up = message_filters::Synchronizer<message_filters::sync_policies::ApproximateTime<sensor_msgs::msg::Imu_<std::allocator<void> >, sensor_msgs::msg::JointState_<std::allocator<void> > > >; _Args = {message_filters::Synchronizer<message_filters::sync_policies::ApproximateTime<sensor_msgs::msg::Imu_<std::allocator<void> >, sensor_msgs::msg::JointState_<std::allocator<void> >, message_filters::NullType, message_filters::NullType, message_filters::NullType, message_filters::NullType, message_filters::NullType, message_filters::NullType, message_filters::NullType> >}; allocator_type = std::allocator<void>][m[K[m[K’
[7.199s] [01m[K/usr/include/c++/13/bits/shared_ptr_base.h:604:39:[m[K   required from ‘[01m[Kstd::_Sp_counted_ptr_inplace<_Tp, _Alloc, _Lp>::[01;32m[K_Sp_counted_ptr_inplace[m[K(_Alloc, _Args&& ...) [35m[K[with _Args = {message_filters::Synchronizer<message_filters::sync_policies::ApproximateTime<sensor_msgs::msg::Imu_<std::allocator<void> >, sensor_msgs::msg::JointState_<std::allocator<void> >, message_filters::NullType, message_filters::NullType, message_filters::NullType, message_filters::NullType, message_filters::NullType, message_filters::NullType, message_filters::NullType> >}; _Tp = message_filters::Synchronizer<message_filters::sync_policies::ApproximateTime<sensor_msgs::msg::Imu_<std::allocator<void> >, sensor_msgs::msg::JointState_<std::allocator<void> > > >; _Alloc = std::allocator<void>; __gnu_cxx::_Lock_policy _Lp = __gnu_cxx::_S_atomic][m[K[m[K’
[7.199s] [01m[K/usr/include/c++/13/bits/shared_ptr_base.h:971:16:[m[K   required from ‘[01m[Kstd::__shared_count<_Lp>::[01;32m[K__shared_count[m[K(_Tp*&, std::_Sp_alloc_shared_tag<_Alloc>, _Args&& ...) [35m[K[with _Tp = message_filters::Synchronizer<message_filters::sync_policies::ApproximateTime<sensor_msgs::msg::Imu_<std::allocator<void> >, sensor_msgs::msg::JointState_<std::allocator<void> > > >; _Alloc = std::allocator<void>; _Args = {message_filters::Synchronizer<message_filters::sync_policies::ApproximateTime<sensor_msgs::msg::Imu_<std::allocator<void> >, sensor_msgs::msg::JointState_<std::allocator<void> >, message_filters::NullType, message_filters::NullType, message_filters::NullType, message_filters::NullType, message_filters::NullType, message_filters::NullType, message_filters::NullType> >}; __gnu_cxx::_Lock_policy _Lp = __gnu_cxx::_S_atomic][m[K[m[K’
[7.199s] [01m[K/usr/include/c++/13/bits/shared_ptr_base.h:1712:14:[m[K   required from ‘[01m[Kstd::__shared_ptr<_Tp, _Lp>::[01;32m[K__shared_ptr[m[K(std::_Sp_alloc_shared_tag<_Tp>, _Args&& ...) [35m[K[with _Alloc = std::allocator<void>; _Args = {message_filters::Synchronizer<message_filters::sync_policies::ApproximateTime<sensor_msgs::msg::Imu_<std::allocator<void> >, sensor_msgs::msg::JointState_<std::allocator<void> >, message_filters::NullType, message_filters::NullType, message_filters::NullType, message_filters::NullType, message_filters::NullType, message_filters::NullType, message_filters::NullType> >}; _Tp = message_filters::Synchronizer<message_filters::sync_policies::ApproximateTime<sensor_msgs::msg::Imu_<std::allocator<void> >, sensor_msgs::msg::JointState_<std::allocator<void> > > >; __gnu_cxx::_Lock_policy _Lp = __gnu_cxx::_S_atomic][m[K[m[K’
[7.199s] [01m[K/usr/include/c++/13/bits/shared_ptr.h:464:59:[m[K   required from ‘[01m[Kstd::shared_ptr<_Tp>::[01;32m[Kshared_ptr[m[K(std::_Sp_alloc_shared_tag<_Tp>, _Args&& ...) [35m[K[with _Alloc = std::allocator<void>; _Args = {message_filters::Synchronizer<message_filters::sync_policies::ApproximateTime<sensor_msgs::msg::Imu_<std::allocator<void> >, sensor_msgs::msg::JointState_<std::allocator<void> >, message_filters::NullType, message_filters::NullType, message_filters::NullType, message_filters::NullType, message_filters::NullType, message_filters::NullType, message_filters::NullType> >}; _Tp = message_filters::Synchronizer<message_filters::sync_policies::ApproximateTime<sensor_msgs::msg::Imu_<std::allocator<void> >, sensor_msgs::msg::JointState_<std::allocator<void> > > >][m[K[m[K’
[7.199s] [01m[K/usr/include/c++/13/bits/shared_ptr.h:1009:14:[m[K   required from ‘[01m[Kstd::shared_ptr<typename std::enable_if<(! std::is_array< <template-parameter-1-1> >::value), _Tp>::type> std::[01;32m[Kmake_shared[m[K(_Args&& ...) [35m[K[with _Tp = message_filters::Synchronizer<message_filters::sync_policies::ApproximateTime<sensor_msgs::msg::Imu_<allocator<void> >, sensor_msgs::msg::JointState_<allocator<void> > > >; _Args = {message_filters::Synchronizer<message_filters::sync_policies::ApproximateTime<sensor_msgs::msg::Imu_<allocator<void> >, sensor_msgs::msg::JointState_<allocator<void> >, message_filters::NullType, message_filters::NullType, message_filters::NullType, message_filters::NullType, message_filters::NullType, message_filters::NullType, message_filters::NullType> >}; typename enable_if<(! is_array< <template-parameter-1-1> >::value), _Tp>::type = message_filters::Synchronizer<message_filters::sync_policies::ApproximateTime<sensor_msgs::msg::Imu_<allocator<void> >, sensor_msgs::msg::JointState_<allocator<void> > > >][m[K[m[K’
[7.199s] [01m[K/home/apo/turtlebot3_localization_project/src/ekf_node.cpp:27:39:[m[K   required from here
[7.199s] [01m[K/usr/include/c++/13/bits/stl_construct.h:119:7:[m[K [01;31m[Kerror: [m[Kuse of deleted function ‘[01m[Kmessage_filters::Synchronizer<message_filters::sync_policies::ApproximateTime<sensor_msgs::msg::Imu_<std::allocator<void> >, sensor_msgs::msg::JointState_<std::allocator<void> > > >::[01;32m[KSynchronizer[m[K(const message_filters::Synchronizer<message_filters::sync_policies::ApproximateTime<sensor_msgs::msg::Imu_<std::allocator<void> >, sensor_msgs::msg::JointState_<std::allocator<void> > > >&)[m[K’
[7.200s]   119 |       [01;31m[K::new((void*)__p) _Tp(std::forward<_Args>(__args)...)[m[K;
[7.200s]       |       [01;31m[K^~~~~~~~~~~~~~~~~~~~~~~~~~~~~~~~~~~~~~~~~~~~~~~~~~~~~[m[K
[7.200s] In file included from [01m[K/home/apo/turtlebot3_localization_project/src/ekf_node.cpp:8[m[K:
[7.200s] [01m[K/opt/ros/jazzy/include/message_filters/message_filters/synchronizer.h:53:7:[m[K [01;36m[Knote: [m[K‘[01m[Kmessage_filters::Synchronizer<message_filters::sync_policies::ApproximateTime<sensor_msgs::msg::Imu_<std::allocator<void> >, sensor_msgs::msg::JointState_<std::allocator<void> > > >::[01;32m[KSynchronizer[m[K(const message_filters::Synchronizer<message_filters::sync_policies::ApproximateTime<sensor_msgs::msg::Imu_<std::allocator<void> >, sensor_msgs::msg::JointState_<std::allocator<void> > > >&)[m[K’ is implicitly deleted because the default definition would be ill-formed:
[7.200s]    53 | class [01;36m[KSynchronizer[m[K : public noncopyable, public Policy
[7.200s]       |       [01;36m[K^~~~~~~~~~~~[m[K
[7.200s] [01m[K/opt/ros/jazzy/include/message_filters/message_filters/synchronizer.h:53:7:[m[K [01;31m[Kerror: [m[Kuse of deleted function ‘[01m[Kmessage_filters::noncopyable::[01;32m[Knoncopyable[m[K(const message_filters::noncopyable&)[m[K’
[7.201s] In file included from [01m[K/opt/ros/jazzy/include/message_filters/message_filters/subscriber.h:43[m[K,
[7.201s]                  from [01m[K/home/apo/turtlebot3_localization_project/src/ekf_node.cpp:7[m[K:
[7.201s] [01m[K/opt/ros/jazzy/include/message_filters/message_filters/connection.h:51:3:[m[K [01;36m[Knote: [m[Kdeclared here
[7.201s]    51 |   [01;36m[Knoncopyable[m[K( const noncopyable& ) = delete;
[7.201s]       |   [01;36m[K^~~~~~~~~~~[m[K
[7.201s] [01m[K/opt/ros/jazzy/include/message_filters/message_filters/synchronizer.h:53:7:[m[K [01;31m[Kerror: [m[Kuse of deleted function ‘[01m[Kmessage_filters::Signal9<sensor_msgs::msg::Imu_<std::allocator<void> >, sensor_msgs::msg::JointState_<std::allocator<void> >, message_filters::NullType, message_filters::NullType, message_filters::NullType, message_filters::NullType, message_filters::NullType, message_filters::NullType, message_filters::NullType>::[01;32m[KSignal9[m[K(const message_filters::Signal9<sensor_msgs::msg::Imu_<std::allocator<void> >, sensor_msgs::msg::JointState_<std::allocator<void> >, message_filters::NullType, message_filters::NullType, message_filters::NullType, message_filters::NullType, message_filters::NullType, message_filters::NullType, message_filters::NullType>&)[m[K’
[7.202s]    53 | class [01;31m[KSynchronizer[m[K : public noncopyable, public Policy
[7.202s]       |       [01;31m[K^~~~~~~~~~~~[m[K
[7.202s] In file included from [01m[K/opt/ros/jazzy/include/message_filters/message_filters/synchronizer.h:47[m[K:
[7.202s] [01m[K/opt/ros/jazzy/include/message_filters/message_filters/signal9.h:142:7:[m[K [01;36m[Knote: [m[K‘[01m[Kmessage_filters::Signal9<sensor_msgs::msg::Imu_<std::allocator<void> >, sensor_msgs::msg::JointState_<std::allocator<void> >, message_filters::NullType, message_filters::NullType, message_filters::NullType, message_filters::NullType, message_filters::NullType, message_filters::NullType, message_filters::NullType>::[01;32m[KSignal9[m[K(const message_filters::Signal9<sensor_msgs::msg::Imu_<std::allocator<void> >, sensor_msgs::msg::JointState_<std::allocator<void> >, message_filters::NullType, message_filters::NullType, message_filters::NullType, message_filters::NullType, message_filters::NullType, message_filters::NullType, message_filters::NullType>&)[m[K’ is implicitly deleted because the default definition would be ill-formed:
[7.202s]   142 | class [01;36m[KSignal9[m[K
[7.202s]       |       [01;36m[K^~~~~~~[m[K
[7.202s] [01m[K/opt/ros/jazzy/include/message_filters/message_filters/signal9.h:142:7:[m[K [01;31m[Kerror: [m[Kuse of deleted function ‘[01m[Kstd::mutex::[01;32m[Kmutex[m[K(const std::mutex&)[m[K’
[7.203s] In file included from [01m[K/usr/include/c++/13/condition_variable:42[m[K,
[7.203s]                  from [01m[K/opt/ros/jazzy/include/rclcpp/rclcpp/context.hpp:18[m[K,
[7.203s]                  from [01m[K/opt/ros/jazzy/include/rclcpp/rclcpp/utilities.hpp:24[m[K,
[7.203s]                  from [01m[K/opt/ros/jazzy/include/rclcpp/rclcpp/logging.hpp:25[m[K,
[7.203s]                  from [01m[K/opt/ros/jazzy/include/rclcpp/rclcpp/copy_all_parameter_values.hpp:27[m[K,
[7.203s]                  from [01m[K/opt/ros/jazzy/include/rclcpp/rclcpp/rclcpp.hpp:171[m[K:
[7.203s] [01m[K/usr/include/c++/13/bits/std_mutex.h:107:5:[m[K [01;36m[Knote: [m[Kdeclared here
[7.204s]   107 |     [01;36m[Kmutex[m[K(const mutex&) = delete;
[7.204s]       |     [01;36m[K^~~~~[m[K
[11.963s] gmake[2]: *** [CMakeFiles/ekf_node.dir/build.make:76: CMakeFiles/ekf_node.dir/src/ekf_node.cpp.o] Error 1
[11.964s] gmake[1]: *** [CMakeFiles/Makefile2:165: CMakeFiles/ekf_node.dir/all] Error 2
[11.964s] gmake: *** [Makefile:146: all] Error 2
[11.967s] Invoked command in '/home/apo/turtlebot3_localization_project/build/turtlebot3_localization' returned '2': CMAKE_PREFIX_PATH=${CMAKE_PREFIX_PATH}:/opt/ros/jazzy DEBUGINFOD_URLS=https://debuginfod.ubuntu.com /usr/bin/cmake --build /home/apo/turtlebot3_localization_project/build/turtlebot3_localization -- -j12 -l12
