[0.011s] Invoking command in '/home/apo/turtlebot3_localization_project/build/turtlebot3_localization': CMAKE_PREFIX_PATH=${CMAKE_PREFIX_PATH}:/opt/ros/jazzy DEBUGINFOD_URLS=https://debuginfod.ubuntu.com /usr/bin/cmake /home/apo/turtlebot3_localization_project -DCMAKE_INSTALL_PREFIX=/home/apo/turtlebot3_localization_project/install/turtlebot3_localization
[0.024s] -- Found ament_cmake: 2.5.4 (/opt/ros/jazzy/share/ament_cmake/cmake)
[0.198s] -- Override CMake install command with custom implementation using symlinks instead of copying resources
[0.205s] -- Found rclcpp: 28.1.9 (/opt/ros/jazzy/share/rclcpp/cmake)
[0.229s] -- Found rosidl_generator_c: 4.6.5 (/opt/ros/jazzy/share/rosidl_generator_c/cmake)
[0.237s] -- Found rosidl_generator_cpp: 4.6.5 (/opt/ros/jazzy/share/rosidl_generator_cpp/cmake)
[0.247s] -- Using all available rosidl_typesupport_c: rosidl_typesupport_fastrtps_c;rosidl_typesupport_introspection_c
[0.258s] -- Using all available rosidl_typesupport_cpp: rosidl_typesupport_fastrtps_cpp;rosidl_typesupport_introspection_cpp
[0.312s] -- Found rmw_implementation_cmake: 7.3.2 (/opt/ros/jazzy/share/rmw_implementation_cmake/cmake)
[0.313s] -- Found rmw_fastrtps_cpp: 8.4.2 (/opt/ros/jazzy/share/rmw_fastrtps_cpp/cmake)
[0.372s] -- Using RMW implementation 'rmw_fastrtps_cpp' as default
[0.429s] -- Found sensor_msgs: 5.3.6 (/opt/ros/jazzy/share/sensor_msgs/cmake)
[0.480s] -- Found nav_msgs: 5.3.6 (/opt/ros/jazzy/share/nav_msgs/cmake)
[0.503s] -- Found message_filters: 4.11.6 (/opt/ros/jazzy/share/message_filters/cmake)
[0.507s] -- Found tf2: 0.36.12 (/opt/ros/jazzy/share/tf2/cmake)
[0.510s] -- Found tf2_geometry_msgs: 0.36.12 (/opt/ros/jazzy/share/tf2_geometry_msgs/cmake)
[0.513s] -- Found eigen3_cmake_module: 0.3.0 (/opt/ros/jazzy/share/eigen3_cmake_module/cmake)
[0.514s] -- Ensuring Eigen3 include directory is part of orocos-kdl CMake target
[0.689s] -- Configuring done (0.7s)
[0.703s] -- Generating done (0.0s)
[0.713s] -- Build files have been written to: /home/apo/turtlebot3_localization_project/build/turtlebot3_localization
[0.721s] Invoked command in '/home/apo/turtlebot3_localization_project/build/turtlebot3_localization' returned '0': CMAKE_PREFIX_PATH=${CMAKE_PREFIX_PATH}:/opt/ros/jazzy DEBUGINFOD_URLS=https://debuginfod.ubuntu.com /usr/bin/cmake /home/apo/turtlebot3_localization_project -DCMAKE_INSTALL_PREFIX=/home/apo/turtlebot3_localization_project/install/turtlebot3_localization
[0.722s] Invoking command in '/home/apo/turtlebot3_localization_project/build/turtlebot3_localization': CMAKE_PREFIX_PATH=${CMAKE_PREFIX_PATH}:/opt/ros/jazzy DEBUGINFOD_URLS=https://debuginfod.ubuntu.com /usr/bin/cmake --build /home/apo/turtlebot3_localization_project/build/turtlebot3_localization -- -j12 -l12
[0.788s] [100%] Built target kf_node
[0.799s] Invoked command in '/home/apo/turtlebot3_localization_project/build/turtlebot3_localization' returned '0': CMAKE_PREFIX_PATH=${CMAKE_PREFIX_PATH}:/opt/ros/jazzy DEBUGINFOD_URLS=https://debuginfod.ubuntu.com /usr/bin/cmake --build /home/apo/turtlebot3_localization_project/build/turtlebot3_localization -- -j12 -l12
[0.809s] Invoking command in '/home/apo/turtlebot3_localization_project/build/turtlebot3_localization': CMAKE_PREFIX_PATH=${CMAKE_PREFIX_PATH}:/opt/ros/jazzy DEBUGINFOD_URLS=https://debuginfod.ubuntu.com /usr/bin/cmake --install /home/apo/turtlebot3_localization_project/build/turtlebot3_localization
[0.817s] -- Install configuration: ""
[0.817s] -- Execute custom install script
[0.817s] -- Up-to-date symlink: /home/apo/turtlebot3_localization_project/install/turtlebot3_localization/share/turtlebot3_localization/launch/ekf.launch.py
[0.817s] -- Up-to-date symlink: /home/apo/turtlebot3_localization_project/install/turtlebot3_localization/share/turtlebot3_localization/launch/kalman_filter_test.launch.py
[0.818s] -- Up-to-date symlink: /home/apo/turtlebot3_localization_project/install/turtlebot3_localization/share/turtlebot3_localization/launch/start_kf.launch.py
[0.818s] -- Up-to-date symlink: /home/apo/turtlebot3_localization_project/install/turtlebot3_localization/share/turtlebot3_localization/launch/start_sim_with_nav2.launch.py
[0.818s] -- Up-to-date symlink: /home/apo/turtlebot3_localization_project/install/turtlebot3_localization/lib/turtlebot3_localization/kf_node
[0.818s] -- Up-to-date symlink: /home/apo/turtlebot3_localization_project/install/turtlebot3_localization/share/ament_index/resource_index/package_run_dependencies/turtlebot3_localization
[0.818s] -- Up-to-date symlink: /home/apo/turtlebot3_localization_project/install/turtlebot3_localization/share/ament_index/resource_index/parent_prefix_path/turtlebot3_localization
[0.818s] -- Up-to-date symlink: /home/apo/turtlebot3_localization_project/install/turtlebot3_localization/share/turtlebot3_localization/environment/ament_prefix_path.sh
[0.818s] -- Up-to-date symlink: /home/apo/turtlebot3_localization_project/install/turtlebot3_localization/share/turtlebot3_localization/environment/ament_prefix_path.dsv
[0.818s] -- Up-to-date symlink: /home/apo/turtlebot3_localization_project/install/turtlebot3_localization/share/turtlebot3_localization/environment/path.sh
[0.819s] -- Up-to-date symlink: /home/apo/turtlebot3_localization_project/install/turtlebot3_localization/share/turtlebot3_localization/environment/path.dsv
[0.819s] -- Up-to-date symlink: /home/apo/turtlebot3_localization_project/install/turtlebot3_localization/share/turtlebot3_localization/local_setup.bash
[0.819s] -- Up-to-date symlink: /home/apo/turtlebot3_localization_project/install/turtlebot3_localization/share/turtlebot3_localization/local_setup.sh
[0.819s] -- Up-to-date symlink: /home/apo/turtlebot3_localization_project/install/turtlebot3_localization/share/turtlebot3_localization/local_setup.zsh
[0.819s] -- Up-to-date symlink: /home/apo/turtlebot3_localization_project/install/turtlebot3_localization/share/turtlebot3_localization/local_setup.dsv
[0.819s] -- Symlinking: /home/apo/turtlebot3_localization_project/install/turtlebot3_localization/share/turtlebot3_localization/package.dsv
[0.828s] -- Up-to-date symlink: /home/apo/turtlebot3_localization_project/install/turtlebot3_localization/share/ament_index/resource_index/packages/turtlebot3_localization
[0.829s] -- Up-to-date symlink: /home/apo/turtlebot3_localization_project/install/turtlebot3_localization/share/turtlebot3_localization/cmake/turtlebot3_localizationConfig.cmake
[0.829s] -- Up-to-date symlink: /home/apo/turtlebot3_localization_project/install/turtlebot3_localization/share/turtlebot3_localization/cmake/turtlebot3_localizationConfig-version.cmake
[0.829s] -- Up-to-date symlink: /home/apo/turtlebot3_localization_project/install/turtlebot3_localization/share/turtlebot3_localization/package.xml
[0.830s] Invoked command in '/home/apo/turtlebot3_localization_project/build/turtlebot3_localization' returned '0': CMAKE_PREFIX_PATH=${CMAKE_PREFIX_PATH}:/opt/ros/jazzy DEBUGINFOD_URLS=https://debuginfod.ubuntu.com /usr/bin/cmake --install /home/apo/turtlebot3_localization_project/build/turtlebot3_localization
