[ 50%] [32mBuilding CXX object CMakeFiles/pf_node.dir/src/pf.cpp.o[0m
[01m[K/home/apo/ProLab/src/pf.cpp:[m[K In member function ‘[01m[Kvoid ParticleFilterNode::[01;32m[Kcorrect[m[K(double, double)[m[K’:
[01m[K/home/apo/ProLab/src/pf.cpp:119:25:[m[K [01;35m[Kwarning: [m[Kunused parameter ‘[01m[Kv_meas[m[K’ [[01;35m[K]8;;https://gcc.gnu.org/onlinedocs/gcc/Warning-Options.html#index-Wunused-parameter-Wunused-parameter]8;;[m[K]
  119 |     void correct([01;35m[Kdouble v_meas[m[K, double omega_meas) {
      |                  [01;35m[K~~~~~~~^~~~~~[m[K
[01m[K/home/apo/ProLab/src/pf.cpp:119:40:[m[K [01;35m[Kwarning: [m[Kunused parameter ‘[01m[Komega_meas[m[K’ [[01;35m[K]8;;https://gcc.gnu.org/onlinedocs/gcc/Warning-Options.html#index-Wunused-parameter-Wunused-parameter]8;;[m[K]
  119 |     void correct(double v_meas, [01;35m[Kdouble omega_meas[m[K) {
      |                                 [01;35m[K~~~~~~~^~~~~~~~~~[m[K
[100%] [32m[1mLinking CXX executable pf_node[0m
[100%] Built target pf_node
-- Install configuration: ""
-- Installing: /home/apo/ProLab/install/particle_filter_node/lib/particle_filter_node/pf_node
-- Set non-toolchain portion of runtime path of "/home/apo/ProLab/install/particle_filter_node/lib/particle_filter_node/pf_node" to ""
-- Up-to-date: /home/apo/ProLab/install/particle_filter_node/share/particle_filter_node//launch
-- Up-to-date: /home/apo/ProLab/install/particle_filter_node/share/particle_filter_node//launch/start.launch.py
-- Up-to-date: /home/apo/ProLab/install/particle_filter_node/share/particle_filter_node//config
-- Up-to-date: /home/apo/ProLab/install/particle_filter_node/share/particle_filter_node//config/filter_params.yaml
-- Up-to-date: /home/apo/ProLab/install/particle_filter_node/share/ament_index/resource_index/package_run_dependencies/particle_filter_node
-- Up-to-date: /home/apo/ProLab/install/particle_filter_node/share/ament_index/resource_index/parent_prefix_path/particle_filter_node
-- Up-to-date: /home/apo/ProLab/install/particle_filter_node/share/particle_filter_node/environment/ament_prefix_path.sh
-- Up-to-date: /home/apo/ProLab/install/particle_filter_node/share/particle_filter_node/environment/ament_prefix_path.dsv
-- Up-to-date: /home/apo/ProLab/install/particle_filter_node/share/particle_filter_node/environment/path.sh
-- Up-to-date: /home/apo/ProLab/install/particle_filter_node/share/particle_filter_node/environment/path.dsv
-- Up-to-date: /home/apo/ProLab/install/particle_filter_node/share/particle_filter_node/local_setup.bash
-- Up-to-date: /home/apo/ProLab/install/particle_filter_node/share/particle_filter_node/local_setup.sh
-- Up-to-date: /home/apo/ProLab/install/particle_filter_node/share/particle_filter_node/local_setup.zsh
-- Up-to-date: /home/apo/ProLab/install/particle_filter_node/share/particle_filter_node/local_setup.dsv
-- Installing: /home/apo/ProLab/install/particle_filter_node/share/particle_filter_node/package.dsv
-- Up-to-date: /home/apo/ProLab/install/particle_filter_node/share/ament_index/resource_index/packages/particle_filter_node
-- Up-to-date: /home/apo/ProLab/install/particle_filter_node/share/particle_filter_node/cmake/particle_filter_nodeConfig.cmake
-- Up-to-date: /home/apo/ProLab/install/particle_filter_node/share/particle_filter_node/cmake/particle_filter_nodeConfig-version.cmake
-- Up-to-date: /home/apo/ProLab/install/particle_filter_node/share/particle_filter_node/package.xml
