[0.019s] Invoking command in '/home/apo/turtlebot3_localization_project/build/turtlebot3_localization': CMAKE_PREFIX_PATH=${CMAKE_PREFIX_PATH}:/opt/ros/jazzy DEBUGINFOD_URLS=https://debuginfod.ubuntu.com /usr/bin/cmake --build /home/apo/turtlebot3_localization_project/build/turtlebot3_localization -- -j12 -l12
[0.120s] [ 50%] Built target main_filter_node
[0.134s] [ 66%] [32mBuilding CXX object CMakeFiles/ekf_node.dir/src/ekf_node.cpp.o[0m
[20.582s] [ 83%] [32m[1mLinking CXX executable ekf_node[0m
[21.505s] [100%] Built target ekf_node
[21.525s] Invoked command in '/home/apo/turtlebot3_localization_project/build/turtlebot3_localization' returned '0': CMAKE_PREFIX_PATH=${CMAKE_PREFIX_PATH}:/opt/ros/jazzy DEBUGINFOD_URLS=https://debuginfod.ubuntu.com /usr/bin/cmake --build /home/apo/turtlebot3_localization_project/build/turtlebot3_localization -- -j12 -l12
[21.541s] Invoking command in '/home/apo/turtlebot3_localization_project/build/turtlebot3_localization': CMAKE_PREFIX_PATH=${CMAKE_PREFIX_PATH}:/opt/ros/jazzy DEBUGINFOD_URLS=https://debuginfod.ubuntu.com /usr/bin/cmake --install /home/apo/turtlebot3_localization_project/build/turtlebot3_localization
[21.554s] -- Install configuration: ""
[21.554s] -- Installing: /home/apo/turtlebot3_localization_project/install/turtlebot3_localization/lib/turtlebot3_localization/ekf_node
[21.576s] -- Set non-toolchain portion of runtime path of "/home/apo/turtlebot3_localization_project/install/turtlebot3_localization/lib/turtlebot3_localization/ekf_node" to ""
[21.577s] -- Up-to-date: /home/apo/turtlebot3_localization_project/install/turtlebot3_localization/lib/turtlebot3_localization/main_filter_node
[21.577s] -- Up-to-date: /home/apo/turtlebot3_localization_project/install/turtlebot3_localization/share/turtlebot3_localization//launch
[21.577s] -- Up-to-date: /home/apo/turtlebot3_localization_project/install/turtlebot3_localization/share/turtlebot3_localization//launch/waypoints.launch.py
[21.577s] -- Up-to-date: /home/apo/turtlebot3_localization_project/install/turtlebot3_localization/share/turtlebot3_localization//launch/start_sim_with_nav2.launch.py
[21.578s] -- Up-to-date: /home/apo/turtlebot3_localization_project/install/turtlebot3_localization/share/turtlebot3_localization//launch/kalman_filter_test.launch.py
[21.578s] -- Installing: /home/apo/turtlebot3_localization_project/install/turtlebot3_localization/share/turtlebot3_localization//launch/ekf.launch.py
[21.579s] -- Up-to-date: /home/apo/turtlebot3_localization_project/install/turtlebot3_localization/share/turtlebot3_localization//launch/start_sim.launch.py
[21.579s] -- Up-to-date: /home/apo/turtlebot3_localization_project/install/turtlebot3_localization/share/turtlebot3_localization//config
[21.579s] -- Up-to-date: /home/apo/turtlebot3_localization_project/install/turtlebot3_localization/share/turtlebot3_localization//config/filter_params.yaml
[21.580s] -- Up-to-date: /home/apo/turtlebot3_localization_project/install/turtlebot3_localization/share/turtlebot3_localization//maps
[21.580s] -- Up-to-date: /home/apo/turtlebot3_localization_project/install/turtlebot3_localization/share/turtlebot3_localization//maps/map.yaml
[21.580s] -- Up-to-date: /home/apo/turtlebot3_localization_project/install/turtlebot3_localization/share/turtlebot3_localization//rviz
[21.580s] -- Up-to-date: /home/apo/turtlebot3_localization_project/install/turtlebot3_localization/share/turtlebot3_localization//rviz/rviz_config.rviz
[21.580s] -- Up-to-date: /home/apo/turtlebot3_localization_project/install/turtlebot3_localization/include/
[21.581s] -- Up-to-date: /home/apo/turtlebot3_localization_project/install/turtlebot3_localization/include//turtlebot3_localization
[21.581s] -- Up-to-date: /home/apo/turtlebot3_localization_project/install/turtlebot3_localization/include//turtlebot3_localization/particle_filter.hpp
[21.581s] -- Up-to-date: /home/apo/turtlebot3_localization_project/install/turtlebot3_localization/include//turtlebot3_localization/kalman_filter.hpp
[21.581s] -- Installing: /home/apo/turtlebot3_localization_project/install/turtlebot3_localization/include//turtlebot3_localization/extended_kalman_filter.hpp
[21.581s] -- Up-to-date: /home/apo/turtlebot3_localization_project/install/turtlebot3_localization/share/ament_index/resource_index/package_run_dependencies/turtlebot3_localization
[21.582s] -- Up-to-date: /home/apo/turtlebot3_localization_project/install/turtlebot3_localization/share/ament_index/resource_index/parent_prefix_path/turtlebot3_localization
[21.582s] -- Up-to-date: /home/apo/turtlebot3_localization_project/install/turtlebot3_localization/share/turtlebot3_localization/environment/ament_prefix_path.sh
[21.582s] -- Up-to-date: /home/apo/turtlebot3_localization_project/install/turtlebot3_localization/share/turtlebot3_localization/environment/ament_prefix_path.dsv
[21.583s] -- Up-to-date: /home/apo/turtlebot3_localization_project/install/turtlebot3_localization/share/turtlebot3_localization/environment/path.sh
[21.583s] -- Up-to-date: /home/apo/turtlebot3_localization_project/install/turtlebot3_localization/share/turtlebot3_localization/environment/path.dsv
[21.583s] -- Up-to-date: /home/apo/turtlebot3_localization_project/install/turtlebot3_localization/share/turtlebot3_localization/local_setup.bash
[21.584s] -- Up-to-date: /home/apo/turtlebot3_localization_project/install/turtlebot3_localization/share/turtlebot3_localization/local_setup.sh
[21.584s] -- Up-to-date: /home/apo/turtlebot3_localization_project/install/turtlebot3_localization/share/turtlebot3_localization/local_setup.zsh
[21.585s] -- Up-to-date: /home/apo/turtlebot3_localization_project/install/turtlebot3_localization/share/turtlebot3_localization/local_setup.dsv
[21.586s] -- Installing: /home/apo/turtlebot3_localization_project/install/turtlebot3_localization/share/turtlebot3_localization/package.dsv
[21.586s] -- Up-to-date: /home/apo/turtlebot3_localization_project/install/turtlebot3_localization/share/ament_index/resource_index/packages/turtlebot3_localization
[21.586s] -- Up-to-date: /home/apo/turtlebot3_localization_project/install/turtlebot3_localization/share/turtlebot3_localization/cmake/turtlebot3_localizationConfig.cmake
[21.586s] -- Up-to-date: /home/apo/turtlebot3_localization_project/install/turtlebot3_localization/share/turtlebot3_localization/cmake/turtlebot3_localizationConfig-version.cmake
[21.586s] -- Up-to-date: /home/apo/turtlebot3_localization_project/install/turtlebot3_localization/share/turtlebot3_localization/package.xml
[21.587s] Invoked command in '/home/apo/turtlebot3_localization_project/build/turtlebot3_localization' returned '0': CMAKE_PREFIX_PATH=${CMAKE_PREFIX_PATH}:/opt/ros/jazzy DEBUGINFOD_URLS=https://debuginfod.ubuntu.com /usr/bin/cmake --install /home/apo/turtlebot3_localization_project/build/turtlebot3_localization
