[0.159s] DEBUG:colcon:Command line arguments: ['/usr/bin/colcon', 'build']
[0.159s] DEBUG:colcon:Parsed command line arguments: Namespace(log_base=None, log_level=None, verb_name='build', build_base='build', install_base='install', merge_install=False, symlink_install=False, test_result_base=None, continue_on_error=False, executor='parallel', parallel_workers=12, event_handlers=None, ignore_user_meta=False, metas=['./colcon.meta'], base_paths=['.'], packages_ignore=None, packages_ignore_regex=None, paths=None, packages_up_to=None, packages_up_to_regex=None, packages_above=None, packages_above_and_dependencies=None, packages_above_depth=None, packages_select_by_dep=None, packages_skip_by_dep=None, packages_skip_up_to=None, packages_select_build_failed=False, packages_skip_build_finished=False, packages_select_test_failures=False, packages_skip_test_passed=False, packages_select=None, packages_skip=None, packages_select_regex=None, packages_skip_regex=None, packages_start=None, packages_end=None, cmake_args=None, cmake_target=None, cmake_target_skip_unavailable=False, cmake_clean_cache=False, cmake_clean_first=False, cmake_force_configure=False, ament_cmake_args=None, catkin_cmake_args=None, catkin_skip_building_tests=False, verb_parser=<colcon_defaults.argument_parser.defaults.DefaultArgumentsDecorator object at 0x7826d5120650>, verb_extension=<colcon_core.verb.build.BuildVerb object at 0x7826d5248980>, main=<bound method BuildVerb.main of <colcon_core.verb.build.BuildVerb object at 0x7826d5248980>>)
[0.216s] Level 1:colcon.colcon_core.package_discovery:discover_packages(colcon_meta) check parameters
[0.216s] Level 1:colcon.colcon_core.package_discovery:discover_packages(recursive) check parameters
[0.216s] Level 1:colcon.colcon_core.package_discovery:discover_packages(ignore) check parameters
[0.216s] Level 1:colcon.colcon_core.package_discovery:discover_packages(path) check parameters
[0.216s] Level 1:colcon.colcon_core.package_discovery:discover_packages(colcon_meta) discover
[0.216s] Level 1:colcon.colcon_core.package_discovery:discover_packages(recursive) discover
[0.216s] INFO:colcon.colcon_core.package_discovery:Crawling recursively for packages in '/home/apo/turtlebot3_localization_project'
[0.216s] Level 1:colcon.colcon_core.package_identification:_identify(.) by extensions ['ignore', 'ignore_ament_install']
[0.217s] Level 1:colcon.colcon_core.package_identification:_identify(.) by extension 'ignore'
[0.217s] Level 1:colcon.colcon_core.package_identification:_identify(.) by extension 'ignore_ament_install'
[0.217s] Level 1:colcon.colcon_core.package_identification:_identify(.) by extensions ['colcon_pkg']
[0.217s] Level 1:colcon.colcon_core.package_identification:_identify(.) by extension 'colcon_pkg'
[0.217s] Level 1:colcon.colcon_core.package_identification:_identify(.) by extensions ['colcon_meta']
[0.217s] Level 1:colcon.colcon_core.package_identification:_identify(.) by extension 'colcon_meta'
[0.217s] Level 1:colcon.colcon_core.package_identification:_identify(.) by extensions ['ros']
[0.217s] Level 1:colcon.colcon_core.package_identification:_identify(.) by extension 'ros'
[0.258s] DEBUG:colcon.colcon_core.package_identification:Package '.' with type 'ros.ament_cmake' and name 'turtlebot3_localization'
[0.258s] Level 1:colcon.colcon_core.package_discovery:discover_packages(recursive) using defaults
[0.258s] Level 1:colcon.colcon_core.package_discovery:discover_packages(ignore) discover
[0.258s] Level 1:colcon.colcon_core.package_discovery:discover_packages(ignore) using defaults
[0.258s] Level 1:colcon.colcon_core.package_discovery:discover_packages(path) discover
[0.258s] Level 1:colcon.colcon_core.package_discovery:discover_packages(path) using defaults
[0.284s] Level 5:colcon.colcon_core.verb:set package 'turtlebot3_localization' build argument 'cmake_args' from command line to 'None'
[0.284s] Level 5:colcon.colcon_core.verb:set package 'turtlebot3_localization' build argument 'cmake_target' from command line to 'None'
[0.284s] Level 5:colcon.colcon_core.verb:set package 'turtlebot3_localization' build argument 'cmake_target_skip_unavailable' from command line to 'False'
[0.284s] Level 5:colcon.colcon_core.verb:set package 'turtlebot3_localization' build argument 'cmake_clean_cache' from command line to 'False'
[0.284s] Level 5:colcon.colcon_core.verb:set package 'turtlebot3_localization' build argument 'cmake_clean_first' from command line to 'False'
[0.284s] Level 5:colcon.colcon_core.verb:set package 'turtlebot3_localization' build argument 'cmake_force_configure' from command line to 'False'
[0.284s] Level 5:colcon.colcon_core.verb:set package 'turtlebot3_localization' build argument 'ament_cmake_args' from command line to 'None'
[0.284s] Level 5:colcon.colcon_core.verb:set package 'turtlebot3_localization' build argument 'catkin_cmake_args' from command line to 'None'
[0.284s] Level 5:colcon.colcon_core.verb:set package 'turtlebot3_localization' build argument 'catkin_skip_building_tests' from command line to 'False'
[0.284s] DEBUG:colcon.colcon_core.verb:Building package 'turtlebot3_localization' with the following arguments: {'ament_cmake_args': None, 'build_base': '/home/apo/turtlebot3_localization_project/build/turtlebot3_localization', 'catkin_cmake_args': None, 'catkin_skip_building_tests': False, 'cmake_args': None, 'cmake_clean_cache': False, 'cmake_clean_first': False, 'cmake_force_configure': False, 'cmake_target': None, 'cmake_target_skip_unavailable': False, 'install_base': '/home/apo/turtlebot3_localization_project/install/turtlebot3_localization', 'merge_install': False, 'path': '/home/apo/turtlebot3_localization_project', 'symlink_install': False, 'test_result_base': None}
[0.285s] INFO:colcon.colcon_core.executor:Executing jobs using 'parallel' executor
[0.286s] DEBUG:colcon.colcon_parallel_executor.executor.parallel:run_until_complete
[0.286s] INFO:colcon.colcon_ros.task.ament_cmake.build:Building ROS package in '/home/apo/turtlebot3_localization_project' with build type 'ament_cmake'
[0.286s] INFO:colcon.colcon_cmake.task.cmake.build:Building CMake package in '/home/apo/turtlebot3_localization_project'
[0.289s] INFO:colcon.colcon_core.plugin_system:Skipping extension 'colcon_core.shell.bat': Not used on non-Windows systems
[0.289s] DEBUG:colcon.colcon_core.shell:Skip shell extension 'dsv' for command environment
[0.306s] DEBUG:colcon.colcon_core.event_handler.log_command:Invoking command in '/home/apo/turtlebot3_localization_project/build/turtlebot3_localization': CMAKE_PREFIX_PATH=${CMAKE_PREFIX_PATH}:/opt/ros/jazzy DEBUGINFOD_URLS=https://debuginfod.ubuntu.com /usr/bin/cmake --build /home/apo/turtlebot3_localization_project/build/turtlebot3_localization -- -j12 -l12
[23.228s] DEBUG:colcon.colcon_core.event_handler.log_command:Invoked command in '/home/apo/turtlebot3_localization_project/build/turtlebot3_localization' returned '0': CMAKE_PREFIX_PATH=${CMAKE_PREFIX_PATH}:/opt/ros/jazzy DEBUGINFOD_URLS=https://debuginfod.ubuntu.com /usr/bin/cmake --build /home/apo/turtlebot3_localization_project/build/turtlebot3_localization -- -j12 -l12
[23.243s] DEBUG:colcon.colcon_core.event_handler.log_command:Invoking command in '/home/apo/turtlebot3_localization_project/build/turtlebot3_localization': CMAKE_PREFIX_PATH=${CMAKE_PREFIX_PATH}:/opt/ros/jazzy DEBUGINFOD_URLS=https://debuginfod.ubuntu.com /usr/bin/cmake --install /home/apo/turtlebot3_localization_project/build/turtlebot3_localization
[23.285s] Level 1:colcon.colcon_core.environment:create_environment_scripts_only(turtlebot3_localization)
[23.286s] DEBUG:colcon.colcon_core.event_handler.log_command:Invoked command in '/home/apo/turtlebot3_localization_project/build/turtlebot3_localization' returned '0': CMAKE_PREFIX_PATH=${CMAKE_PREFIX_PATH}:/opt/ros/jazzy DEBUGINFOD_URLS=https://debuginfod.ubuntu.com /usr/bin/cmake --install /home/apo/turtlebot3_localization_project/build/turtlebot3_localization
[23.289s] Level 1:colcon.colcon_core.environment:checking '/home/apo/turtlebot3_localization_project/install/turtlebot3_localization' for CMake module files
[23.290s] Level 1:colcon.colcon_core.environment:checking '/home/apo/turtlebot3_localization_project/install/turtlebot3_localization' for CMake config files
[23.291s] Level 1:colcon.colcon_core.shell:create_environment_hook('turtlebot3_localization', 'cmake_prefix_path')
[23.291s] INFO:colcon.colcon_core.shell:Creating environment descriptor '/home/apo/turtlebot3_localization_project/install/turtlebot3_localization/share/turtlebot3_localization/hook/cmake_prefix_path.dsv'
[23.292s] INFO:colcon.colcon_core.shell:Creating environment hook '/home/apo/turtlebot3_localization_project/install/turtlebot3_localization/share/turtlebot3_localization/hook/cmake_prefix_path.sh'
[23.295s] Level 1:colcon.colcon_core.environment:checking '/home/apo/turtlebot3_localization_project/install/turtlebot3_localization/lib'
[23.295s] Level 1:colcon.colcon_core.environment:checking '/home/apo/turtlebot3_localization_project/install/turtlebot3_localization/bin'
[23.295s] Level 1:colcon.colcon_core.environment:checking '/home/apo/turtlebot3_localization_project/install/turtlebot3_localization/lib/pkgconfig/turtlebot3_localization.pc'
[23.298s] Level 1:colcon.colcon_core.environment:checking '/home/apo/turtlebot3_localization_project/install/turtlebot3_localization/lib/python3.12/site-packages'
[23.298s] Level 1:colcon.colcon_core.environment:checking '/home/apo/turtlebot3_localization_project/install/turtlebot3_localization/bin'
[23.299s] INFO:colcon.colcon_core.shell:Creating package descriptor '/home/apo/turtlebot3_localization_project/install/turtlebot3_localization/share/turtlebot3_localization/package.dsv'
[23.299s] INFO:colcon.colcon_core.shell:Creating package script '/home/apo/turtlebot3_localization_project/install/turtlebot3_localization/share/turtlebot3_localization/package.sh'
[23.300s] INFO:colcon.colcon_core.shell:Creating package script '/home/apo/turtlebot3_localization_project/install/turtlebot3_localization/share/turtlebot3_localization/package.bash'
[23.301s] INFO:colcon.colcon_core.shell:Creating package script '/home/apo/turtlebot3_localization_project/install/turtlebot3_localization/share/turtlebot3_localization/package.zsh'
[23.302s] Level 1:colcon.colcon_core.environment:create_file_with_runtime_dependencies(/home/apo/turtlebot3_localization_project/install/turtlebot3_localization/share/colcon-core/packages/turtlebot3_localization)
[23.303s] Level 1:colcon.colcon_core.environment:create_environment_scripts_only(turtlebot3_localization)
[23.303s] Level 1:colcon.colcon_core.environment:checking '/home/apo/turtlebot3_localization_project/install/turtlebot3_localization' for CMake module files
[23.304s] Level 1:colcon.colcon_core.environment:checking '/home/apo/turtlebot3_localization_project/install/turtlebot3_localization' for CMake config files
[23.305s] Level 1:colcon.colcon_core.shell:create_environment_hook('turtlebot3_localization', 'cmake_prefix_path')
[23.305s] INFO:colcon.colcon_core.shell:Creating environment descriptor '/home/apo/turtlebot3_localization_project/install/turtlebot3_localization/share/turtlebot3_localization/hook/cmake_prefix_path.dsv'
[23.306s] INFO:colcon.colcon_core.shell:Creating environment hook '/home/apo/turtlebot3_localization_project/install/turtlebot3_localization/share/turtlebot3_localization/hook/cmake_prefix_path.sh'
[23.306s] Level 1:colcon.colcon_core.environment:checking '/home/apo/turtlebot3_localization_project/install/turtlebot3_localization/lib'
[23.307s] Level 1:colcon.colcon_core.environment:checking '/home/apo/turtlebot3_localization_project/install/turtlebot3_localization/bin'
[23.307s] Level 1:colcon.colcon_core.environment:checking '/home/apo/turtlebot3_localization_project/install/turtlebot3_localization/lib/pkgconfig/turtlebot3_localization.pc'
[23.307s] Level 1:colcon.colcon_core.environment:checking '/home/apo/turtlebot3_localization_project/install/turtlebot3_localization/lib/python3.12/site-packages'
[23.307s] Level 1:colcon.colcon_core.environment:checking '/home/apo/turtlebot3_localization_project/install/turtlebot3_localization/bin'
[23.307s] INFO:colcon.colcon_core.shell:Creating package descriptor '/home/apo/turtlebot3_localization_project/install/turtlebot3_localization/share/turtlebot3_localization/package.dsv'
[23.308s] INFO:colcon.colcon_core.shell:Creating package script '/home/apo/turtlebot3_localization_project/install/turtlebot3_localization/share/turtlebot3_localization/package.sh'
[23.309s] INFO:colcon.colcon_core.shell:Creating package script '/home/apo/turtlebot3_localization_project/install/turtlebot3_localization/share/turtlebot3_localization/package.bash'
[23.310s] INFO:colcon.colcon_core.shell:Creating package script '/home/apo/turtlebot3_localization_project/install/turtlebot3_localization/share/turtlebot3_localization/package.zsh'
[23.310s] Level 1:colcon.colcon_core.environment:create_file_with_runtime_dependencies(/home/apo/turtlebot3_localization_project/install/turtlebot3_localization/share/colcon-core/packages/turtlebot3_localization)
[23.311s] DEBUG:colcon.colcon_parallel_executor.executor.parallel:closing loop
[23.312s] DEBUG:colcon.colcon_parallel_executor.executor.parallel:loop closed
[23.312s] DEBUG:colcon.colcon_parallel_executor.executor.parallel:run_until_complete finished with '0'
[23.312s] DEBUG:colcon.colcon_core.event_reactor:joining thread
[23.321s] INFO:colcon.colcon_core.plugin_system:Skipping extension 'colcon_notification.desktop_notification.terminal_notifier': Not used on non-Darwin systems
[23.321s] INFO:colcon.colcon_core.plugin_system:Skipping extension 'colcon_notification.desktop_notification.win32': Not used on non-Windows systems
[23.322s] INFO:colcon.colcon_notification.desktop_notification:Sending desktop notification using 'notify2'
[23.340s] DEBUG:colcon.colcon_core.event_reactor:joined thread
[23.341s] INFO:colcon.colcon_core.shell:Creating prefix script '/home/apo/turtlebot3_localization_project/install/local_setup.sh'
[23.342s] INFO:colcon.colcon_core.shell:Creating prefix util module '/home/apo/turtlebot3_localization_project/install/_local_setup_util_sh.py'
[23.350s] INFO:colcon.colcon_core.shell:Creating prefix chain script '/home/apo/turtlebot3_localization_project/install/setup.sh'
[23.352s] INFO:colcon.colcon_core.shell:Creating prefix script '/home/apo/turtlebot3_localization_project/install/local_setup.bash'
[23.352s] INFO:colcon.colcon_core.shell:Creating prefix chain script '/home/apo/turtlebot3_localization_project/install/setup.bash'
[23.354s] INFO:colcon.colcon_core.shell:Creating prefix script '/home/apo/turtlebot3_localization_project/install/local_setup.zsh'
[23.354s] INFO:colcon.colcon_core.shell:Creating prefix chain script '/home/apo/turtlebot3_localization_project/install/setup.zsh'
