[0.089s] DEBUG:colcon:Command line arguments: ['/usr/bin/colcon', 'build', '--symlink-install']
[0.089s] DEBUG:colcon:Parsed command line arguments: Namespace(log_base=None, log_level=None, verb_name='build', build_base='build', install_base='install', merge_install=False, symlink_install=True, test_result_base=None, continue_on_error=False, executor='parallel', parallel_workers=12, event_handlers=None, ignore_user_meta=False, metas=['./colcon.meta'], base_paths=['.'], packages_ignore=None, packages_ignore_regex=None, paths=None, packages_up_to=None, packages_up_to_regex=None, packages_above=None, packages_above_and_dependencies=None, packages_above_depth=None, packages_select_by_dep=None, packages_skip_by_dep=None, packages_skip_up_to=None, packages_select_build_failed=False, packages_skip_build_finished=False, packages_select_test_failures=False, packages_skip_test_passed=False, packages_select=None, packages_skip=None, packages_select_regex=None, packages_skip_regex=None, packages_start=None, packages_end=None, cmake_args=None, cmake_target=None, cmake_target_skip_unavailable=False, cmake_clean_cache=False, cmake_clean_first=False, cmake_force_configure=False, ament_cmake_args=None, catkin_cmake_args=None, catkin_skip_building_tests=False, verb_parser=<colcon_defaults.argument_parser.defaults.DefaultArgumentsDecorator object at 0x73a14a310bf0>, verb_extension=<colcon_core.verb.build.BuildVerb object at 0x73a14a4394f0>, main=<bound method BuildVerb.main of <colcon_core.verb.build.BuildVerb object at 0x73a14a4394f0>>)
[0.123s] Level 1:colcon.colcon_core.package_discovery:discover_packages(colcon_meta) check parameters
[0.123s] Level 1:colcon.colcon_core.package_discovery:discover_packages(recursive) check parameters
[0.123s] Level 1:colcon.colcon_core.package_discovery:discover_packages(ignore) check parameters
[0.123s] Level 1:colcon.colcon_core.package_discovery:discover_packages(path) check parameters
[0.123s] Level 1:colcon.colcon_core.package_discovery:discover_packages(colcon_meta) discover
[0.123s] Level 1:colcon.colcon_core.package_discovery:discover_packages(recursive) discover
[0.123s] INFO:colcon.colcon_core.package_discovery:Crawling recursively for packages in '/home/apo/turtlebot3_localization_project'
[0.123s] Level 1:colcon.colcon_core.package_identification:_identify(.) by extensions ['ignore', 'ignore_ament_install']
[0.123s] Level 1:colcon.colcon_core.package_identification:_identify(.) by extension 'ignore'
[0.123s] Level 1:colcon.colcon_core.package_identification:_identify(.) by extension 'ignore_ament_install'
[0.123s] Level 1:colcon.colcon_core.package_identification:_identify(.) by extensions ['colcon_pkg']
[0.123s] Level 1:colcon.colcon_core.package_identification:_identify(.) by extension 'colcon_pkg'
[0.123s] Level 1:colcon.colcon_core.package_identification:_identify(.) by extensions ['colcon_meta']
[0.123s] Level 1:colcon.colcon_core.package_identification:_identify(.) by extension 'colcon_meta'
[0.123s] Level 1:colcon.colcon_core.package_identification:_identify(.) by extensions ['ros']
[0.123s] Level 1:colcon.colcon_core.package_identification:_identify(.) by extension 'ros'
[0.146s] DEBUG:colcon.colcon_core.package_identification:Package '.' with type 'ros.ament_cmake' and name 'turtlebot3_localization'
[0.146s] Level 1:colcon.colcon_core.package_discovery:discover_packages(recursive) using defaults
[0.146s] Level 1:colcon.colcon_core.package_discovery:discover_packages(ignore) discover
[0.147s] Level 1:colcon.colcon_core.package_discovery:discover_packages(ignore) using defaults
[0.147s] Level 1:colcon.colcon_core.package_discovery:discover_packages(path) discover
[0.147s] Level 1:colcon.colcon_core.package_discovery:discover_packages(path) using defaults
[0.161s] Level 5:colcon.colcon_core.verb:set package 'turtlebot3_localization' build argument 'cmake_args' from command line to 'None'
[0.161s] Level 5:colcon.colcon_core.verb:set package 'turtlebot3_localization' build argument 'cmake_target' from command line to 'None'
[0.161s] Level 5:colcon.colcon_core.verb:set package 'turtlebot3_localization' build argument 'cmake_target_skip_unavailable' from command line to 'False'
[0.161s] Level 5:colcon.colcon_core.verb:set package 'turtlebot3_localization' build argument 'cmake_clean_cache' from command line to 'False'
[0.161s] Level 5:colcon.colcon_core.verb:set package 'turtlebot3_localization' build argument 'cmake_clean_first' from command line to 'False'
[0.161s] Level 5:colcon.colcon_core.verb:set package 'turtlebot3_localization' build argument 'cmake_force_configure' from command line to 'False'
[0.161s] Level 5:colcon.colcon_core.verb:set package 'turtlebot3_localization' build argument 'ament_cmake_args' from command line to 'None'
[0.161s] Level 5:colcon.colcon_core.verb:set package 'turtlebot3_localization' build argument 'catkin_cmake_args' from command line to 'None'
[0.161s] Level 5:colcon.colcon_core.verb:set package 'turtlebot3_localization' build argument 'catkin_skip_building_tests' from command line to 'False'
[0.161s] DEBUG:colcon.colcon_core.verb:Building package 'turtlebot3_localization' with the following arguments: {'ament_cmake_args': None, 'build_base': '/home/apo/turtlebot3_localization_project/build/turtlebot3_localization', 'catkin_cmake_args': None, 'catkin_skip_building_tests': False, 'cmake_args': None, 'cmake_clean_cache': False, 'cmake_clean_first': False, 'cmake_force_configure': False, 'cmake_target': None, 'cmake_target_skip_unavailable': False, 'install_base': '/home/apo/turtlebot3_localization_project/install/turtlebot3_localization', 'merge_install': False, 'path': '/home/apo/turtlebot3_localization_project', 'symlink_install': True, 'test_result_base': None}
[0.161s] INFO:colcon.colcon_core.executor:Executing jobs using 'parallel' executor
[0.162s] DEBUG:colcon.colcon_parallel_executor.executor.parallel:run_until_complete
[0.162s] INFO:colcon.colcon_ros.task.ament_cmake.build:Building ROS package in '/home/apo/turtlebot3_localization_project' with build type 'ament_cmake'
[0.162s] INFO:colcon.colcon_cmake.task.cmake.build:Building CMake package in '/home/apo/turtlebot3_localization_project'
[0.164s] INFO:colcon.colcon_core.plugin_system:Skipping extension 'colcon_core.shell.bat': Not used on non-Windows systems
[0.164s] DEBUG:colcon.colcon_core.shell:Skip shell extension 'dsv' for command environment
[0.174s] DEBUG:colcon.colcon_core.event_handler.log_command:Invoking command in '/home/apo/turtlebot3_localization_project/build/turtlebot3_localization': CMAKE_PREFIX_PATH=${CMAKE_PREFIX_PATH}:/opt/ros/jazzy DEBUGINFOD_URLS=https://debuginfod.ubuntu.com /usr/bin/cmake --build /home/apo/turtlebot3_localization_project/build/turtlebot3_localization -- -j12 -l12
[0.961s] DEBUG:colcon.colcon_core.event_handler.log_command:Invoked command in '/home/apo/turtlebot3_localization_project/build/turtlebot3_localization' returned '0': CMAKE_PREFIX_PATH=${CMAKE_PREFIX_PATH}:/opt/ros/jazzy DEBUGINFOD_URLS=https://debuginfod.ubuntu.com /usr/bin/cmake --build /home/apo/turtlebot3_localization_project/build/turtlebot3_localization -- -j12 -l12
[0.971s] DEBUG:colcon.colcon_core.event_handler.log_command:Invoking command in '/home/apo/turtlebot3_localization_project/build/turtlebot3_localization': CMAKE_PREFIX_PATH=${CMAKE_PREFIX_PATH}:/opt/ros/jazzy DEBUGINFOD_URLS=https://debuginfod.ubuntu.com /usr/bin/cmake --install /home/apo/turtlebot3_localization_project/build/turtlebot3_localization
[1.028s] Level 1:colcon.colcon_core.environment:create_environment_scripts_only(turtlebot3_localization)
[1.028s] DEBUG:colcon.colcon_core.event_handler.log_command:Invoked command in '/home/apo/turtlebot3_localization_project/build/turtlebot3_localization' returned '0': CMAKE_PREFIX_PATH=${CMAKE_PREFIX_PATH}:/opt/ros/jazzy DEBUGINFOD_URLS=https://debuginfod.ubuntu.com /usr/bin/cmake --install /home/apo/turtlebot3_localization_project/build/turtlebot3_localization
[1.030s] Level 1:colcon.colcon_core.environment:checking '/home/apo/turtlebot3_localization_project/install/turtlebot3_localization' for CMake module files
[1.030s] Level 1:colcon.colcon_core.environment:checking '/home/apo/turtlebot3_localization_project/install/turtlebot3_localization' for CMake config files
[1.031s] Level 1:colcon.colcon_core.shell:create_environment_hook('turtlebot3_localization', 'cmake_prefix_path')
[1.031s] INFO:colcon.colcon_core.shell:Creating environment descriptor '/home/apo/turtlebot3_localization_project/install/turtlebot3_localization/share/turtlebot3_localization/hook/cmake_prefix_path.dsv'
[1.031s] INFO:colcon.colcon_core.shell:Creating environment hook '/home/apo/turtlebot3_localization_project/install/turtlebot3_localization/share/turtlebot3_localization/hook/cmake_prefix_path.sh'
[1.032s] Level 1:colcon.colcon_core.environment:checking '/home/apo/turtlebot3_localization_project/install/turtlebot3_localization/lib'
[1.032s] Level 1:colcon.colcon_core.environment:checking '/home/apo/turtlebot3_localization_project/install/turtlebot3_localization/bin'
[1.032s] Level 1:colcon.colcon_core.environment:checking '/home/apo/turtlebot3_localization_project/install/turtlebot3_localization/lib/pkgconfig/turtlebot3_localization.pc'
[1.034s] Level 1:colcon.colcon_core.environment:checking '/home/apo/turtlebot3_localization_project/install/turtlebot3_localization/lib/python3.12/site-packages'
[1.034s] Level 1:colcon.colcon_core.environment:checking '/home/apo/turtlebot3_localization_project/install/turtlebot3_localization/bin'
[1.034s] INFO:colcon.colcon_core.shell:Creating package descriptor '/home/apo/turtlebot3_localization_project/install/turtlebot3_localization/share/turtlebot3_localization/package.dsv'
[1.035s] INFO:colcon.colcon_core.shell:Creating package script '/home/apo/turtlebot3_localization_project/install/turtlebot3_localization/share/turtlebot3_localization/package.sh'
[1.035s] INFO:colcon.colcon_core.shell:Creating package script '/home/apo/turtlebot3_localization_project/install/turtlebot3_localization/share/turtlebot3_localization/package.bash'
[1.036s] INFO:colcon.colcon_core.shell:Creating package script '/home/apo/turtlebot3_localization_project/install/turtlebot3_localization/share/turtlebot3_localization/package.zsh'
[1.036s] Level 1:colcon.colcon_core.environment:create_file_with_runtime_dependencies(/home/apo/turtlebot3_localization_project/install/turtlebot3_localization/share/colcon-core/packages/turtlebot3_localization)
[1.037s] Level 1:colcon.colcon_core.environment:create_environment_scripts_only(turtlebot3_localization)
[1.037s] Level 1:colcon.colcon_core.environment:checking '/home/apo/turtlebot3_localization_project/install/turtlebot3_localization' for CMake module files
[1.038s] Level 1:colcon.colcon_core.environment:checking '/home/apo/turtlebot3_localization_project/install/turtlebot3_localization' for CMake config files
[1.038s] Level 1:colcon.colcon_core.shell:create_environment_hook('turtlebot3_localization', 'cmake_prefix_path')
[1.038s] INFO:colcon.colcon_core.shell:Creating environment descriptor '/home/apo/turtlebot3_localization_project/install/turtlebot3_localization/share/turtlebot3_localization/hook/cmake_prefix_path.dsv'
[1.039s] INFO:colcon.colcon_core.shell:Creating environment hook '/home/apo/turtlebot3_localization_project/install/turtlebot3_localization/share/turtlebot3_localization/hook/cmake_prefix_path.sh'
[1.039s] Level 1:colcon.colcon_core.environment:checking '/home/apo/turtlebot3_localization_project/install/turtlebot3_localization/lib'
[1.039s] Level 1:colcon.colcon_core.environment:checking '/home/apo/turtlebot3_localization_project/install/turtlebot3_localization/bin'
[1.039s] Level 1:colcon.colcon_core.environment:checking '/home/apo/turtlebot3_localization_project/install/turtlebot3_localization/lib/pkgconfig/turtlebot3_localization.pc'
[1.040s] Level 1:colcon.colcon_core.environment:checking '/home/apo/turtlebot3_localization_project/install/turtlebot3_localization/lib/python3.12/site-packages'
[1.040s] Level 1:colcon.colcon_core.environment:checking '/home/apo/turtlebot3_localization_project/install/turtlebot3_localization/bin'
[1.040s] INFO:colcon.colcon_core.shell:Creating package descriptor '/home/apo/turtlebot3_localization_project/install/turtlebot3_localization/share/turtlebot3_localization/package.dsv'
[1.040s] INFO:colcon.colcon_core.shell:Creating package script '/home/apo/turtlebot3_localization_project/install/turtlebot3_localization/share/turtlebot3_localization/package.sh'
[1.041s] INFO:colcon.colcon_core.shell:Creating package script '/home/apo/turtlebot3_localization_project/install/turtlebot3_localization/share/turtlebot3_localization/package.bash'
[1.041s] INFO:colcon.colcon_core.shell:Creating package script '/home/apo/turtlebot3_localization_project/install/turtlebot3_localization/share/turtlebot3_localization/package.zsh'
[1.042s] Level 1:colcon.colcon_core.environment:create_file_with_runtime_dependencies(/home/apo/turtlebot3_localization_project/install/turtlebot3_localization/share/colcon-core/packages/turtlebot3_localization)
[1.043s] DEBUG:colcon.colcon_parallel_executor.executor.parallel:closing loop
[1.043s] DEBUG:colcon.colcon_parallel_executor.executor.parallel:loop closed
[1.043s] DEBUG:colcon.colcon_parallel_executor.executor.parallel:run_until_complete finished with '0'
[1.043s] DEBUG:colcon.colcon_core.event_reactor:joining thread
[1.048s] INFO:colcon.colcon_core.plugin_system:Skipping extension 'colcon_notification.desktop_notification.terminal_notifier': Not used on non-Darwin systems
[1.048s] INFO:colcon.colcon_core.plugin_system:Skipping extension 'colcon_notification.desktop_notification.win32': Not used on non-Windows systems
[1.048s] INFO:colcon.colcon_notification.desktop_notification:Sending desktop notification using 'notify2'
[1.057s] DEBUG:colcon.colcon_core.event_reactor:joined thread
[1.057s] INFO:colcon.colcon_core.shell:Creating prefix script '/home/apo/turtlebot3_localization_project/install/local_setup.sh'
[1.058s] INFO:colcon.colcon_core.shell:Creating prefix util module '/home/apo/turtlebot3_localization_project/install/_local_setup_util_sh.py'
[1.061s] INFO:colcon.colcon_core.shell:Creating prefix chain script '/home/apo/turtlebot3_localization_project/install/setup.sh'
[1.062s] INFO:colcon.colcon_core.shell:Creating prefix script '/home/apo/turtlebot3_localization_project/install/local_setup.bash'
[1.062s] INFO:colcon.colcon_core.shell:Creating prefix chain script '/home/apo/turtlebot3_localization_project/install/setup.bash'
[1.063s] INFO:colcon.colcon_core.shell:Creating prefix script '/home/apo/turtlebot3_localization_project/install/local_setup.zsh'
[1.064s] INFO:colcon.colcon_core.shell:Creating prefix chain script '/home/apo/turtlebot3_localization_project/install/setup.zsh'
