[0.019s] Invoking command in '/home/apo/turtlebot3_localization_project/build/turtlebot3_localization': CMAKE_PREFIX_PATH=${CMAKE_PREFIX_PATH}:/opt/ros/jazzy DEBUGINFOD_URLS=https://debuginfod.ubuntu.com /usr/bin/cmake --build /home/apo/turtlebot3_localization_project/build/turtlebot3_localization -- -j12 -l12
[0.127s] [ 33%] [32mBuilding CXX object CMakeFiles/main_filter_node.dir/src/main_filter_node.cpp.o[0m
[4.112s] [01m[K/home/apo/turtlebot3_localization_project/src/main_filter_node.cpp:[m[K In constructor ‘[01m[KMainFilterNode::[01;32m[KMainFilterNode[m[K()[m[K’:
[4.112s] [01m[K/home/apo/turtlebot3_localization_project/src/main_filter_node.cpp:27:112:[m[K [01;31m[Kerror: [m[Kno match for ‘[01m[Koperator=[m[K’ (operand types are ‘[01m[Kstd::shared_ptr<message_filters::TimeSynchronizer<nav_msgs::msg::Odometry_<std::allocator<void> >, sensor_msgs::msg::Imu_<std::allocator<void> > > >[m[K’ and ‘[01m[Kstd::shared_ptr<message_filters::Synchronizer<message_filters::sync_policies::ApproximateTime<nav_msgs::msg::Odometry_<std::allocator<void> >, sensor_msgs::msg::Imu_<std::allocator<void> > > > >[m[K’)
[4.112s]    27 | d<message_filters::Synchronizer<SyncPolicy>>(SyncPolicy(10), odom_sub_, imu_sub_[01;31m[K)[m[K;
[4.112s]       |                                                                                 [01;31m[K^[m[K
[4.113s] 
[4.113s] In file included from [01m[K/usr/include/c++/13/memory:80[m[K,
[4.113s]                  from [01m[K/opt/ros/jazzy/include/rclcpp/rclcpp/rclcpp.hpp:169[m[K,
[4.113s]                  from [01m[K/home/apo/turtlebot3_localization_project/src/main_filter_node.cpp:1[m[K:
[4.113s] [01m[K/usr/include/c++/13/bits/shared_ptr.h:418:9:[m[K [01;36m[Knote: [m[Kcandidate: ‘[01m[Ktemplate<class _Yp> std::shared_ptr<_Tp>::_Assignable<const std::shared_ptr<_Yp>&> std::shared_ptr<_Tp>::[01;32m[Koperator=[m[K(const std::shared_ptr<_Yp>&) [35m[K[with _Tp = message_filters::TimeSynchronizer<nav_msgs::msg::Odometry_<std::allocator<void> >, sensor_msgs::msg::Imu_<std::allocator<void> > >][m[K[m[K’
[4.114s]   418 |         [01;36m[Koperator[m[K=(const shared_ptr<_Yp>& __r) noexcept
[4.114s]       |         [01;36m[K^~~~~~~~[m[K
[4.114s] [01m[K/usr/include/c++/13/bits/shared_ptr.h:418:9:[m[K [01;36m[Knote: [m[K  template argument deduction/substitution failed:
[4.115s] /usr/include/c++/13/bits/shared_ptr.h: In substitution of ‘[01m[Ktemplate<class _Tp> template<class _Arg> using std::shared_ptr<_Tp>::_Assignable = typename std::enable_if<std::is_assignable<std::__shared_ptr<_Tp>&, _Arg>::value, std::shared_ptr<_Tp>&>::type [35m[K[with _Arg = const std::shared_ptr<message_filters::Synchronizer<message_filters::sync_policies::ApproximateTime<nav_msgs::msg::Odometry_<std::allocator<void> >, sensor_msgs::msg::Imu_<std::allocator<void> > > > >&; _Tp = message_filters::TimeSynchronizer<nav_msgs::msg::Odometry_<std::allocator<void> >, sensor_msgs::msg::Imu_<std::allocator<void> > >][m[K[m[K’:
[4.115s] [01m[K/usr/include/c++/13/bits/shared_ptr.h:418:2:[m[K   required by substitution of ‘[01m[Ktemplate<class _Yp> std::shared_ptr<message_filters::TimeSynchronizer<nav_msgs::msg::Odometry_<std::allocator<void> >, sensor_msgs::msg::Imu_<std::allocator<void> > > >::_Assignable<const std::shared_ptr<_Tp>&> std::shared_ptr<message_filters::TimeSynchronizer<nav_msgs::msg::Odometry_<std::allocator<void> >, sensor_msgs::msg::Imu_<std::allocator<void> > > >::[01;32m[Koperator=[m[K(const std::shared_ptr<_Tp>&) [35m[K[with _Yp = message_filters::Synchronizer<message_filters::sync_policies::ApproximateTime<nav_msgs::msg::Odometry_<std::allocator<void> >, sensor_msgs::msg::Imu_<std::allocator<void> > > >][m[K[m[K’
[4.115s] [01m[K/home/apo/turtlebot3_localization_project/src/main_filter_node.cpp:27:112:[m[K   required from here
[4.115s] [01m[K/usr/include/c++/13/bits/shared_ptr.h:183:15:[m[K [01;31m[Kerror: [m[Kno type named ‘[01m[Ktype[m[K’ in ‘[01m[Kstruct std::enable_if<false, std::shared_ptr<message_filters::TimeSynchronizer<nav_msgs::msg::Odometry_<std::allocator<void> >, sensor_msgs::msg::Imu_<std::allocator<void> > > >&>[m[K’
[4.115s]   183 |         using [01;31m[K_Assignable[m[K = typename enable_if<
[4.115s]       |               [01;31m[K^~~~~~~~~~~[m[K
[4.116s] [01m[K/usr/include/c++/13/bits/shared_ptr.h:429:9:[m[K [01;36m[Knote: [m[Kcandidate: ‘[01m[Ktemplate<class _Yp> std::shared_ptr<_Tp>::_Assignable<std::auto_ptr<_Up> > std::shared_ptr<_Tp>::[01;32m[Koperator=[m[K(std::auto_ptr<_Up>&&) [35m[K[with _Tp = message_filters::TimeSynchronizer<nav_msgs::msg::Odometry_<std::allocator<void> >, sensor_msgs::msg::Imu_<std::allocator<void> > >][m[K[m[K’
[4.116s]   429 |         [01;36m[Koperator[m[K=(auto_ptr<_Yp>&& __r)
[4.116s]       |         [01;36m[K^~~~~~~~[m[K
[4.116s] [01m[K/usr/include/c++/13/bits/shared_ptr.h:429:9:[m[K [01;36m[Knote: [m[K  template argument deduction/substitution failed:
[4.116s] [01m[K/home/apo/turtlebot3_localization_project/src/main_filter_node.cpp:27:112:[m[K [01;36m[Knote: [m[K  ‘[01m[Kstd::shared_ptr<message_filters::Synchronizer<message_filters::sync_policies::ApproximateTime<nav_msgs::msg::Odometry_<std::allocator<void> >, sensor_msgs::msg::Imu_<std::allocator<void> > > > >[m[K’ is not derived from ‘[01m[Kstd::auto_ptr<_Up>[m[K’
[4.116s]    27 | d<message_filters::Synchronizer<SyncPolicy>>(SyncPolicy(10), odom_sub_, imu_sub_[01;36m[K)[m[K;
[4.116s]       |                                                                                 [01;36m[K^[m[K
[4.117s] 
[4.117s] [01m[K/usr/include/c++/13/bits/shared_ptr.h:446:9:[m[K [01;36m[Knote: [m[Kcandidate: ‘[01m[Ktemplate<class _Yp> std::shared_ptr<_Tp>::_Assignable<std::shared_ptr<_Yp> > std::shared_ptr<_Tp>::[01;32m[Koperator=[m[K(std::shared_ptr<_Yp>&&) [35m[K[with _Tp = message_filters::TimeSynchronizer<nav_msgs::msg::Odometry_<std::allocator<void> >, sensor_msgs::msg::Imu_<std::allocator<void> > >][m[K[m[K’
[4.117s]   446 |         [01;36m[Koperator[m[K=(shared_ptr<_Yp>&& __r) noexcept
[4.117s]       |         [01;36m[K^~~~~~~~[m[K
[4.117s] [01m[K/usr/include/c++/13/bits/shared_ptr.h:446:9:[m[K [01;36m[Knote: [m[K  template argument deduction/substitution failed:
[4.117s] /usr/include/c++/13/bits/shared_ptr.h: In substitution of ‘[01m[Ktemplate<class _Tp> template<class _Arg> using std::shared_ptr<_Tp>::_Assignable = typename std::enable_if<std::is_assignable<std::__shared_ptr<_Tp>&, _Arg>::value, std::shared_ptr<_Tp>&>::type [35m[K[with _Arg = std::shared_ptr<message_filters::Synchronizer<message_filters::sync_policies::ApproximateTime<nav_msgs::msg::Odometry_<std::allocator<void> >, sensor_msgs::msg::Imu_<std::allocator<void> > > > >; _Tp = message_filters::TimeSynchronizer<nav_msgs::msg::Odometry_<std::allocator<void> >, sensor_msgs::msg::Imu_<std::allocator<void> > >][m[K[m[K’:
[4.117s] [01m[K/usr/include/c++/13/bits/shared_ptr.h:446:2:[m[K   required by substitution of ‘[01m[Ktemplate<class _Yp> std::shared_ptr<message_filters::TimeSynchronizer<nav_msgs::msg::Odometry_<std::allocator<void> >, sensor_msgs::msg::Imu_<std::allocator<void> > > >::_Assignable<std::shared_ptr<_Tp> > std::shared_ptr<message_filters::TimeSynchronizer<nav_msgs::msg::Odometry_<std::allocator<void> >, sensor_msgs::msg::Imu_<std::allocator<void> > > >::[01;32m[Koperator=[m[K(std::shared_ptr<_Tp>&&) [35m[K[with _Yp = message_filters::Synchronizer<message_filters::sync_policies::ApproximateTime<nav_msgs::msg::Odometry_<std::allocator<void> >, sensor_msgs::msg::Imu_<std::allocator<void> > > >][m[K[m[K’
[4.118s] [01m[K/home/apo/turtlebot3_localization_project/src/main_filter_node.cpp:27:112:[m[K   required from here
[4.118s] [01m[K/usr/include/c++/13/bits/shared_ptr.h:183:15:[m[K [01;31m[Kerror: [m[Kno type named ‘[01m[Ktype[m[K’ in ‘[01m[Kstruct std::enable_if<false, std::shared_ptr<message_filters::TimeSynchronizer<nav_msgs::msg::Odometry_<std::allocator<void> >, sensor_msgs::msg::Imu_<std::allocator<void> > > >&>[m[K’
[4.118s]   183 |         using [01;31m[K_Assignable[m[K = typename enable_if<
[4.118s]       |               [01;31m[K^~~~~~~~~~~[m[K
[4.118s] [01m[K/usr/include/c++/13/bits/shared_ptr.h:454:9:[m[K [01;36m[Knote: [m[Kcandidate: ‘[01m[Ktemplate<class _Yp, class _Del> std::shared_ptr<_Tp>::_Assignable<std::unique_ptr<_Up, _Ep> > std::shared_ptr<_Tp>::[01;32m[Koperator=[m[K(std::unique_ptr<_Up, _Ep>&&) [35m[K[with _Del = _Yp; _Tp = message_filters::TimeSynchronizer<nav_msgs::msg::Odometry_<std::allocator<void> >, sensor_msgs::msg::Imu_<std::allocator<void> > >][m[K[m[K’
[4.119s]   454 |         [01;36m[Koperator[m[K=(unique_ptr<_Yp, _Del>&& __r)
[4.119s]       |         [01;36m[K^~~~~~~~[m[K
[4.119s] [01m[K/usr/include/c++/13/bits/shared_ptr.h:454:9:[m[K [01;36m[Knote: [m[K  template argument deduction/substitution failed:
[4.119s] [01m[K/home/apo/turtlebot3_localization_project/src/main_filter_node.cpp:27:112:[m[K [01;36m[Knote: [m[K  ‘[01m[Kstd::shared_ptr<message_filters::Synchronizer<message_filters::sync_policies::ApproximateTime<nav_msgs::msg::Odometry_<std::allocator<void> >, sensor_msgs::msg::Imu_<std::allocator<void> > > > >[m[K’ is not derived from ‘[01m[Kstd::unique_ptr<_Tp, _Dp>[m[K’
[4.119s]    27 | d<message_filters::Synchronizer<SyncPolicy>>(SyncPolicy(10), odom_sub_, imu_sub_[01;36m[K)[m[K;
[4.119s]       |                                                                                 [01;36m[K^[m[K
[4.120s] 
[4.120s] [01m[K/usr/include/c++/13/bits/shared_ptr.h:414:19:[m[K [01;36m[Knote: [m[Kcandidate: ‘[01m[Kstd::shared_ptr<_Tp>& std::shared_ptr<_Tp>::[01;32m[Koperator=[m[K(const std::shared_ptr<_Tp>&) [35m[K[with _Tp = message_filters::TimeSynchronizer<nav_msgs::msg::Odometry_<std::allocator<void> >, sensor_msgs::msg::Imu_<std::allocator<void> > >][m[K[m[K’
[4.120s]   414 |       shared_ptr& [01;36m[Koperator[m[K=(const shared_ptr&) noexcept = default;
[4.120s]       |                   [01;36m[K^~~~~~~~[m[K
[4.120s] [01m[K/usr/include/c++/13/bits/shared_ptr.h:414:29:[m[K [01;36m[Knote: [m[K  no known conversion for argument 1 from ‘[01m[Kstd::shared_ptr<message_filters::Synchronizer<message_filters::sync_policies::ApproximateTime<nav_msgs::msg::Odometry_<std::allocator<void> >, sensor_msgs::msg::Imu_<std::allocator<void> > > > >[m[K’ to ‘[01m[Kconst std::shared_ptr<message_filters::TimeSynchronizer<nav_msgs::msg::Odometry_<std::allocator<void> >, sensor_msgs::msg::Imu_<std::allocator<void> > > >&[m[K’
[4.120s]   414 |       shared_ptr& operator=([01;36m[Kconst shared_ptr&[m[K) noexcept = default;
[4.120s]       |                             [01;36m[K^~~~~~~~~~~~~~~~~[m[K
[4.120s] [01m[K/usr/include/c++/13/bits/shared_ptr.h:438:7:[m[K [01;36m[Knote: [m[Kcandidate: ‘[01m[Kstd::shared_ptr<_Tp>& std::shared_ptr<_Tp>::[01;32m[Koperator=[m[K(std::shared_ptr<_Tp>&&) [35m[K[with _Tp = message_filters::TimeSynchronizer<nav_msgs::msg::Odometry_<std::allocator<void> >, sensor_msgs::msg::Imu_<std::allocator<void> > >][m[K[m[K’
[4.121s]   438 |       [01;36m[Koperator[m[K=(shared_ptr&& __r) noexcept
[4.121s]       |       [01;36m[K^~~~~~~~[m[K
[4.121s] [01m[K/usr/include/c++/13/bits/shared_ptr.h:438:30:[m[K [01;36m[Knote: [m[K  no known conversion for argument 1 from ‘[01m[Kstd::shared_ptr<message_filters::Synchronizer<message_filters::sync_policies::ApproximateTime<nav_msgs::msg::Odometry_<std::allocator<void> >, sensor_msgs::msg::Imu_<std::allocator<void> > > > >[m[K’ to ‘[01m[Kstd::shared_ptr<message_filters::TimeSynchronizer<nav_msgs::msg::Odometry_<std::allocator<void> >, sensor_msgs::msg::Imu_<std::allocator<void> > > >&&[m[K’
[4.121s]   438 |       operator=([01;36m[Kshared_ptr&& __r[m[K) noexcept
[4.121s]       |                 [01;36m[K~~~~~~~~~~~~~^~~[m[K
[4.173s] [01m[K/home/apo/turtlebot3_localization_project/src/main_filter_node.cpp:28:44:[m[K [01;31m[Kerror: [m[K‘[01m[KFilterNode[m[K’ has not been declared
[4.174s]    28 |         sync_->registerCallback(std::bind(&[01;31m[KFilterNode[m[K::syncedCallback, this, _1, _2));
[4.174s]       |                                            [01;31m[K^~~~~~~~~~[m[K
[8.433s] gmake[2]: *** [CMakeFiles/main_filter_node.dir/build.make:76: CMakeFiles/main_filter_node.dir/src/main_filter_node.cpp.o] Error 1
[8.433s] gmake[1]: *** [CMakeFiles/Makefile2:137: CMakeFiles/main_filter_node.dir/all] Error 2
[8.434s] gmake: *** [Makefile:146: all] Error 2
[8.437s] Invoked command in '/home/apo/turtlebot3_localization_project/build/turtlebot3_localization' returned '2': CMAKE_PREFIX_PATH=${CMAKE_PREFIX_PATH}:/opt/ros/jazzy DEBUGINFOD_URLS=https://debuginfod.ubuntu.com /usr/bin/cmake --build /home/apo/turtlebot3_localization_project/build/turtlebot3_localization -- -j12 -l12
