[0.011s] Invoking command in '/home/apo/ProLab/build/particle_filter_node': CMAKE_PREFIX_PATH=${CMAKE_PREFIX_PATH}:/opt/ros/jazzy DEBUGINFOD_URLS=https://debuginfod.ubuntu.com /usr/bin/cmake --build /home/apo/ProLab/build/particle_filter_node -- -j12 -l12
[0.071s] [ 75%] Built target pattern_node
[0.071s] [ 75%] Built target kf_node
[0.071s] [ 75%] Built target ekf_node
[0.075s] [ 87%] [32mBuilding CXX object CMakeFiles/pf_node.dir/src/pf.cpp.o[0m
[11.183s] [100%] [32m[1mLinking CXX executable pf_node[0m
[11.590s] [100%] Built target pf_node
[11.602s] Invoked command in '/home/apo/ProLab/build/particle_filter_node' returned '0': CMAKE_PREFIX_PATH=${CMAKE_PREFIX_PATH}:/opt/ros/jazzy DEBUGINFOD_URLS=https://debuginfod.ubuntu.com /usr/bin/cmake --build /home/apo/ProLab/build/particle_filter_node -- -j12 -l12
[11.612s] Invoking command in '/home/apo/ProLab/build/particle_filter_node': CMAKE_PREFIX_PATH=${CMAKE_PREFIX_PATH}:/opt/ros/jazzy DEBUGINFOD_URLS=https://debuginfod.ubuntu.com /usr/bin/cmake --install /home/apo/ProLab/build/particle_filter_node
[11.620s] -- Install configuration: ""
[11.621s] -- Installing: /home/apo/ProLab/install/particle_filter_node/lib/particle_filter_node/pf_node
[11.633s] -- Set non-toolchain portion of runtime path of "/home/apo/ProLab/install/particle_filter_node/lib/particle_filter_node/pf_node" to ""
[11.633s] -- Up-to-date: /home/apo/ProLab/install/particle_filter_node/lib/particle_filter_node/kf_node
[11.633s] -- Up-to-date: /home/apo/ProLab/install/particle_filter_node/lib/particle_filter_node/ekf_node
[11.634s] -- Up-to-date: /home/apo/ProLab/install/particle_filter_node/lib/particle_filter_node/pattern_node
[11.634s] -- Up-to-date: /home/apo/ProLab/install/particle_filter_node/share/particle_filter_node//launch
[11.634s] -- Up-to-date: /home/apo/ProLab/install/particle_filter_node/share/particle_filter_node//launch/start.launch.py
[11.634s] -- Up-to-date: /home/apo/ProLab/install/particle_filter_node/share/ament_index/resource_index/package_run_dependencies/particle_filter_node
[11.634s] -- Up-to-date: /home/apo/ProLab/install/particle_filter_node/share/ament_index/resource_index/parent_prefix_path/particle_filter_node
[11.635s] -- Up-to-date: /home/apo/ProLab/install/particle_filter_node/share/particle_filter_node/environment/ament_prefix_path.sh
[11.635s] -- Up-to-date: /home/apo/ProLab/install/particle_filter_node/share/particle_filter_node/environment/ament_prefix_path.dsv
[11.635s] -- Up-to-date: /home/apo/ProLab/install/particle_filter_node/share/particle_filter_node/environment/path.sh
[11.635s] -- Up-to-date: /home/apo/ProLab/install/particle_filter_node/share/particle_filter_node/environment/path.dsv
[11.635s] -- Up-to-date: /home/apo/ProLab/install/particle_filter_node/share/particle_filter_node/local_setup.bash
[11.635s] -- Up-to-date: /home/apo/ProLab/install/particle_filter_node/share/particle_filter_node/local_setup.sh
[11.635s] -- Up-to-date: /home/apo/ProLab/install/particle_filter_node/share/particle_filter_node/local_setup.zsh
[11.636s] -- Up-to-date: /home/apo/ProLab/install/particle_filter_node/share/particle_filter_node/local_setup.dsv
[11.636s] -- Installing: /home/apo/ProLab/install/particle_filter_node/share/particle_filter_node/package.dsv
[11.636s] -- Up-to-date: /home/apo/ProLab/install/particle_filter_node/share/ament_index/resource_index/packages/particle_filter_node
[11.636s] -- Up-to-date: /home/apo/ProLab/install/particle_filter_node/share/particle_filter_node/cmake/particle_filter_nodeConfig.cmake
[11.636s] -- Up-to-date: /home/apo/ProLab/install/particle_filter_node/share/particle_filter_node/cmake/particle_filter_nodeConfig-version.cmake
[11.636s] -- Up-to-date: /home/apo/ProLab/install/particle_filter_node/share/particle_filter_node/package.xml
[11.637s] Invoked command in '/home/apo/ProLab/build/particle_filter_node' returned '0': CMAKE_PREFIX_PATH=${CMAKE_PREFIX_PATH}:/opt/ros/jazzy DEBUGINFOD_URLS=https://debuginfod.ubuntu.com /usr/bin/cmake --install /home/apo/ProLab/build/particle_filter_node
