-- The C compiler identification is GNU 13.3.0
-- The CXX compiler identification is GNU 13.3.0
-- Detecting C compiler ABI info
-- Detecting C compiler ABI info - done
-- Check for working C compiler: /usr/bin/cc - skipped
-- Detecting C compile features
-- Detecting C compile features - done
-- Detecting CXX compiler ABI info
-- Detecting CXX compiler ABI info - done
-- Check for working CXX compiler: /usr/bin/c++ - skipped
-- Detecting CXX compile features
-- Detecting CXX compile features - done
-- Found ament_cmake: 2.5.4 (/opt/ros/jazzy/share/ament_cmake/cmake)
-- Found Python3: /usr/bin/python3 (found version "3.12.3") found components: Interpreter 
-- Found rclcpp: 28.1.9 (/opt/ros/jazzy/share/rclcpp/cmake)
-- Found rosidl_generator_c: 4.6.5 (/opt/ros/jazzy/share/rosidl_generator_c/cmake)
-- Found rosidl_generator_cpp: 4.6.5 (/opt/ros/jazzy/share/rosidl_generator_cpp/cmake)
-- Using all available rosidl_typesupport_c: rosidl_typesupport_fastrtps_c;rosidl_typesupport_introspection_c
-- Using all available rosidl_typesupport_cpp: rosidl_typesupport_fastrtps_cpp;rosidl_typesupport_introspection_cpp
-- Found rmw_implementation_cmake: 7.3.2 (/opt/ros/jazzy/share/rmw_implementation_cmake/cmake)
-- Found rmw_fastrtps_cpp: 8.4.2 (/opt/ros/jazzy/share/rmw_fastrtps_cpp/cmake)
-- Found OpenSSL: /usr/lib/x86_64-linux-gnu/libcrypto.so (found version "3.0.13")  
-- Found FastRTPS: /opt/ros/jazzy/include (Required is at least version "2.13") 
-- Using RMW implementation 'rmw_fastrtps_cpp' as default
-- Found rclcpp_action: 28.1.9 (/opt/ros/jazzy/share/rclcpp_action/cmake)
-- Found geometry_msgs: 5.3.6 (/opt/ros/jazzy/share/geometry_msgs/cmake)
-- Found nav_msgs: 5.3.6 (/opt/ros/jazzy/share/nav_msgs/cmake)
-- Found sensor_msgs: 5.3.6 (/opt/ros/jazzy/share/sensor_msgs/cmake)
-- Found message_filters: 4.11.6 (/opt/ros/jazzy/share/message_filters/cmake)
-- Found tf2: 0.36.12 (/opt/ros/jazzy/share/tf2/cmake)
-- Found tf2_geometry_msgs: 0.36.12 (/opt/ros/jazzy/share/tf2_geometry_msgs/cmake)
-- Found eigen3_cmake_module: 0.3.0 (/opt/ros/jazzy/share/eigen3_cmake_module/cmake)
-- Found Eigen3: TRUE (found version "3.4.0") 
-- Ensuring Eigen3 include directory is part of orocos-kdl CMake target
-- Configuring done (1.4s)
-- Generating done (0.0s)
-- Build files have been written to: /home/apo/ProLab/build/particle_filter_node
[ 25%] [32mBuilding CXX object CMakeFiles/kf_node.dir/src/kf.cpp.o[0m
[ 75%] Built target pf_node
[100%] [32m[1mLinking CXX executable kf_node[0m
[100%] Built target kf_node
-- Install configuration: ""
-- Up-to-date: /home/apo/ProLab/install/particle_filter_node/lib/particle_filter_node/pf_node
-- Installing: /home/apo/ProLab/install/particle_filter_node/lib/particle_filter_node/kf_node
-- Set non-toolchain portion of runtime path of "/home/apo/ProLab/install/particle_filter_node/lib/particle_filter_node/kf_node" to ""
-- Up-to-date: /home/apo/ProLab/install/particle_filter_node/share/particle_filter_node//launch
-- Up-to-date: /home/apo/ProLab/install/particle_filter_node/share/particle_filter_node//launch/start.launch.py
-- Up-to-date: /home/apo/ProLab/install/particle_filter_node/share/particle_filter_node//config
-- Up-to-date: /home/apo/ProLab/install/particle_filter_node/share/particle_filter_node//config/filter_params.yaml
-- Installing: /home/apo/ProLab/install/particle_filter_node/share/ament_index/resource_index/package_run_dependencies/particle_filter_node
-- Up-to-date: /home/apo/ProLab/install/particle_filter_node/share/ament_index/resource_index/parent_prefix_path/particle_filter_node
-- Up-to-date: /home/apo/ProLab/install/particle_filter_node/share/particle_filter_node/environment/ament_prefix_path.sh
-- Up-to-date: /home/apo/ProLab/install/particle_filter_node/share/particle_filter_node/environment/ament_prefix_path.dsv
-- Up-to-date: /home/apo/ProLab/install/particle_filter_node/share/particle_filter_node/environment/path.sh
-- Up-to-date: /home/apo/ProLab/install/particle_filter_node/share/particle_filter_node/environment/path.dsv
-- Up-to-date: /home/apo/ProLab/install/particle_filter_node/share/particle_filter_node/local_setup.bash
-- Up-to-date: /home/apo/ProLab/install/particle_filter_node/share/particle_filter_node/local_setup.sh
-- Up-to-date: /home/apo/ProLab/install/particle_filter_node/share/particle_filter_node/local_setup.zsh
-- Up-to-date: /home/apo/ProLab/install/particle_filter_node/share/particle_filter_node/local_setup.dsv
-- Installing: /home/apo/ProLab/install/particle_filter_node/share/particle_filter_node/package.dsv
-- Up-to-date: /home/apo/ProLab/install/particle_filter_node/share/ament_index/resource_index/packages/particle_filter_node
-- Installing: /home/apo/ProLab/install/particle_filter_node/share/particle_filter_node/cmake/particle_filter_nodeConfig.cmake
-- Installing: /home/apo/ProLab/install/particle_filter_node/share/particle_filter_node/cmake/particle_filter_nodeConfig-version.cmake
-- Installing: /home/apo/ProLab/install/particle_filter_node/share/particle_filter_node/package.xml
