[0.169s] DEBUG:colcon:Command line arguments: ['/usr/bin/colcon', 'build', '--packages-select', 'particle_filter_node']
[0.169s] DEBUG:colcon:Parsed command line arguments: Namespace(log_base=None, log_level=None, verb_name='build', build_base='build', install_base='install', merge_install=False, symlink_install=False, test_result_base=None, continue_on_error=False, executor='parallel', parallel_workers=12, event_handlers=None, ignore_user_meta=False, metas=['./colcon.meta'], base_paths=['.'], packages_ignore=None, packages_ignore_regex=None, paths=None, packages_up_to=None, packages_up_to_regex=None, packages_above=None, packages_above_and_dependencies=None, packages_above_depth=None, packages_select_by_dep=None, packages_skip_by_dep=None, packages_skip_up_to=None, packages_select_build_failed=False, packages_skip_build_finished=False, packages_select_test_failures=False, packages_skip_test_passed=False, packages_select=['particle_filter_node'], packages_skip=None, packages_select_regex=None, packages_skip_regex=None, packages_start=None, packages_end=None, cmake_args=None, cmake_target=None, cmake_target_skip_unavailable=False, cmake_clean_cache=False, cmake_clean_first=False, cmake_force_configure=False, ament_cmake_args=None, catkin_cmake_args=None, catkin_skip_building_tests=False, verb_parser=<colcon_defaults.argument_parser.defaults.DefaultArgumentsDecorator object at 0x7a86a8229070>, verb_extension=<colcon_core.verb.build.BuildVerb object at 0x7a86a8351370>, main=<bound method BuildVerb.main of <colcon_core.verb.build.BuildVerb object at 0x7a86a8351370>>)
[0.251s] Level 1:colcon.colcon_core.package_discovery:discover_packages(colcon_meta) check parameters
[0.251s] Level 1:colcon.colcon_core.package_discovery:discover_packages(recursive) check parameters
[0.251s] Level 1:colcon.colcon_core.package_discovery:discover_packages(ignore) check parameters
[0.252s] Level 1:colcon.colcon_core.package_discovery:discover_packages(path) check parameters
[0.252s] Level 1:colcon.colcon_core.package_discovery:discover_packages(colcon_meta) discover
[0.252s] Level 1:colcon.colcon_core.package_discovery:discover_packages(recursive) discover
[0.252s] INFO:colcon.colcon_core.package_discovery:Crawling recursively for packages in '/home/apo/ProLab'
[0.252s] Level 1:colcon.colcon_core.package_identification:_identify(.) by extensions ['ignore', 'ignore_ament_install']
[0.252s] Level 1:colcon.colcon_core.package_identification:_identify(.) by extension 'ignore'
[0.252s] Level 1:colcon.colcon_core.package_identification:_identify(.) by extension 'ignore_ament_install'
[0.252s] Level 1:colcon.colcon_core.package_identification:_identify(.) by extensions ['colcon_pkg']
[0.252s] Level 1:colcon.colcon_core.package_identification:_identify(.) by extension 'colcon_pkg'
[0.252s] Level 1:colcon.colcon_core.package_identification:_identify(.) by extensions ['colcon_meta']
[0.252s] Level 1:colcon.colcon_core.package_identification:_identify(.) by extension 'colcon_meta'
[0.252s] Level 1:colcon.colcon_core.package_identification:_identify(.) by extensions ['ros']
[0.252s] Level 1:colcon.colcon_core.package_identification:_identify(.) by extension 'ros'
[0.286s] DEBUG:colcon.colcon_core.package_identification:Package '.' with type 'ros.ament_cmake' and name 'particle_filter_node'
[0.286s] Level 1:colcon.colcon_core.package_discovery:discover_packages(recursive) using defaults
[0.286s] Level 1:colcon.colcon_core.package_discovery:discover_packages(ignore) discover
[0.286s] Level 1:colcon.colcon_core.package_discovery:discover_packages(ignore) using defaults
[0.286s] Level 1:colcon.colcon_core.package_discovery:discover_packages(path) discover
[0.286s] Level 1:colcon.colcon_core.package_discovery:discover_packages(path) using defaults
[0.307s] Level 5:colcon.colcon_core.verb:set package 'particle_filter_node' build argument 'cmake_args' from command line to 'None'
[0.307s] Level 5:colcon.colcon_core.verb:set package 'particle_filter_node' build argument 'cmake_target' from command line to 'None'
[0.307s] Level 5:colcon.colcon_core.verb:set package 'particle_filter_node' build argument 'cmake_target_skip_unavailable' from command line to 'False'
[0.307s] Level 5:colcon.colcon_core.verb:set package 'particle_filter_node' build argument 'cmake_clean_cache' from command line to 'False'
[0.307s] Level 5:colcon.colcon_core.verb:set package 'particle_filter_node' build argument 'cmake_clean_first' from command line to 'False'
[0.307s] Level 5:colcon.colcon_core.verb:set package 'particle_filter_node' build argument 'cmake_force_configure' from command line to 'False'
[0.307s] Level 5:colcon.colcon_core.verb:set package 'particle_filter_node' build argument 'ament_cmake_args' from command line to 'None'
[0.307s] Level 5:colcon.colcon_core.verb:set package 'particle_filter_node' build argument 'catkin_cmake_args' from command line to 'None'
[0.307s] Level 5:colcon.colcon_core.verb:set package 'particle_filter_node' build argument 'catkin_skip_building_tests' from command line to 'False'
[0.307s] DEBUG:colcon.colcon_core.verb:Building package 'particle_filter_node' with the following arguments: {'ament_cmake_args': None, 'build_base': '/home/apo/ProLab/build/particle_filter_node', 'catkin_cmake_args': None, 'catkin_skip_building_tests': False, 'cmake_args': None, 'cmake_clean_cache': False, 'cmake_clean_first': False, 'cmake_force_configure': False, 'cmake_target': None, 'cmake_target_skip_unavailable': False, 'install_base': '/home/apo/ProLab/install/particle_filter_node', 'merge_install': False, 'path': '/home/apo/ProLab', 'symlink_install': False, 'test_result_base': None}
[0.307s] INFO:colcon.colcon_core.executor:Executing jobs using 'parallel' executor
[0.308s] DEBUG:colcon.colcon_parallel_executor.executor.parallel:run_until_complete
[0.308s] INFO:colcon.colcon_ros.task.ament_cmake.build:Building ROS package in '/home/apo/ProLab' with build type 'ament_cmake'
[0.308s] INFO:colcon.colcon_cmake.task.cmake.build:Building CMake package in '/home/apo/ProLab'
[0.315s] INFO:colcon.colcon_core.plugin_system:Skipping extension 'colcon_core.shell.bat': Not used on non-Windows systems
[0.315s] DEBUG:colcon.colcon_core.shell:Skip shell extension 'dsv' for command environment
[0.332s] DEBUG:colcon.colcon_core.event_handler.log_command:Invoking command in '/home/apo/ProLab/build/particle_filter_node': CMAKE_PREFIX_PATH=${CMAKE_PREFIX_PATH}:/opt/ros/jazzy DEBUGINFOD_URLS=https://debuginfod.ubuntu.com /usr/bin/cmake --build /home/apo/ProLab/build/particle_filter_node -- -j12 -l12
[19.718s] DEBUG:colcon.colcon_core.event_handler.log_command:Invoked command in '/home/apo/ProLab/build/particle_filter_node' returned '0': CMAKE_PREFIX_PATH=${CMAKE_PREFIX_PATH}:/opt/ros/jazzy DEBUGINFOD_URLS=https://debuginfod.ubuntu.com /usr/bin/cmake --build /home/apo/ProLab/build/particle_filter_node -- -j12 -l12
[19.728s] DEBUG:colcon.colcon_core.event_handler.log_command:Invoking command in '/home/apo/ProLab/build/particle_filter_node': CMAKE_PREFIX_PATH=${CMAKE_PREFIX_PATH}:/opt/ros/jazzy DEBUGINFOD_URLS=https://debuginfod.ubuntu.com /usr/bin/cmake --install /home/apo/ProLab/build/particle_filter_node
[19.775s] Level 1:colcon.colcon_core.environment:create_environment_scripts_only(particle_filter_node)
[19.775s] DEBUG:colcon.colcon_core.event_handler.log_command:Invoked command in '/home/apo/ProLab/build/particle_filter_node' returned '0': CMAKE_PREFIX_PATH=${CMAKE_PREFIX_PATH}:/opt/ros/jazzy DEBUGINFOD_URLS=https://debuginfod.ubuntu.com /usr/bin/cmake --install /home/apo/ProLab/build/particle_filter_node
[19.783s] Level 1:colcon.colcon_core.environment:checking '/home/apo/ProLab/install/particle_filter_node' for CMake module files
[19.783s] Level 1:colcon.colcon_core.environment:checking '/home/apo/ProLab/install/particle_filter_node' for CMake config files
[19.783s] Level 1:colcon.colcon_core.shell:create_environment_hook('particle_filter_node', 'cmake_prefix_path')
[19.784s] INFO:colcon.colcon_core.shell:Creating environment descriptor '/home/apo/ProLab/install/particle_filter_node/share/particle_filter_node/hook/cmake_prefix_path.dsv'
[19.784s] INFO:colcon.colcon_core.shell:Creating environment hook '/home/apo/ProLab/install/particle_filter_node/share/particle_filter_node/hook/cmake_prefix_path.sh'
[19.786s] Level 1:colcon.colcon_core.environment:checking '/home/apo/ProLab/install/particle_filter_node/lib'
[19.786s] Level 1:colcon.colcon_core.environment:checking '/home/apo/ProLab/install/particle_filter_node/bin'
[19.786s] Level 1:colcon.colcon_core.environment:checking '/home/apo/ProLab/install/particle_filter_node/lib/pkgconfig/particle_filter_node.pc'
[19.788s] Level 1:colcon.colcon_core.environment:checking '/home/apo/ProLab/install/particle_filter_node/lib/python3.12/site-packages'
[19.788s] Level 1:colcon.colcon_core.environment:checking '/home/apo/ProLab/install/particle_filter_node/bin'
[19.788s] INFO:colcon.colcon_core.shell:Creating package descriptor '/home/apo/ProLab/install/particle_filter_node/share/particle_filter_node/package.dsv'
[19.789s] INFO:colcon.colcon_core.shell:Creating package script '/home/apo/ProLab/install/particle_filter_node/share/particle_filter_node/package.sh'
[19.790s] INFO:colcon.colcon_core.shell:Creating package script '/home/apo/ProLab/install/particle_filter_node/share/particle_filter_node/package.bash'
[19.792s] INFO:colcon.colcon_core.shell:Creating package script '/home/apo/ProLab/install/particle_filter_node/share/particle_filter_node/package.zsh'
[19.793s] Level 1:colcon.colcon_core.environment:create_file_with_runtime_dependencies(/home/apo/ProLab/install/particle_filter_node/share/colcon-core/packages/particle_filter_node)
[19.794s] Level 1:colcon.colcon_core.environment:create_environment_scripts_only(particle_filter_node)
[19.794s] Level 1:colcon.colcon_core.environment:checking '/home/apo/ProLab/install/particle_filter_node' for CMake module files
[19.794s] Level 1:colcon.colcon_core.environment:checking '/home/apo/ProLab/install/particle_filter_node' for CMake config files
[19.794s] Level 1:colcon.colcon_core.shell:create_environment_hook('particle_filter_node', 'cmake_prefix_path')
[19.795s] INFO:colcon.colcon_core.shell:Creating environment descriptor '/home/apo/ProLab/install/particle_filter_node/share/particle_filter_node/hook/cmake_prefix_path.dsv'
[19.795s] INFO:colcon.colcon_core.shell:Creating environment hook '/home/apo/ProLab/install/particle_filter_node/share/particle_filter_node/hook/cmake_prefix_path.sh'
[19.796s] Level 1:colcon.colcon_core.environment:checking '/home/apo/ProLab/install/particle_filter_node/lib'
[19.796s] Level 1:colcon.colcon_core.environment:checking '/home/apo/ProLab/install/particle_filter_node/bin'
[19.796s] Level 1:colcon.colcon_core.environment:checking '/home/apo/ProLab/install/particle_filter_node/lib/pkgconfig/particle_filter_node.pc'
[19.796s] Level 1:colcon.colcon_core.environment:checking '/home/apo/ProLab/install/particle_filter_node/lib/python3.12/site-packages'
[19.796s] Level 1:colcon.colcon_core.environment:checking '/home/apo/ProLab/install/particle_filter_node/bin'
[19.796s] INFO:colcon.colcon_core.shell:Creating package descriptor '/home/apo/ProLab/install/particle_filter_node/share/particle_filter_node/package.dsv'
[19.796s] INFO:colcon.colcon_core.shell:Creating package script '/home/apo/ProLab/install/particle_filter_node/share/particle_filter_node/package.sh'
[19.797s] INFO:colcon.colcon_core.shell:Creating package script '/home/apo/ProLab/install/particle_filter_node/share/particle_filter_node/package.bash'
[19.798s] INFO:colcon.colcon_core.shell:Creating package script '/home/apo/ProLab/install/particle_filter_node/share/particle_filter_node/package.zsh'
[19.798s] Level 1:colcon.colcon_core.environment:create_file_with_runtime_dependencies(/home/apo/ProLab/install/particle_filter_node/share/colcon-core/packages/particle_filter_node)
[19.799s] DEBUG:colcon.colcon_parallel_executor.executor.parallel:closing loop
[19.799s] DEBUG:colcon.colcon_parallel_executor.executor.parallel:loop closed
[19.800s] DEBUG:colcon.colcon_parallel_executor.executor.parallel:run_until_complete finished with '0'
[19.800s] DEBUG:colcon.colcon_core.event_reactor:joining thread
[19.807s] INFO:colcon.colcon_core.plugin_system:Skipping extension 'colcon_notification.desktop_notification.terminal_notifier': Not used on non-Darwin systems
[19.807s] INFO:colcon.colcon_core.plugin_system:Skipping extension 'colcon_notification.desktop_notification.win32': Not used on non-Windows systems
[19.807s] INFO:colcon.colcon_notification.desktop_notification:Sending desktop notification using 'notify2'
[19.822s] DEBUG:colcon.colcon_core.event_reactor:joined thread
[19.823s] INFO:colcon.colcon_core.shell:Creating prefix script '/home/apo/ProLab/install/local_setup.sh'
[19.824s] INFO:colcon.colcon_core.shell:Creating prefix util module '/home/apo/ProLab/install/_local_setup_util_sh.py'
[19.828s] INFO:colcon.colcon_core.shell:Creating prefix chain script '/home/apo/ProLab/install/setup.sh'
[19.829s] INFO:colcon.colcon_core.shell:Creating prefix script '/home/apo/ProLab/install/local_setup.bash'
[19.831s] INFO:colcon.colcon_core.shell:Creating prefix chain script '/home/apo/ProLab/install/setup.bash'
[19.832s] INFO:colcon.colcon_core.shell:Creating prefix script '/home/apo/ProLab/install/local_setup.zsh'
[19.833s] INFO:colcon.colcon_core.shell:Creating prefix chain script '/home/apo/ProLab/install/setup.zsh'
