[0.012s] Invoking command in '/home/apo/ProLab/build/particle_filter_node': CMAKE_PREFIX_PATH=${CMAKE_PREFIX_PATH}:/opt/ros/jazzy DEBUGINFOD_URLS=https://debuginfod.ubuntu.com /usr/bin/cmake --build /home/apo/ProLab/build/particle_filter_node -- -j12 -l12
[0.070s] [ 33%] Built target pf_node
[0.070s] [ 66%] Built target kf_node
[0.070s] [ 83%] [32mBuilding CXX object CMakeFiles/ekf_node.dir/src/ekf.cpp.o[0m
[16.652s] [100%] [32m[1mLinking CXX executable ekf_node[0m
[17.276s] [100%] Built target ekf_node
[17.289s] Invoked command in '/home/apo/ProLab/build/particle_filter_node' returned '0': CMAKE_PREFIX_PATH=${CMAKE_PREFIX_PATH}:/opt/ros/jazzy DEBUGINFOD_URLS=https://debuginfod.ubuntu.com /usr/bin/cmake --build /home/apo/ProLab/build/particle_filter_node -- -j12 -l12
[17.299s] Invoking command in '/home/apo/ProLab/build/particle_filter_node': CMAKE_PREFIX_PATH=${CMAKE_PREFIX_PATH}:/opt/ros/jazzy DEBUGINFOD_URLS=https://debuginfod.ubuntu.com /usr/bin/cmake --install /home/apo/ProLab/build/particle_filter_node
[17.308s] -- Install configuration: ""
[17.309s] -- Up-to-date: /home/apo/ProLab/install/particle_filter_node/lib/particle_filter_node/pf_node
[17.309s] -- Up-to-date: /home/apo/ProLab/install/particle_filter_node/lib/particle_filter_node/kf_node
[17.309s] -- Installing: /home/apo/ProLab/install/particle_filter_node/lib/particle_filter_node/ekf_node
[17.330s] -- Set non-toolchain portion of runtime path of "/home/apo/ProLab/install/particle_filter_node/lib/particle_filter_node/ekf_node" to ""
[17.331s] -- Up-to-date: /home/apo/ProLab/install/particle_filter_node/share/particle_filter_node//launch
[17.331s] -- Up-to-date: /home/apo/ProLab/install/particle_filter_node/share/particle_filter_node//launch/start.launch.py
[17.331s] -- Up-to-date: /home/apo/ProLab/install/particle_filter_node/share/particle_filter_node//config
[17.331s] -- Up-to-date: /home/apo/ProLab/install/particle_filter_node/share/particle_filter_node//config/filter_params.yaml
[17.331s] -- Up-to-date: /home/apo/ProLab/install/particle_filter_node/share/ament_index/resource_index/package_run_dependencies/particle_filter_node
[17.331s] -- Up-to-date: /home/apo/ProLab/install/particle_filter_node/share/ament_index/resource_index/parent_prefix_path/particle_filter_node
[17.331s] -- Up-to-date: /home/apo/ProLab/install/particle_filter_node/share/particle_filter_node/environment/ament_prefix_path.sh
[17.331s] -- Up-to-date: /home/apo/ProLab/install/particle_filter_node/share/particle_filter_node/environment/ament_prefix_path.dsv
[17.332s] -- Up-to-date: /home/apo/ProLab/install/particle_filter_node/share/particle_filter_node/environment/path.sh
[17.332s] -- Up-to-date: /home/apo/ProLab/install/particle_filter_node/share/particle_filter_node/environment/path.dsv
[17.332s] -- Up-to-date: /home/apo/ProLab/install/particle_filter_node/share/particle_filter_node/local_setup.bash
[17.332s] -- Up-to-date: /home/apo/ProLab/install/particle_filter_node/share/particle_filter_node/local_setup.sh
[17.332s] -- Up-to-date: /home/apo/ProLab/install/particle_filter_node/share/particle_filter_node/local_setup.zsh
[17.332s] -- Up-to-date: /home/apo/ProLab/install/particle_filter_node/share/particle_filter_node/local_setup.dsv
[17.332s] -- Installing: /home/apo/ProLab/install/particle_filter_node/share/particle_filter_node/package.dsv
[17.332s] -- Up-to-date: /home/apo/ProLab/install/particle_filter_node/share/ament_index/resource_index/packages/particle_filter_node
[17.332s] -- Up-to-date: /home/apo/ProLab/install/particle_filter_node/share/particle_filter_node/cmake/particle_filter_nodeConfig.cmake
[17.332s] -- Up-to-date: /home/apo/ProLab/install/particle_filter_node/share/particle_filter_node/cmake/particle_filter_nodeConfig-version.cmake
[17.333s] -- Up-to-date: /home/apo/ProLab/install/particle_filter_node/share/particle_filter_node/package.xml
[17.333s] Invoked command in '/home/apo/ProLab/build/particle_filter_node' returned '0': CMAKE_PREFIX_PATH=${CMAKE_PREFIX_PATH}:/opt/ros/jazzy DEBUGINFOD_URLS=https://debuginfod.ubuntu.com /usr/bin/cmake --install /home/apo/ProLab/build/particle_filter_node
