[0.111s] DEBUG:colcon:Command line arguments: ['/usr/bin/colcon', 'build', '--packages-select', 'particle_filter_node']
[0.111s] DEBUG:colcon:Parsed command line arguments: Namespace(log_base=None, log_level=None, verb_name='build', build_base='build', install_base='install', merge_install=False, symlink_install=False, test_result_base=None, continue_on_error=False, executor='parallel', parallel_workers=12, event_handlers=None, ignore_user_meta=False, metas=['./colcon.meta'], base_paths=['.'], packages_ignore=None, packages_ignore_regex=None, paths=None, packages_up_to=None, packages_up_to_regex=None, packages_above=None, packages_above_and_dependencies=None, packages_above_depth=None, packages_select_by_dep=None, packages_skip_by_dep=None, packages_skip_up_to=None, packages_select_build_failed=False, packages_skip_build_finished=False, packages_select_test_failures=False, packages_skip_test_passed=False, packages_select=['particle_filter_node'], packages_skip=None, packages_select_regex=None, packages_skip_regex=None, packages_start=None, packages_end=None, cmake_args=None, cmake_target=None, cmake_target_skip_unavailable=False, cmake_clean_cache=False, cmake_clean_first=False, cmake_force_configure=False, ament_cmake_args=None, catkin_cmake_args=None, catkin_skip_building_tests=False, verb_parser=<colcon_defaults.argument_parser.defaults.DefaultArgumentsDecorator object at 0x7fbc68818740>, verb_extension=<colcon_core.verb.build.BuildVerb object at 0x7fbc68941400>, main=<bound method BuildVerb.main of <colcon_core.verb.build.BuildVerb object at 0x7fbc68941400>>)
[0.154s] Level 1:colcon.colcon_core.package_discovery:discover_packages(colcon_meta) check parameters
[0.154s] Level 1:colcon.colcon_core.package_discovery:discover_packages(recursive) check parameters
[0.154s] Level 1:colcon.colcon_core.package_discovery:discover_packages(ignore) check parameters
[0.154s] Level 1:colcon.colcon_core.package_discovery:discover_packages(path) check parameters
[0.154s] Level 1:colcon.colcon_core.package_discovery:discover_packages(colcon_meta) discover
[0.154s] Level 1:colcon.colcon_core.package_discovery:discover_packages(recursive) discover
[0.154s] INFO:colcon.colcon_core.package_discovery:Crawling recursively for packages in '/home/apo/ProLab'
[0.154s] Level 1:colcon.colcon_core.package_identification:_identify(.) by extensions ['ignore', 'ignore_ament_install']
[0.154s] Level 1:colcon.colcon_core.package_identification:_identify(.) by extension 'ignore'
[0.154s] Level 1:colcon.colcon_core.package_identification:_identify(.) by extension 'ignore_ament_install'
[0.155s] Level 1:colcon.colcon_core.package_identification:_identify(.) by extensions ['colcon_pkg']
[0.155s] Level 1:colcon.colcon_core.package_identification:_identify(.) by extension 'colcon_pkg'
[0.155s] Level 1:colcon.colcon_core.package_identification:_identify(.) by extensions ['colcon_meta']
[0.155s] Level 1:colcon.colcon_core.package_identification:_identify(.) by extension 'colcon_meta'
[0.155s] Level 1:colcon.colcon_core.package_identification:_identify(.) by extensions ['ros']
[0.155s] Level 1:colcon.colcon_core.package_identification:_identify(.) by extension 'ros'
[0.185s] DEBUG:colcon.colcon_core.package_identification:Package '.' with type 'ros.ament_cmake' and name 'particle_filter_node'
[0.185s] Level 1:colcon.colcon_core.package_discovery:discover_packages(recursive) using defaults
[0.185s] Level 1:colcon.colcon_core.package_discovery:discover_packages(ignore) discover
[0.185s] Level 1:colcon.colcon_core.package_discovery:discover_packages(ignore) using defaults
[0.185s] Level 1:colcon.colcon_core.package_discovery:discover_packages(path) discover
[0.186s] Level 1:colcon.colcon_core.package_discovery:discover_packages(path) using defaults
[0.204s] Level 5:colcon.colcon_core.verb:set package 'particle_filter_node' build argument 'cmake_args' from command line to 'None'
[0.204s] Level 5:colcon.colcon_core.verb:set package 'particle_filter_node' build argument 'cmake_target' from command line to 'None'
[0.204s] Level 5:colcon.colcon_core.verb:set package 'particle_filter_node' build argument 'cmake_target_skip_unavailable' from command line to 'False'
[0.204s] Level 5:colcon.colcon_core.verb:set package 'particle_filter_node' build argument 'cmake_clean_cache' from command line to 'False'
[0.204s] Level 5:colcon.colcon_core.verb:set package 'particle_filter_node' build argument 'cmake_clean_first' from command line to 'False'
[0.204s] Level 5:colcon.colcon_core.verb:set package 'particle_filter_node' build argument 'cmake_force_configure' from command line to 'False'
[0.204s] Level 5:colcon.colcon_core.verb:set package 'particle_filter_node' build argument 'ament_cmake_args' from command line to 'None'
[0.204s] Level 5:colcon.colcon_core.verb:set package 'particle_filter_node' build argument 'catkin_cmake_args' from command line to 'None'
[0.204s] Level 5:colcon.colcon_core.verb:set package 'particle_filter_node' build argument 'catkin_skip_building_tests' from command line to 'False'
[0.204s] DEBUG:colcon.colcon_core.verb:Building package 'particle_filter_node' with the following arguments: {'ament_cmake_args': None, 'build_base': '/home/apo/ProLab/build/particle_filter_node', 'catkin_cmake_args': None, 'catkin_skip_building_tests': False, 'cmake_args': None, 'cmake_clean_cache': False, 'cmake_clean_first': False, 'cmake_force_configure': False, 'cmake_target': None, 'cmake_target_skip_unavailable': False, 'install_base': '/home/apo/ProLab/install/particle_filter_node', 'merge_install': False, 'path': '/home/apo/ProLab', 'symlink_install': False, 'test_result_base': None}
[0.204s] INFO:colcon.colcon_core.executor:Executing jobs using 'parallel' executor
[0.205s] DEBUG:colcon.colcon_parallel_executor.executor.parallel:run_until_complete
[0.205s] INFO:colcon.colcon_ros.task.ament_cmake.build:Building ROS package in '/home/apo/ProLab' with build type 'ament_cmake'
[0.206s] INFO:colcon.colcon_cmake.task.cmake.build:Building CMake package in '/home/apo/ProLab'
[0.208s] INFO:colcon.colcon_core.plugin_system:Skipping extension 'colcon_core.shell.bat': Not used on non-Windows systems
[0.208s] DEBUG:colcon.colcon_core.shell:Skip shell extension 'dsv' for command environment
[0.209s] WARNING:colcon.colcon_ros.prefix_path.ament:The path '/home/apo/ProLab/install/particle_filter_node' in the environment variable AMENT_PREFIX_PATH doesn't exist
[0.209s] WARNING:colcon.colcon_ros.prefix_path.catkin:The path '/home/apo/ProLab/install/particle_filter_node' in the environment variable CMAKE_PREFIX_PATH doesn't exist
[0.219s] DEBUG:colcon.colcon_core.event_handler.log_command:Invoking command in '/home/apo/ProLab/build/particle_filter_node': CMAKE_PREFIX_PATH=${CMAKE_PREFIX_PATH}:/opt/ros/jazzy DEBUGINFOD_URLS=https://debuginfod.ubuntu.com /usr/bin/cmake /home/apo/ProLab -DCMAKE_INSTALL_PREFIX=/home/apo/ProLab/install/particle_filter_node
[2.148s] DEBUG:colcon.colcon_core.event_handler.log_command:Invoked command in '/home/apo/ProLab/build/particle_filter_node' returned '0': CMAKE_PREFIX_PATH=${CMAKE_PREFIX_PATH}:/opt/ros/jazzy DEBUGINFOD_URLS=https://debuginfod.ubuntu.com /usr/bin/cmake /home/apo/ProLab -DCMAKE_INSTALL_PREFIX=/home/apo/ProLab/install/particle_filter_node
[2.149s] DEBUG:colcon.colcon_core.event_handler.log_command:Invoking command in '/home/apo/ProLab/build/particle_filter_node': CMAKE_PREFIX_PATH=${CMAKE_PREFIX_PATH}:/opt/ros/jazzy DEBUGINFOD_URLS=https://debuginfod.ubuntu.com /usr/bin/cmake --build /home/apo/ProLab/build/particle_filter_node -- -j12 -l12
[29.371s] DEBUG:colcon.colcon_core.event_handler.log_command:Invoked command in '/home/apo/ProLab/build/particle_filter_node' returned '0': CMAKE_PREFIX_PATH=${CMAKE_PREFIX_PATH}:/opt/ros/jazzy DEBUGINFOD_URLS=https://debuginfod.ubuntu.com /usr/bin/cmake --build /home/apo/ProLab/build/particle_filter_node -- -j12 -l12
[29.387s] DEBUG:colcon.colcon_core.event_handler.log_command:Invoking command in '/home/apo/ProLab/build/particle_filter_node': CMAKE_PREFIX_PATH=${CMAKE_PREFIX_PATH}:/opt/ros/jazzy DEBUGINFOD_URLS=https://debuginfod.ubuntu.com /usr/bin/cmake --install /home/apo/ProLab/build/particle_filter_node
[29.455s] Level 1:colcon.colcon_core.environment:create_environment_scripts_only(particle_filter_node)
[29.456s] DEBUG:colcon.colcon_core.event_handler.log_command:Invoked command in '/home/apo/ProLab/build/particle_filter_node' returned '0': CMAKE_PREFIX_PATH=${CMAKE_PREFIX_PATH}:/opt/ros/jazzy DEBUGINFOD_URLS=https://debuginfod.ubuntu.com /usr/bin/cmake --install /home/apo/ProLab/build/particle_filter_node
[29.459s] Level 1:colcon.colcon_core.environment:checking '/home/apo/ProLab/install/particle_filter_node' for CMake module files
[29.459s] Level 1:colcon.colcon_core.environment:checking '/home/apo/ProLab/install/particle_filter_node' for CMake config files
[29.460s] Level 1:colcon.colcon_core.shell:create_environment_hook('particle_filter_node', 'cmake_prefix_path')
[29.460s] INFO:colcon.colcon_core.shell:Creating environment descriptor '/home/apo/ProLab/install/particle_filter_node/share/particle_filter_node/hook/cmake_prefix_path.dsv'
[29.460s] INFO:colcon.colcon_core.shell:Creating environment hook '/home/apo/ProLab/install/particle_filter_node/share/particle_filter_node/hook/cmake_prefix_path.sh'
[29.461s] Level 1:colcon.colcon_core.environment:checking '/home/apo/ProLab/install/particle_filter_node/lib'
[29.462s] Level 1:colcon.colcon_core.environment:checking '/home/apo/ProLab/install/particle_filter_node/bin'
[29.462s] Level 1:colcon.colcon_core.environment:checking '/home/apo/ProLab/install/particle_filter_node/lib/pkgconfig/particle_filter_node.pc'
[29.464s] Level 1:colcon.colcon_core.environment:checking '/home/apo/ProLab/install/particle_filter_node/lib/python3.12/site-packages'
[29.464s] Level 1:colcon.colcon_core.environment:checking '/home/apo/ProLab/install/particle_filter_node/bin'
[29.464s] INFO:colcon.colcon_core.shell:Creating package descriptor '/home/apo/ProLab/install/particle_filter_node/share/particle_filter_node/package.dsv'
[29.465s] INFO:colcon.colcon_core.shell:Creating package script '/home/apo/ProLab/install/particle_filter_node/share/particle_filter_node/package.sh'
[29.466s] INFO:colcon.colcon_core.shell:Creating package script '/home/apo/ProLab/install/particle_filter_node/share/particle_filter_node/package.bash'
[29.466s] INFO:colcon.colcon_core.shell:Creating package script '/home/apo/ProLab/install/particle_filter_node/share/particle_filter_node/package.zsh'
[29.467s] Level 1:colcon.colcon_core.environment:create_file_with_runtime_dependencies(/home/apo/ProLab/install/particle_filter_node/share/colcon-core/packages/particle_filter_node)
[29.468s] Level 1:colcon.colcon_core.environment:create_environment_scripts_only(particle_filter_node)
[29.468s] Level 1:colcon.colcon_core.environment:checking '/home/apo/ProLab/install/particle_filter_node' for CMake module files
[29.469s] Level 1:colcon.colcon_core.environment:checking '/home/apo/ProLab/install/particle_filter_node' for CMake config files
[29.469s] Level 1:colcon.colcon_core.shell:create_environment_hook('particle_filter_node', 'cmake_prefix_path')
[29.469s] INFO:colcon.colcon_core.shell:Creating environment descriptor '/home/apo/ProLab/install/particle_filter_node/share/particle_filter_node/hook/cmake_prefix_path.dsv'
[29.469s] INFO:colcon.colcon_core.shell:Creating environment hook '/home/apo/ProLab/install/particle_filter_node/share/particle_filter_node/hook/cmake_prefix_path.sh'
[29.470s] Level 1:colcon.colcon_core.environment:checking '/home/apo/ProLab/install/particle_filter_node/lib'
[29.470s] Level 1:colcon.colcon_core.environment:checking '/home/apo/ProLab/install/particle_filter_node/bin'
[29.470s] Level 1:colcon.colcon_core.environment:checking '/home/apo/ProLab/install/particle_filter_node/lib/pkgconfig/particle_filter_node.pc'
[29.471s] Level 1:colcon.colcon_core.environment:checking '/home/apo/ProLab/install/particle_filter_node/lib/python3.12/site-packages'
[29.471s] Level 1:colcon.colcon_core.environment:checking '/home/apo/ProLab/install/particle_filter_node/bin'
[29.471s] INFO:colcon.colcon_core.shell:Creating package descriptor '/home/apo/ProLab/install/particle_filter_node/share/particle_filter_node/package.dsv'
[29.472s] INFO:colcon.colcon_core.shell:Creating package script '/home/apo/ProLab/install/particle_filter_node/share/particle_filter_node/package.sh'
[29.472s] INFO:colcon.colcon_core.shell:Creating package script '/home/apo/ProLab/install/particle_filter_node/share/particle_filter_node/package.bash'
[29.473s] INFO:colcon.colcon_core.shell:Creating package script '/home/apo/ProLab/install/particle_filter_node/share/particle_filter_node/package.zsh'
[29.474s] Level 1:colcon.colcon_core.environment:create_file_with_runtime_dependencies(/home/apo/ProLab/install/particle_filter_node/share/colcon-core/packages/particle_filter_node)
[29.474s] DEBUG:colcon.colcon_parallel_executor.executor.parallel:closing loop
[29.474s] DEBUG:colcon.colcon_parallel_executor.executor.parallel:loop closed
[29.475s] DEBUG:colcon.colcon_parallel_executor.executor.parallel:run_until_complete finished with '0'
[29.475s] DEBUG:colcon.colcon_core.event_reactor:joining thread
[29.487s] INFO:colcon.colcon_core.plugin_system:Skipping extension 'colcon_notification.desktop_notification.terminal_notifier': Not used on non-Darwin systems
[29.487s] INFO:colcon.colcon_core.plugin_system:Skipping extension 'colcon_notification.desktop_notification.win32': Not used on non-Windows systems
[29.487s] INFO:colcon.colcon_notification.desktop_notification:Sending desktop notification using 'notify2'
[29.503s] DEBUG:colcon.colcon_core.event_reactor:joined thread
[29.504s] INFO:colcon.colcon_core.shell:Creating prefix script '/home/apo/ProLab/install/local_setup.sh'
[29.504s] INFO:colcon.colcon_core.shell:Creating prefix util module '/home/apo/ProLab/install/_local_setup_util_sh.py'
[29.506s] INFO:colcon.colcon_core.shell:Creating prefix chain script '/home/apo/ProLab/install/setup.sh'
[29.507s] INFO:colcon.colcon_core.shell:Creating prefix script '/home/apo/ProLab/install/local_setup.bash'
[29.508s] INFO:colcon.colcon_core.shell:Creating prefix chain script '/home/apo/ProLab/install/setup.bash'
[29.509s] INFO:colcon.colcon_core.shell:Creating prefix script '/home/apo/ProLab/install/local_setup.zsh'
[29.509s] INFO:colcon.colcon_core.shell:Creating prefix chain script '/home/apo/ProLab/install/setup.zsh'
