[0.165s] Invoking command in '/home/apo/turtlebot3_localization_project/build/turtlebot3_localization': CMAKE_PREFIX_PATH=${CMAKE_PREFIX_PATH}:/opt/ros/jazzy DEBUGINFOD_URLS=https://debuginfod.ubuntu.com /usr/bin/cmake --build /home/apo/turtlebot3_localization_project/build/turtlebot3_localization -- -j12 -l12
[1.213s] [ 33%] [32mBuilding CXX object CMakeFiles/main_filter_node.dir/src/main_filter_node.cpp.o[0m
[53.338s] [ 66%] [32m[1mLinking CXX executable main_filter_node[0m
[54.076s] [100%] Built target main_filter_node
[54.090s] Invoked command in '/home/apo/turtlebot3_localization_project/build/turtlebot3_localization' returned '0': CMAKE_PREFIX_PATH=${CMAKE_PREFIX_PATH}:/opt/ros/jazzy DEBUGINFOD_URLS=https://debuginfod.ubuntu.com /usr/bin/cmake --build /home/apo/turtlebot3_localization_project/build/turtlebot3_localization -- -j12 -l12
[54.103s] Invoking command in '/home/apo/turtlebot3_localization_project/build/turtlebot3_localization': CMAKE_PREFIX_PATH=${CMAKE_PREFIX_PATH}:/opt/ros/jazzy DEBUGINFOD_URLS=https://debuginfod.ubuntu.com /usr/bin/cmake --install /home/apo/turtlebot3_localization_project/build/turtlebot3_localization
[54.113s] -- Install configuration: ""
[54.113s] -- Installing: /home/apo/turtlebot3_localization_project/install/turtlebot3_localization/lib/turtlebot3_localization/main_filter_node
[54.126s] -- Set non-toolchain portion of runtime path of "/home/apo/turtlebot3_localization_project/install/turtlebot3_localization/lib/turtlebot3_localization/main_filter_node" to ""
[54.127s] -- Up-to-date: /home/apo/turtlebot3_localization_project/install/turtlebot3_localization/share/turtlebot3_localization//launch
[54.127s] -- Up-to-date: /home/apo/turtlebot3_localization_project/install/turtlebot3_localization/share/turtlebot3_localization//launch/waypoints.launch.py
[54.127s] -- Up-to-date: /home/apo/turtlebot3_localization_project/install/turtlebot3_localization/share/turtlebot3_localization//launch/start_sim_with_nav2.launch.py
[54.127s] -- Up-to-date: /home/apo/turtlebot3_localization_project/install/turtlebot3_localization/share/turtlebot3_localization//launch/kalman_filter_test.launch.py
[54.127s] -- Up-to-date: /home/apo/turtlebot3_localization_project/install/turtlebot3_localization/share/turtlebot3_localization//launch/start_sim.launch.py
[54.127s] -- Up-to-date: /home/apo/turtlebot3_localization_project/install/turtlebot3_localization/share/turtlebot3_localization//config
[54.127s] -- Up-to-date: /home/apo/turtlebot3_localization_project/install/turtlebot3_localization/share/turtlebot3_localization//config/filter_params.yaml
[54.128s] -- Up-to-date: /home/apo/turtlebot3_localization_project/install/turtlebot3_localization/share/turtlebot3_localization//maps
[54.128s] -- Up-to-date: /home/apo/turtlebot3_localization_project/install/turtlebot3_localization/share/turtlebot3_localization//maps/map.yaml
[54.128s] -- Up-to-date: /home/apo/turtlebot3_localization_project/install/turtlebot3_localization/share/turtlebot3_localization//rviz
[54.128s] -- Up-to-date: /home/apo/turtlebot3_localization_project/install/turtlebot3_localization/share/turtlebot3_localization//rviz/rviz_config.rviz
[54.128s] -- Up-to-date: /home/apo/turtlebot3_localization_project/install/turtlebot3_localization/share/ament_index/resource_index/package_run_dependencies/turtlebot3_localization
[54.128s] -- Up-to-date: /home/apo/turtlebot3_localization_project/install/turtlebot3_localization/share/ament_index/resource_index/parent_prefix_path/turtlebot3_localization
[54.128s] -- Up-to-date: /home/apo/turtlebot3_localization_project/install/turtlebot3_localization/share/turtlebot3_localization/environment/ament_prefix_path.sh
[54.128s] -- Up-to-date: /home/apo/turtlebot3_localization_project/install/turtlebot3_localization/share/turtlebot3_localization/environment/ament_prefix_path.dsv
[54.129s] -- Up-to-date: /home/apo/turtlebot3_localization_project/install/turtlebot3_localization/share/turtlebot3_localization/environment/path.sh
[54.129s] -- Up-to-date: /home/apo/turtlebot3_localization_project/install/turtlebot3_localization/share/turtlebot3_localization/environment/path.dsv
[54.129s] -- Up-to-date: /home/apo/turtlebot3_localization_project/install/turtlebot3_localization/share/turtlebot3_localization/local_setup.bash
[54.129s] -- Up-to-date: /home/apo/turtlebot3_localization_project/install/turtlebot3_localization/share/turtlebot3_localization/local_setup.sh
[54.129s] -- Up-to-date: /home/apo/turtlebot3_localization_project/install/turtlebot3_localization/share/turtlebot3_localization/local_setup.zsh
[54.129s] -- Up-to-date: /home/apo/turtlebot3_localization_project/install/turtlebot3_localization/share/turtlebot3_localization/local_setup.dsv
[54.129s] -- Installing: /home/apo/turtlebot3_localization_project/install/turtlebot3_localization/share/turtlebot3_localization/package.dsv
[54.129s] -- Up-to-date: /home/apo/turtlebot3_localization_project/install/turtlebot3_localization/share/ament_index/resource_index/packages/turtlebot3_localization
[54.129s] -- Up-to-date: /home/apo/turtlebot3_localization_project/install/turtlebot3_localization/share/turtlebot3_localization/cmake/turtlebot3_localizationConfig.cmake
[54.129s] -- Up-to-date: /home/apo/turtlebot3_localization_project/install/turtlebot3_localization/share/turtlebot3_localization/cmake/turtlebot3_localizationConfig-version.cmake
[54.130s] -- Up-to-date: /home/apo/turtlebot3_localization_project/install/turtlebot3_localization/share/turtlebot3_localization/package.xml
[54.130s] Invoked command in '/home/apo/turtlebot3_localization_project/build/turtlebot3_localization' returned '0': CMAKE_PREFIX_PATH=${CMAKE_PREFIX_PATH}:/opt/ros/jazzy DEBUGINFOD_URLS=https://debuginfod.ubuntu.com /usr/bin/cmake --install /home/apo/turtlebot3_localization_project/build/turtlebot3_localization
